<?xml version="1.0" encoding="UTF-8"?>
<testsuite xmlns:xsi="http://www.w3.org/2001/XMLSchema-instance" xsi:noNamespaceSchemaLocation="https://maven.apache.org/surefire/maven-surefire-plugin/xsd/surefire-test-report.xsd" name="Login functionality" time="30.717" tests="2" errors="2" skipped="0" failures="0">
  <properties>
    <property name="java.specification.version" value="17"/>
    <property name="webdriver.chrome.driver" value="C:\Users\sagar.bisen\.cache\selenium\chromedriver\win64\126.0.6478.182\chromedriver.exe"/>
    <property name="sun.cpu.isalist" value="amd64"/>
    <property name="sun.jnu.encoding" value="Cp1252"/>
    <property name="java.class.path" value="D:\AI-CopilotDemo\aicopilotdemo\target\test-classes;D:\AI-CopilotDemo\aicopilotdemo\target\classes;C:\Users\sagar.bisen\.m2\repository\org\seleniumhq\selenium\selenium-java\4.14.0\selenium-java-4.14.0.jar;C:\Users\sagar.bisen\.m2\repository\org\seleniumhq\selenium\selenium-api\4.14.0\selenium-api-4.14.0.jar;C:\Users\sagar.bisen\.m2\repository\org\seleniumhq\selenium\selenium-chrome-driver\4.14.0\selenium-chrome-driver-4.14.0.jar;C:\Users\sagar.bisen\.m2\repository\com\google\auto\service\auto-service-annotations\1.1.1\auto-service-annotations-1.1.1.jar;C:\Users\sagar.bisen\.m2\repository\org\seleniumhq\selenium\selenium-chromium-driver\4.14.0\selenium-chromium-driver-4.14.0.jar;C:\Users\sagar.bisen\.m2\repository\org\seleniumhq\selenium\selenium-json\4.14.0\selenium-json-4.14.0.jar;C:\Users\sagar.bisen\.m2\repository\org\seleniumhq\selenium\selenium-manager\4.14.0\selenium-manager-4.14.0.jar;C:\Users\sagar.bisen\.m2\repository\org\seleniumhq\selenium\selenium-devtools-v116\4.14.0\selenium-devtools-v116-4.14.0.jar;C:\Users\sagar.bisen\.m2\repository\org\seleniumhq\selenium\selenium-devtools-v117\4.14.0\selenium-devtools-v117-4.14.0.jar;C:\Users\sagar.bisen\.m2\repository\org\seleniumhq\selenium\selenium-devtools-v118\4.14.0\selenium-devtools-v118-4.14.0.jar;C:\Users\sagar.bisen\.m2\repository\org\seleniumhq\selenium\selenium-devtools-v85\4.14.0\selenium-devtools-v85-4.14.0.jar;C:\Users\sagar.bisen\.m2\repository\org\seleniumhq\selenium\selenium-edge-driver\4.14.0\selenium-edge-driver-4.14.0.jar;C:\Users\sagar.bisen\.m2\repository\org\seleniumhq\selenium\selenium-firefox-driver\4.14.0\selenium-firefox-driver-4.14.0.jar;C:\Users\sagar.bisen\.m2\repository\org\seleniumhq\selenium\selenium-http\4.14.0\selenium-http-4.14.0.jar;C:\Users\sagar.bisen\.m2\repository\dev\failsafe\failsafe\3.3.2\failsafe-3.3.2.jar;C:\Users\sagar.bisen\.m2\repository\org\seleniumhq\selenium\selenium-ie-driver\4.14.0\selenium-ie-driver-4.14.0.jar;C:\Users\sagar.bisen\.m2\repository\org\seleniumhq\selenium\selenium-remote-driver\4.14.0\selenium-remote-driver-4.14.0.jar;C:\Users\sagar.bisen\.m2\repository\io\opentelemetry\opentelemetry-api\1.28.0\opentelemetry-api-1.28.0.jar;C:\Users\sagar.bisen\.m2\repository\io\opentelemetry\opentelemetry-context\1.28.0\opentelemetry-context-1.28.0.jar;C:\Users\sagar.bisen\.m2\repository\io\opentelemetry\opentelemetry-exporter-logging\1.28.0\opentelemetry-exporter-logging-1.28.0.jar;C:\Users\sagar.bisen\.m2\repository\io\opentelemetry\opentelemetry-sdk-metrics\1.28.0\opentelemetry-sdk-metrics-1.28.0.jar;C:\Users\sagar.bisen\.m2\repository\io\opentelemetry\opentelemetry-extension-incubator\1.28.0-alpha\opentelemetry-extension-incubator-1.28.0-alpha.jar;C:\Users\sagar.bisen\.m2\repository\io\opentelemetry\opentelemetry-sdk-logs\1.28.0\opentelemetry-sdk-logs-1.28.0.jar;C:\Users\sagar.bisen\.m2\repository\io\opentelemetry\opentelemetry-sdk-common\1.28.0\opentelemetry-sdk-common-1.28.0.jar;C:\Users\sagar.bisen\.m2\repository\io\opentelemetry\opentelemetry-sdk-extension-autoconfigure-spi\1.28.0\opentelemetry-sdk-extension-autoconfigure-spi-1.28.0.jar;C:\Users\sagar.bisen\.m2\repository\io\opentelemetry\opentelemetry-sdk-extension-autoconfigure\1.28.0\opentelemetry-sdk-extension-autoconfigure-1.28.0.jar;C:\Users\sagar.bisen\.m2\repository\io\opentelemetry\opentelemetry-api-events\1.28.0-alpha\opentelemetry-api-events-1.28.0-alpha.jar;C:\Users\sagar.bisen\.m2\repository\io\opentelemetry\opentelemetry-sdk-trace\1.28.0\opentelemetry-sdk-trace-1.28.0.jar;C:\Users\sagar.bisen\.m2\repository\io\opentelemetry\opentelemetry-sdk\1.28.0\opentelemetry-sdk-1.28.0.jar;C:\Users\sagar.bisen\.m2\repository\io\opentelemetry\opentelemetry-semconv\1.28.0-alpha\opentelemetry-semconv-1.28.0-alpha.jar;C:\Users\sagar.bisen\.m2\repository\net\bytebuddy\byte-buddy\1.14.5\byte-buddy-1.14.5.jar;C:\Users\sagar.bisen\.m2\repository\org\seleniumhq\selenium\selenium-os\4.14.0\selenium-os-4.14.0.jar;C:\Users\sagar.bisen\.m2\repository\org\apache\commons\commons-exec\1.3\commons-exec-1.3.jar;C:\Users\sagar.bisen\.m2\repository\org\seleniumhq\selenium\selenium-safari-driver\4.14.0\selenium-safari-driver-4.14.0.jar;C:\Users\sagar.bisen\.m2\repository\org\seleniumhq\selenium\selenium-support\4.14.0\selenium-support-4.14.0.jar;C:\Users\sagar.bisen\.m2\repository\io\cucumber\cucumber-java\7.6.0\cucumber-java-7.6.0.jar;C:\Users\sagar.bisen\.m2\repository\io\cucumber\cucumber-core\7.6.0\cucumber-core-7.6.0.jar;C:\Users\sagar.bisen\.m2\repository\io\cucumber\cucumber-gherkin\7.6.0\cucumber-gherkin-7.6.0.jar;C:\Users\sagar.bisen\.m2\repository\io\cucumber\cucumber-gherkin-messages\7.6.0\cucumber-gherkin-messages-7.6.0.jar;C:\Users\sagar.bisen\.m2\repository\io\cucumber\tag-expressions\4.1.0\tag-expressions-4.1.0.jar;C:\Users\sagar.bisen\.m2\repository\io\cucumber\cucumber-expressions\16.0.0\cucumber-expressions-16.0.0.jar;C:\Users\sagar.bisen\.m2\repository\io\cucumber\datatable\7.6.0\datatable-7.6.0.jar;C:\Users\sagar.bisen\.m2\repository\io\cucumber\cucumber-plugin\7.6.0\cucumber-plugin-7.6.0.jar;C:\Users\sagar.bisen\.m2\repository\io\cucumber\docstring\7.6.0\docstring-7.6.0.jar;C:\Users\sagar.bisen\.m2\repository\io\cucumber\html-formatter\20.0.0\html-formatter-20.0.0.jar;C:\Users\sagar.bisen\.m2\repository\io\cucumber\ci-environment\9.1.0\ci-environment-9.1.0.jar;C:\Users\sagar.bisen\.m2\repository\org\apiguardian\apiguardian-api\1.1.2\apiguardian-api-1.1.2.jar;C:\Users\sagar.bisen\.m2\repository\asm\asm\3.3.1\asm-3.3.1.jar;C:\Users\sagar.bisen\.m2\repository\org\projectlombok\lombok\1.18.24\lombok-1.18.24.jar;C:\Users\sagar.bisen\.m2\repository\io\cucumber\cucumber-junit\7.6.0\cucumber-junit-7.6.0.jar;C:\Users\sagar.bisen\.m2\repository\junit\junit\4.13.2\junit-4.13.2.jar;C:\Users\sagar.bisen\.m2\repository\org\hamcrest\hamcrest-core\1.3\hamcrest-core-1.3.jar;C:\Users\sagar.bisen\.m2\repository\io\cucumber\cucumber-jvm-deps\1.0.6\cucumber-jvm-deps-1.0.6.jar;C:\Users\sagar.bisen\.m2\repository\net\masterthought\cucumber-reporting\5.7.2\cucumber-reporting-5.7.2.jar;C:\Users\sagar.bisen\.m2\repository\com\fasterxml\jackson\core\jackson-databind\2.13.2.2\jackson-databind-2.13.2.2.jar;C:\Users\sagar.bisen\.m2\repository\com\fasterxml\jackson\datatype\jackson-datatype-jsr310\2.13.2\jackson-datatype-jsr310-2.13.2.jar;C:\Users\sagar.bisen\.m2\repository\org\apache\velocity\velocity-engine-core\2.3\velocity-engine-core-2.3.jar;C:\Users\sagar.bisen\.m2\repository\commons-collections\commons-collections\3.2.2\commons-collections-3.2.2.jar;C:\Users\sagar.bisen\.m2\repository\joda-time\joda-time\2.10.14\joda-time-2.10.14.jar;C:\Users\sagar.bisen\.m2\repository\org\apache\commons\commons-lang3\3.12.0\commons-lang3-3.12.0.jar;C:\Users\sagar.bisen\.m2\repository\commons-io\commons-io\2.7\commons-io-2.7.jar;C:\Users\sagar.bisen\.m2\repository\org\codehaus\plexus\plexus-utils\3.4.2\plexus-utils-3.4.2.jar;C:\Users\sagar.bisen\.m2\repository\org\jsoup\jsoup\1.15.1\jsoup-1.15.1.jar;C:\Users\sagar.bisen\.m2\repository\com\google\guava\guava\31.1-jre\guava-31.1-jre.jar;C:\Users\sagar.bisen\.m2\repository\com\google\guava\failureaccess\1.0.1\failureaccess-1.0.1.jar;C:\Users\sagar.bisen\.m2\repository\com\google\guava\listenablefuture\9999.0-empty-to-avoid-conflict-with-guava\listenablefuture-9999.0-empty-to-avoid-conflict-with-guava.jar;C:\Users\sagar.bisen\.m2\repository\com\google\code\findbugs\jsr305\3.0.2\jsr305-3.0.2.jar;C:\Users\sagar.bisen\.m2\repository\org\checkerframework\checker-qual\3.12.0\checker-qual-3.12.0.jar;C:\Users\sagar.bisen\.m2\repository\com\google\errorprone\error_prone_annotations\2.11.0\error_prone_annotations-2.11.0.jar;C:\Users\sagar.bisen\.m2\repository\com\google\j2objc\j2objc-annotations\1.3\j2objc-annotations-1.3.jar;C:\Users\sagar.bisen\.m2\repository\com\googlecode\owasp-java-html-sanitizer\owasp-java-html-sanitizer\20211018.2\owasp-java-html-sanitizer-20211018.2.jar;C:\Users\sagar.bisen\.m2\repository\commons-configuration\commons-configuration\1.10\commons-configuration-1.10.jar;C:\Users\sagar.bisen\.m2\repository\commons-lang\commons-lang\2.6\commons-lang-2.6.jar;C:\Users\sagar.bisen\.m2\repository\io\cucumber\cucumber-picocontainer\7.6.0\cucumber-picocontainer-7.6.0.jar;C:\Users\sagar.bisen\.m2\repository\org\picocontainer\picocontainer\2.15\picocontainer-2.15.jar;C:\Users\sagar.bisen\.m2\repository\com\vimalselvam\cucumber-extentsreport\3.1.1\cucumber-extentsreport-3.1.1.jar;C:\Users\sagar.bisen\.m2\repository\org\apache\logging\log4j\log4j-api\2.19.0\log4j-api-2.19.0.jar;C:\Users\sagar.bisen\.m2\repository\org\apache\logging\log4j\log4j-core\2.19.0\log4j-core-2.19.0.jar;C:\Users\sagar.bisen\.m2\repository\io\cucumber\gherkin\24.0.0\gherkin-24.0.0.jar;C:\Users\sagar.bisen\.m2\repository\io\cucumber\messages\19.1.4\messages-19.1.4.jar;C:\Users\sagar.bisen\.m2\repository\io\github\bonigarcia\webdrivermanager\5.9.1\webdrivermanager-5.9.1.jar;C:\Users\sagar.bisen\.m2\repository\com\github\docker-java\docker-java\3.3.6\docker-java-3.3.6.jar;C:\Users\sagar.bisen\.m2\repository\com\github\docker-java\docker-java-core\3.3.6\docker-java-core-3.3.6.jar;C:\Users\sagar.bisen\.m2\repository\com\github\docker-java\docker-java-api\3.3.6\docker-java-api-3.3.6.jar;C:\Users\sagar.bisen\.m2\repository\com\github\docker-java\docker-java-transport-httpclient5\3.3.6\docker-java-transport-httpclient5-3.3.6.jar;C:\Users\sagar.bisen\.m2\repository\com\github\docker-java\docker-java-transport\3.3.6\docker-java-transport-3.3.6.jar;C:\Users\sagar.bisen\.m2\repository\net\java\dev\jna\jna\5.13.0\jna-5.13.0.jar;C:\Users\sagar.bisen\.m2\repository\org\brotli\dec\0.1.2\dec-0.1.2.jar;C:\Users\sagar.bisen\.m2\repository\org\apache\commons\commons-compress\1.26.2\commons-compress-1.26.2.jar;C:\Users\sagar.bisen\.m2\repository\org\apache\httpcomponents\client5\httpclient5\5.2.1\httpclient5-5.2.1.jar;C:\Users\sagar.bisen\.m2\repository\org\apache\httpcomponents\core5\httpcore5\5.2\httpcore5-5.2.jar;C:\Users\sagar.bisen\.m2\repository\org\apache\httpcomponents\core5\httpcore5-h2\5.2\httpcore5-h2-5.2.jar;C:\Users\sagar.bisen\.m2\repository\org\aeonbits\owner\owner\1.0.12\owner-1.0.12.jar;C:\Users\sagar.bisen\.m2\repository\org\apache\commons\commons-email\1.5\commons-email-1.5.jar;C:\Users\sagar.bisen\.m2\repository\com\sun\mail\javax.mail\1.6.2\javax.mail-1.6.2.jar;C:\Users\sagar.bisen\.m2\repository\javax\servlet\javax.servlet-api\4.0.1\javax.servlet-api-4.0.1.jar;C:\Users\sagar.bisen\.m2\repository\javax\activation\activation\1.1.1\activation-1.1.1.jar;C:\Users\sagar.bisen\.m2\repository\tech\grasshopper\extentreports-cucumber7-adapter\1.7.0\extentreports-cucumber7-adapter-1.7.0.jar;C:\Users\sagar.bisen\.m2\repository\tech\grasshopper\extent-pdf-report\2.7.0\extent-pdf-report-2.7.0.jar;C:\Users\sagar.bisen\.m2\repository\tech\grasshopper\cucumber-pdf-report\2.10.0\cucumber-pdf-report-2.10.0.jar;C:\Users\sagar.bisen\.m2\repository\org\knowm\xchart\xchart\3.8.0\xchart-3.8.0.jar;C:\Users\sagar.bisen\.m2\repository\de\erichseifert\vectorgraphics2d\VectorGraphics2D\0.13\VectorGraphics2D-0.13.jar;C:\Users\sagar.bisen\.m2\repository\com\madgag\animated-gif-lib\1.4\animated-gif-lib-1.4.jar;C:\Users\sagar.bisen\.m2\repository\org\yaml\snakeyaml\1.28\snakeyaml-1.28.jar;C:\Users\sagar.bisen\.m2\repository\tech\grasshopper\table-layout\1.5.1\table-layout-1.5.1.jar;C:\Users\sagar.bisen\.m2\repository\tech\grasshopper\rest-assured-cucumber-pdf-report\1.4.1\rest-assured-cucumber-pdf-report-1.4.1.jar;C:\Users\sagar.bisen\.m2\repository\com\aventstack\klov-reporter\5.0.9\klov-reporter-5.0.9.jar;C:\Users\sagar.bisen\.m2\repository\org\mongodb\mongodb-driver\3.6.4\mongodb-driver-3.6.4.jar;C:\Users\sagar.bisen\.m2\repository\org\mongodb\mongodb-driver-core\3.6.4\mongodb-driver-core-3.6.4.jar;C:\Users\sagar.bisen\.m2\repository\org\mongodb\bson\3.6.4\bson-3.6.4.jar;C:\Users\sagar.bisen\.m2\repository\tech\grasshopper\htmlextentreporter\1.0.1\htmlextentreporter-1.0.1.jar;C:\Users\sagar.bisen\.m2\repository\com\aventstack\extentreports\5.0.9\extentreports-5.0.9.jar;C:\Users\sagar.bisen\.m2\repository\io\reactivex\rxjava3\rxjava\3.0.4\rxjava-3.0.4.jar;C:\Users\sagar.bisen\.m2\repository\org\reactivestreams\reactive-streams\1.0.3\reactive-streams-1.0.3.jar;C:\Users\sagar.bisen\.m2\repository\org\freemarker\freemarker\2.3.30\freemarker-2.3.30.jar;C:\Users\sagar.bisen\.m2\repository\org\apache\poi\poi\5.0.0\poi-5.0.0.jar;C:\Users\sagar.bisen\.m2\repository\org\slf4j\jcl-over-slf4j\1.7.30\jcl-over-slf4j-1.7.30.jar;C:\Users\sagar.bisen\.m2\repository\commons-codec\commons-codec\1.15\commons-codec-1.15.jar;C:\Users\sagar.bisen\.m2\repository\org\apache\commons\commons-collections4\4.4\commons-collections4-4.4.jar;C:\Users\sagar.bisen\.m2\repository\org\apache\commons\commons-math3\3.6.1\commons-math3-3.6.1.jar;C:\Users\sagar.bisen\.m2\repository\com\zaxxer\SparseBitSet\1.2\SparseBitSet-1.2.jar;C:\Users\sagar.bisen\.m2\repository\org\apache\poi\poi-ooxml\5.0.0\poi-ooxml-5.0.0.jar;C:\Users\sagar.bisen\.m2\repository\org\apache\poi\poi-ooxml-lite\5.0.0\poi-ooxml-lite-5.0.0.jar;C:\Users\sagar.bisen\.m2\repository\com\github\virtuald\curvesapi\1.06\curvesapi-1.06.jar;C:\Users\sagar.bisen\.m2\repository\org\bouncycastle\bcpkix-jdk15on\1.68\bcpkix-jdk15on-1.68.jar;C:\Users\sagar.bisen\.m2\repository\org\bouncycastle\bcprov-jdk15on\1.68\bcprov-jdk15on-1.68.jar;C:\Users\sagar.bisen\.m2\repository\org\apache\santuario\xmlsec\2.2.1\xmlsec-2.2.1.jar;C:\Users\sagar.bisen\.m2\repository\com\fasterxml\woodstox\woodstox-core\5.2.1\woodstox-core-5.2.1.jar;C:\Users\sagar.bisen\.m2\repository\org\codehaus\woodstox\stax2-api\4.2\stax2-api-4.2.jar;C:\Users\sagar.bisen\.m2\repository\jakarta\xml\bind\jakarta.xml.bind-api\2.3.2\jakarta.xml.bind-api-2.3.2.jar;C:\Users\sagar.bisen\.m2\repository\jakarta\activation\jakarta.activation-api\1.2.1\jakarta.activation-api-1.2.1.jar;C:\Users\sagar.bisen\.m2\repository\org\apache\xmlgraphics\batik-all\1.13\batik-all-1.13.jar;C:\Users\sagar.bisen\.m2\repository\org\apache\xmlgraphics\batik-anim\1.13\batik-anim-1.13.jar;C:\Users\sagar.bisen\.m2\repository\org\apache\xmlgraphics\batik-shared-resources\1.13\batik-shared-resources-1.13.jar;C:\Users\sagar.bisen\.m2\repository\xml-apis\xml-apis-ext\1.3.04\xml-apis-ext-1.3.04.jar;C:\Users\sagar.bisen\.m2\repository\org\apache\xmlgraphics\batik-awt-util\1.13\batik-awt-util-1.13.jar;C:\Users\sagar.bisen\.m2\repository\org\apache\xmlgraphics\xmlgraphics-commons\2.4\xmlgraphics-commons-2.4.jar;C:\Users\sagar.bisen\.m2\repository\org\apache\xmlgraphics\batik-bridge\1.13\batik-bridge-1.13.jar;C:\Users\sagar.bisen\.m2\repository\org\apache\xmlgraphics\batik-codec\1.13\batik-codec-1.13.jar;C:\Users\sagar.bisen\.m2\repository\org\apache\xmlgraphics\batik-constants\1.13\batik-constants-1.13.jar;C:\Users\sagar.bisen\.m2\repository\org\apache\xmlgraphics\batik-css\1.13\batik-css-1.13.jar;C:\Users\sagar.bisen\.m2\repository\org\apache\xmlgraphics\batik-dom\1.13\batik-dom-1.13.jar;C:\Users\sagar.bisen\.m2\repository\xalan\xalan\2.7.2\xalan-2.7.2.jar;C:\Users\sagar.bisen\.m2\repository\xalan\serializer\2.7.2\serializer-2.7.2.jar;C:\Users\sagar.bisen\.m2\repository\xml-apis\xml-apis\1.4.01\xml-apis-1.4.01.jar;C:\Users\sagar.bisen\.m2\repository\org\apache\xmlgraphics\batik-ext\1.13\batik-ext-1.13.jar;C:\Users\sagar.bisen\.m2\repository\org\apache\xmlgraphics\batik-extension\1.13\batik-extension-1.13.jar;C:\Users\sagar.bisen\.m2\repository\org\apache\xmlgraphics\batik-gui-util\1.13\batik-gui-util-1.13.jar;C:\Users\sagar.bisen\.m2\repository\org\apache\xmlgraphics\batik-gvt\1.13\batik-gvt-1.13.jar;C:\Users\sagar.bisen\.m2\repository\org\apache\xmlgraphics\batik-i18n\1.13\batik-i18n-1.13.jar;C:\Users\sagar.bisen\.m2\repository\org\apache\xmlgraphics\batik-parser\1.13\batik-parser-1.13.jar;C:\Users\sagar.bisen\.m2\repository\org\apache\xmlgraphics\batik-rasterizer-ext\1.13\batik-rasterizer-ext-1.13.jar;C:\Users\sagar.bisen\.m2\repository\org\apache\xmlgraphics\batik-rasterizer\1.13\batik-rasterizer-1.13.jar;C:\Users\sagar.bisen\.m2\repository\org\apache\xmlgraphics\batik-script\1.13\batik-script-1.13.jar;C:\Users\sagar.bisen\.m2\repository\org\apache\xmlgraphics\batik-slideshow\1.13\batik-slideshow-1.13.jar;C:\Users\sagar.bisen\.m2\repository\org\apache\xmlgraphics\batik-squiggle-ext\1.13\batik-squiggle-ext-1.13.jar;C:\Users\sagar.bisen\.m2\repository\org\apache\xmlgraphics\batik-squiggle\1.13\batik-squiggle-1.13.jar;C:\Users\sagar.bisen\.m2\repository\org\apache\xmlgraphics\batik-svg-dom\1.13\batik-svg-dom-1.13.jar;C:\Users\sagar.bisen\.m2\repository\org\apache\xmlgraphics\batik-svgbrowser\1.13\batik-svgbrowser-1.13.jar;C:\Users\sagar.bisen\.m2\repository\org\apache\xmlgraphics\batik-svggen\1.13\batik-svggen-1.13.jar;C:\Users\sagar.bisen\.m2\repository\org\apache\xmlgraphics\batik-svgpp\1.13\batik-svgpp-1.13.jar;C:\Users\sagar.bisen\.m2\repository\org\apache\xmlgraphics\batik-svgrasterizer\1.13\batik-svgrasterizer-1.13.jar;C:\Users\sagar.bisen\.m2\repository\org\apache\xmlgraphics\batik-swing\1.13\batik-swing-1.13.jar;C:\Users\sagar.bisen\.m2\repository\org\apache\xmlgraphics\batik-transcoder\1.13\batik-transcoder-1.13.jar;C:\Users\sagar.bisen\.m2\repository\org\apache\xmlgraphics\batik-util\1.13\batik-util-1.13.jar;C:\Users\sagar.bisen\.m2\repository\org\apache\xmlgraphics\batik-ttf2svg\1.13\batik-ttf2svg-1.13.jar;C:\Users\sagar.bisen\.m2\repository\org\apache\xmlgraphics\batik-xml\1.13\batik-xml-1.13.jar;C:\Users\sagar.bisen\.m2\repository\de\rototor\pdfbox\graphics2d\0.30\graphics2d-0.30.jar;C:\Users\sagar.bisen\.m2\repository\org\apache\poi\poi-ooxml-full\5.0.0\poi-ooxml-full-5.0.0.jar;C:\Users\sagar.bisen\.m2\repository\org\apache\xmlbeans\xmlbeans\4.0.0\xmlbeans-4.0.0.jar;C:\Users\sagar.bisen\.m2\repository\org\apache\poi\poi-ooxml-schemas\4.1.2\poi-ooxml-schemas-4.1.2.jar;C:\Users\sagar.bisen\.m2\repository\org\apache\poi\poi-scratchpad\5.0.0\poi-scratchpad-5.0.0.jar;C:\Users\sagar.bisen\.m2\repository\com\fasterxml\jackson\core\jackson-annotations\2.14.1\jackson-annotations-2.14.1.jar;C:\Users\sagar.bisen\.m2\repository\com\fasterxml\jackson\core\jackson-core\2.14.1\jackson-core-2.14.1.jar;C:\Users\sagar.bisen\.m2\repository\com\google\code\gson\gson\2.10\gson-2.10.jar;C:\Users\sagar.bisen\.m2\repository\io\rest-assured\rest-assured\5.3.0\rest-assured-5.3.0.jar;C:\Users\sagar.bisen\.m2\repository\org\apache\groovy\groovy\4.0.6\groovy-4.0.6.jar;C:\Users\sagar.bisen\.m2\repository\org\apache\groovy\groovy-xml\4.0.6\groovy-xml-4.0.6.jar;C:\Users\sagar.bisen\.m2\repository\org\apache\httpcomponents\httpclient\4.5.13\httpclient-4.5.13.jar;C:\Users\sagar.bisen\.m2\repository\org\apache\httpcomponents\httpcore\4.4.13\httpcore-4.4.13.jar;C:\Users\sagar.bisen\.m2\repository\org\apache\httpcomponents\httpmime\4.5.13\httpmime-4.5.13.jar;C:\Users\sagar.bisen\.m2\repository\org\hamcrest\hamcrest\2.1\hamcrest-2.1.jar;C:\Users\sagar.bisen\.m2\repository\org\ccil\cowan\tagsoup\tagsoup\1.2.1\tagsoup-1.2.1.jar;C:\Users\sagar.bisen\.m2\repository\io\rest-assured\json-path\5.3.0\json-path-5.3.0.jar;C:\Users\sagar.bisen\.m2\repository\org\apache\groovy\groovy-json\4.0.6\groovy-json-4.0.6.jar;C:\Users\sagar.bisen\.m2\repository\io\rest-assured\rest-assured-common\5.3.0\rest-assured-common-5.3.0.jar;C:\Users\sagar.bisen\.m2\repository\io\rest-assured\xml-path\5.3.0\xml-path-5.3.0.jar;C:\Users\sagar.bisen\.m2\repository\com\jayway\jsonpath\json-path\2.7.0\json-path-2.7.0.jar;C:\Users\sagar.bisen\.m2\repository\net\minidev\json-smart\2.4.7\json-smart-2.4.7.jar;C:\Users\sagar.bisen\.m2\repository\net\minidev\accessors-smart\2.4.7\accessors-smart-2.4.7.jar;C:\Users\sagar.bisen\.m2\repository\org\ow2\asm\asm\9.1\asm-9.1.jar;C:\Users\sagar.bisen\.m2\repository\com\googlecode\json-simple\json-simple\1.1.1\json-simple-1.1.1.jar;C:\Users\sagar.bisen\.m2\repository\org\apache\pdfbox\pdfbox\2.0.29\pdfbox-2.0.29.jar;C:\Users\sagar.bisen\.m2\repository\org\apache\pdfbox\fontbox\2.0.29\fontbox-2.0.29.jar;C:\Users\sagar.bisen\.m2\repository\commons-logging\commons-logging\1.2\commons-logging-1.2.jar;C:\Users\sagar.bisen\.m2\repository\org\slf4j\slf4j-api\1.7.36\slf4j-api-1.7.36.jar;C:\Users\sagar.bisen\.m2\repository\ch\qos\logback\logback-classic\1.2.11\logback-classic-1.2.11.jar;C:\Users\sagar.bisen\.m2\repository\ch\qos\logback\logback-core\1.2.11\logback-core-1.2.11.jar;"/>
    <property name="java.vm.vendor" value="Oracle Corporation"/>
    <property name="sun.arch.data.model" value="64"/>
    <property name="user.variant" value=""/>
    <property name="java.vendor.url" value="https://java.oracle.com/"/>
    <property name="user.timezone" value="Asia/Calcutta"/>
    <property name="os.name" value="Windows 10"/>
    <property name="java.vm.specification.version" value="17"/>
    <property name="sun.java.launcher" value="SUN_STANDARD"/>
    <property name="user.country" value="IN"/>
    <property name="sun.boot.library.path" value="C:\Program Files\Java\jdk-17\bin"/>
    <property name="sun.java.command" value="C:\Users\SAGAR~1.BIS\AppData\Local\Temp\surefire15490688094014038252\surefirebooter16938602577929346180.jar C:\Users\sagar.bisen\AppData\Local\Temp\surefire15490688094014038252 2024-07-23T14-14-44_312-jvmRun1 surefire3399769543403878544tmp surefire_01481657138920949337tmp"/>
    <property name="jdk.debug" value="release"/>
    <property name="surefire.test.class.path" value="D:\AI-CopilotDemo\aicopilotdemo\target\test-classes;D:\AI-CopilotDemo\aicopilotdemo\target\classes;C:\Users\sagar.bisen\.m2\repository\org\seleniumhq\selenium\selenium-java\4.14.0\selenium-java-4.14.0.jar;C:\Users\sagar.bisen\.m2\repository\org\seleniumhq\selenium\selenium-api\4.14.0\selenium-api-4.14.0.jar;C:\Users\sagar.bisen\.m2\repository\org\seleniumhq\selenium\selenium-chrome-driver\4.14.0\selenium-chrome-driver-4.14.0.jar;C:\Users\sagar.bisen\.m2\repository\com\google\auto\service\auto-service-annotations\1.1.1\auto-service-annotations-1.1.1.jar;C:\Users\sagar.bisen\.m2\repository\org\seleniumhq\selenium\selenium-chromium-driver\4.14.0\selenium-chromium-driver-4.14.0.jar;C:\Users\sagar.bisen\.m2\repository\org\seleniumhq\selenium\selenium-json\4.14.0\selenium-json-4.14.0.jar;C:\Users\sagar.bisen\.m2\repository\org\seleniumhq\selenium\selenium-manager\4.14.0\selenium-manager-4.14.0.jar;C:\Users\sagar.bisen\.m2\repository\org\seleniumhq\selenium\selenium-devtools-v116\4.14.0\selenium-devtools-v116-4.14.0.jar;C:\Users\sagar.bisen\.m2\repository\org\seleniumhq\selenium\selenium-devtools-v117\4.14.0\selenium-devtools-v117-4.14.0.jar;C:\Users\sagar.bisen\.m2\repository\org\seleniumhq\selenium\selenium-devtools-v118\4.14.0\selenium-devtools-v118-4.14.0.jar;C:\Users\sagar.bisen\.m2\repository\org\seleniumhq\selenium\selenium-devtools-v85\4.14.0\selenium-devtools-v85-4.14.0.jar;C:\Users\sagar.bisen\.m2\repository\org\seleniumhq\selenium\selenium-edge-driver\4.14.0\selenium-edge-driver-4.14.0.jar;C:\Users\sagar.bisen\.m2\repository\org\seleniumhq\selenium\selenium-firefox-driver\4.14.0\selenium-firefox-driver-4.14.0.jar;C:\Users\sagar.bisen\.m2\repository\org\seleniumhq\selenium\selenium-http\4.14.0\selenium-http-4.14.0.jar;C:\Users\sagar.bisen\.m2\repository\dev\failsafe\failsafe\3.3.2\failsafe-3.3.2.jar;C:\Users\sagar.bisen\.m2\repository\org\seleniumhq\selenium\selenium-ie-driver\4.14.0\selenium-ie-driver-4.14.0.jar;C:\Users\sagar.bisen\.m2\repository\org\seleniumhq\selenium\selenium-remote-driver\4.14.0\selenium-remote-driver-4.14.0.jar;C:\Users\sagar.bisen\.m2\repository\io\opentelemetry\opentelemetry-api\1.28.0\opentelemetry-api-1.28.0.jar;C:\Users\sagar.bisen\.m2\repository\io\opentelemetry\opentelemetry-context\1.28.0\opentelemetry-context-1.28.0.jar;C:\Users\sagar.bisen\.m2\repository\io\opentelemetry\opentelemetry-exporter-logging\1.28.0\opentelemetry-exporter-logging-1.28.0.jar;C:\Users\sagar.bisen\.m2\repository\io\opentelemetry\opentelemetry-sdk-metrics\1.28.0\opentelemetry-sdk-metrics-1.28.0.jar;C:\Users\sagar.bisen\.m2\repository\io\opentelemetry\opentelemetry-extension-incubator\1.28.0-alpha\opentelemetry-extension-incubator-1.28.0-alpha.jar;C:\Users\sagar.bisen\.m2\repository\io\opentelemetry\opentelemetry-sdk-logs\1.28.0\opentelemetry-sdk-logs-1.28.0.jar;C:\Users\sagar.bisen\.m2\repository\io\opentelemetry\opentelemetry-sdk-common\1.28.0\opentelemetry-sdk-common-1.28.0.jar;C:\Users\sagar.bisen\.m2\repository\io\opentelemetry\opentelemetry-sdk-extension-autoconfigure-spi\1.28.0\opentelemetry-sdk-extension-autoconfigure-spi-1.28.0.jar;C:\Users\sagar.bisen\.m2\repository\io\opentelemetry\opentelemetry-sdk-extension-autoconfigure\1.28.0\opentelemetry-sdk-extension-autoconfigure-1.28.0.jar;C:\Users\sagar.bisen\.m2\repository\io\opentelemetry\opentelemetry-api-events\1.28.0-alpha\opentelemetry-api-events-1.28.0-alpha.jar;C:\Users\sagar.bisen\.m2\repository\io\opentelemetry\opentelemetry-sdk-trace\1.28.0\opentelemetry-sdk-trace-1.28.0.jar;C:\Users\sagar.bisen\.m2\repository\io\opentelemetry\opentelemetry-sdk\1.28.0\opentelemetry-sdk-1.28.0.jar;C:\Users\sagar.bisen\.m2\repository\io\opentelemetry\opentelemetry-semconv\1.28.0-alpha\opentelemetry-semconv-1.28.0-alpha.jar;C:\Users\sagar.bisen\.m2\repository\net\bytebuddy\byte-buddy\1.14.5\byte-buddy-1.14.5.jar;C:\Users\sagar.bisen\.m2\repository\org\seleniumhq\selenium\selenium-os\4.14.0\selenium-os-4.14.0.jar;C:\Users\sagar.bisen\.m2\repository\org\apache\commons\commons-exec\1.3\commons-exec-1.3.jar;C:\Users\sagar.bisen\.m2\repository\org\seleniumhq\selenium\selenium-safari-driver\4.14.0\selenium-safari-driver-4.14.0.jar;C:\Users\sagar.bisen\.m2\repository\org\seleniumhq\selenium\selenium-support\4.14.0\selenium-support-4.14.0.jar;C:\Users\sagar.bisen\.m2\repository\io\cucumber\cucumber-java\7.6.0\cucumber-java-7.6.0.jar;C:\Users\sagar.bisen\.m2\repository\io\cucumber\cucumber-core\7.6.0\cucumber-core-7.6.0.jar;C:\Users\sagar.bisen\.m2\repository\io\cucumber\cucumber-gherkin\7.6.0\cucumber-gherkin-7.6.0.jar;C:\Users\sagar.bisen\.m2\repository\io\cucumber\cucumber-gherkin-messages\7.6.0\cucumber-gherkin-messages-7.6.0.jar;C:\Users\sagar.bisen\.m2\repository\io\cucumber\tag-expressions\4.1.0\tag-expressions-4.1.0.jar;C:\Users\sagar.bisen\.m2\repository\io\cucumber\cucumber-expressions\16.0.0\cucumber-expressions-16.0.0.jar;C:\Users\sagar.bisen\.m2\repository\io\cucumber\datatable\7.6.0\datatable-7.6.0.jar;C:\Users\sagar.bisen\.m2\repository\io\cucumber\cucumber-plugin\7.6.0\cucumber-plugin-7.6.0.jar;C:\Users\sagar.bisen\.m2\repository\io\cucumber\docstring\7.6.0\docstring-7.6.0.jar;C:\Users\sagar.bisen\.m2\repository\io\cucumber\html-formatter\20.0.0\html-formatter-20.0.0.jar;C:\Users\sagar.bisen\.m2\repository\io\cucumber\ci-environment\9.1.0\ci-environment-9.1.0.jar;C:\Users\sagar.bisen\.m2\repository\org\apiguardian\apiguardian-api\1.1.2\apiguardian-api-1.1.2.jar;C:\Users\sagar.bisen\.m2\repository\asm\asm\3.3.1\asm-3.3.1.jar;C:\Users\sagar.bisen\.m2\repository\org\projectlombok\lombok\1.18.24\lombok-1.18.24.jar;C:\Users\sagar.bisen\.m2\repository\io\cucumber\cucumber-junit\7.6.0\cucumber-junit-7.6.0.jar;C:\Users\sagar.bisen\.m2\repository\junit\junit\4.13.2\junit-4.13.2.jar;C:\Users\sagar.bisen\.m2\repository\org\hamcrest\hamcrest-core\1.3\hamcrest-core-1.3.jar;C:\Users\sagar.bisen\.m2\repository\io\cucumber\cucumber-jvm-deps\1.0.6\cucumber-jvm-deps-1.0.6.jar;C:\Users\sagar.bisen\.m2\repository\net\masterthought\cucumber-reporting\5.7.2\cucumber-reporting-5.7.2.jar;C:\Users\sagar.bisen\.m2\repository\com\fasterxml\jackson\core\jackson-databind\2.13.2.2\jackson-databind-2.13.2.2.jar;C:\Users\sagar.bisen\.m2\repository\com\fasterxml\jackson\datatype\jackson-datatype-jsr310\2.13.2\jackson-datatype-jsr310-2.13.2.jar;C:\Users\sagar.bisen\.m2\repository\org\apache\velocity\velocity-engine-core\2.3\velocity-engine-core-2.3.jar;C:\Users\sagar.bisen\.m2\repository\commons-collections\commons-collections\3.2.2\commons-collections-3.2.2.jar;C:\Users\sagar.bisen\.m2\repository\joda-time\joda-time\2.10.14\joda-time-2.10.14.jar;C:\Users\sagar.bisen\.m2\repository\org\apache\commons\commons-lang3\3.12.0\commons-lang3-3.12.0.jar;C:\Users\sagar.bisen\.m2\repository\commons-io\commons-io\2.7\commons-io-2.7.jar;C:\Users\sagar.bisen\.m2\repository\org\codehaus\plexus\plexus-utils\3.4.2\plexus-utils-3.4.2.jar;C:\Users\sagar.bisen\.m2\repository\org\jsoup\jsoup\1.15.1\jsoup-1.15.1.jar;C:\Users\sagar.bisen\.m2\repository\com\google\guava\guava\31.1-jre\guava-31.1-jre.jar;C:\Users\sagar.bisen\.m2\repository\com\google\guava\failureaccess\1.0.1\failureaccess-1.0.1.jar;C:\Users\sagar.bisen\.m2\repository\com\google\guava\listenablefuture\9999.0-empty-to-avoid-conflict-with-guava\listenablefuture-9999.0-empty-to-avoid-conflict-with-guava.jar;C:\Users\sagar.bisen\.m2\repository\com\google\code\findbugs\jsr305\3.0.2\jsr305-3.0.2.jar;C:\Users\sagar.bisen\.m2\repository\org\checkerframework\checker-qual\3.12.0\checker-qual-3.12.0.jar;C:\Users\sagar.bisen\.m2\repository\com\google\errorprone\error_prone_annotations\2.11.0\error_prone_annotations-2.11.0.jar;C:\Users\sagar.bisen\.m2\repository\com\google\j2objc\j2objc-annotations\1.3\j2objc-annotations-1.3.jar;C:\Users\sagar.bisen\.m2\repository\com\googlecode\owasp-java-html-sanitizer\owasp-java-html-sanitizer\20211018.2\owasp-java-html-sanitizer-20211018.2.jar;C:\Users\sagar.bisen\.m2\repository\commons-configuration\commons-configuration\1.10\commons-configuration-1.10.jar;C:\Users\sagar.bisen\.m2\repository\commons-lang\commons-lang\2.6\commons-lang-2.6.jar;C:\Users\sagar.bisen\.m2\repository\io\cucumber\cucumber-picocontainer\7.6.0\cucumber-picocontainer-7.6.0.jar;C:\Users\sagar.bisen\.m2\repository\org\picocontainer\picocontainer\2.15\picocontainer-2.15.jar;C:\Users\sagar.bisen\.m2\repository\com\vimalselvam\cucumber-extentsreport\3.1.1\cucumber-extentsreport-3.1.1.jar;C:\Users\sagar.bisen\.m2\repository\org\apache\logging\log4j\log4j-api\2.19.0\log4j-api-2.19.0.jar;C:\Users\sagar.bisen\.m2\repository\org\apache\logging\log4j\log4j-core\2.19.0\log4j-core-2.19.0.jar;C:\Users\sagar.bisen\.m2\repository\io\cucumber\gherkin\24.0.0\gherkin-24.0.0.jar;C:\Users\sagar.bisen\.m2\repository\io\cucumber\messages\19.1.4\messages-19.1.4.jar;C:\Users\sagar.bisen\.m2\repository\io\github\bonigarcia\webdrivermanager\5.9.1\webdrivermanager-5.9.1.jar;C:\Users\sagar.bisen\.m2\repository\com\github\docker-java\docker-java\3.3.6\docker-java-3.3.6.jar;C:\Users\sagar.bisen\.m2\repository\com\github\docker-java\docker-java-core\3.3.6\docker-java-core-3.3.6.jar;C:\Users\sagar.bisen\.m2\repository\com\github\docker-java\docker-java-api\3.3.6\docker-java-api-3.3.6.jar;C:\Users\sagar.bisen\.m2\repository\com\github\docker-java\docker-java-transport-httpclient5\3.3.6\docker-java-transport-httpclient5-3.3.6.jar;C:\Users\sagar.bisen\.m2\repository\com\github\docker-java\docker-java-transport\3.3.6\docker-java-transport-3.3.6.jar;C:\Users\sagar.bisen\.m2\repository\net\java\dev\jna\jna\5.13.0\jna-5.13.0.jar;C:\Users\sagar.bisen\.m2\repository\org\brotli\dec\0.1.2\dec-0.1.2.jar;C:\Users\sagar.bisen\.m2\repository\org\apache\commons\commons-compress\1.26.2\commons-compress-1.26.2.jar;C:\Users\sagar.bisen\.m2\repository\org\apache\httpcomponents\client5\httpclient5\5.2.1\httpclient5-5.2.1.jar;C:\Users\sagar.bisen\.m2\repository\org\apache\httpcomponents\core5\httpcore5\5.2\httpcore5-5.2.jar;C:\Users\sagar.bisen\.m2\repository\org\apache\httpcomponents\core5\httpcore5-h2\5.2\httpcore5-h2-5.2.jar;C:\Users\sagar.bisen\.m2\repository\org\aeonbits\owner\owner\1.0.12\owner-1.0.12.jar;C:\Users\sagar.bisen\.m2\repository\org\apache\commons\commons-email\1.5\commons-email-1.5.jar;C:\Users\sagar.bisen\.m2\repository\com\sun\mail\javax.mail\1.6.2\javax.mail-1.6.2.jar;C:\Users\sagar.bisen\.m2\repository\javax\servlet\javax.servlet-api\4.0.1\javax.servlet-api-4.0.1.jar;C:\Users\sagar.bisen\.m2\repository\javax\activation\activation\1.1.1\activation-1.1.1.jar;C:\Users\sagar.bisen\.m2\repository\tech\grasshopper\extentreports-cucumber7-adapter\1.7.0\extentreports-cucumber7-adapter-1.7.0.jar;C:\Users\sagar.bisen\.m2\repository\tech\grasshopper\extent-pdf-report\2.7.0\extent-pdf-report-2.7.0.jar;C:\Users\sagar.bisen\.m2\repository\tech\grasshopper\cucumber-pdf-report\2.10.0\cucumber-pdf-report-2.10.0.jar;C:\Users\sagar.bisen\.m2\repository\org\knowm\xchart\xchart\3.8.0\xchart-3.8.0.jar;C:\Users\sagar.bisen\.m2\repository\de\erichseifert\vectorgraphics2d\VectorGraphics2D\0.13\VectorGraphics2D-0.13.jar;C:\Users\sagar.bisen\.m2\repository\com\madgag\animated-gif-lib\1.4\animated-gif-lib-1.4.jar;C:\Users\sagar.bisen\.m2\repository\org\yaml\snakeyaml\1.28\snakeyaml-1.28.jar;C:\Users\sagar.bisen\.m2\repository\tech\grasshopper\table-layout\1.5.1\table-layout-1.5.1.jar;C:\Users\sagar.bisen\.m2\repository\tech\grasshopper\rest-assured-cucumber-pdf-report\1.4.1\rest-assured-cucumber-pdf-report-1.4.1.jar;C:\Users\sagar.bisen\.m2\repository\com\aventstack\klov-reporter\5.0.9\klov-reporter-5.0.9.jar;C:\Users\sagar.bisen\.m2\repository\org\mongodb\mongodb-driver\3.6.4\mongodb-driver-3.6.4.jar;C:\Users\sagar.bisen\.m2\repository\org\mongodb\mongodb-driver-core\3.6.4\mongodb-driver-core-3.6.4.jar;C:\Users\sagar.bisen\.m2\repository\org\mongodb\bson\3.6.4\bson-3.6.4.jar;C:\Users\sagar.bisen\.m2\repository\tech\grasshopper\htmlextentreporter\1.0.1\htmlextentreporter-1.0.1.jar;C:\Users\sagar.bisen\.m2\repository\com\aventstack\extentreports\5.0.9\extentreports-5.0.9.jar;C:\Users\sagar.bisen\.m2\repository\io\reactivex\rxjava3\rxjava\3.0.4\rxjava-3.0.4.jar;C:\Users\sagar.bisen\.m2\repository\org\reactivestreams\reactive-streams\1.0.3\reactive-streams-1.0.3.jar;C:\Users\sagar.bisen\.m2\repository\org\freemarker\freemarker\2.3.30\freemarker-2.3.30.jar;C:\Users\sagar.bisen\.m2\repository\org\apache\poi\poi\5.0.0\poi-5.0.0.jar;C:\Users\sagar.bisen\.m2\repository\org\slf4j\jcl-over-slf4j\1.7.30\jcl-over-slf4j-1.7.30.jar;C:\Users\sagar.bisen\.m2\repository\commons-codec\commons-codec\1.15\commons-codec-1.15.jar;C:\Users\sagar.bisen\.m2\repository\org\apache\commons\commons-collections4\4.4\commons-collections4-4.4.jar;C:\Users\sagar.bisen\.m2\repository\org\apache\commons\commons-math3\3.6.1\commons-math3-3.6.1.jar;C:\Users\sagar.bisen\.m2\repository\com\zaxxer\SparseBitSet\1.2\SparseBitSet-1.2.jar;C:\Users\sagar.bisen\.m2\repository\org\apache\poi\poi-ooxml\5.0.0\poi-ooxml-5.0.0.jar;C:\Users\sagar.bisen\.m2\repository\org\apache\poi\poi-ooxml-lite\5.0.0\poi-ooxml-lite-5.0.0.jar;C:\Users\sagar.bisen\.m2\repository\com\github\virtuald\curvesapi\1.06\curvesapi-1.06.jar;C:\Users\sagar.bisen\.m2\repository\org\bouncycastle\bcpkix-jdk15on\1.68\bcpkix-jdk15on-1.68.jar;C:\Users\sagar.bisen\.m2\repository\org\bouncycastle\bcprov-jdk15on\1.68\bcprov-jdk15on-1.68.jar;C:\Users\sagar.bisen\.m2\repository\org\apache\santuario\xmlsec\2.2.1\xmlsec-2.2.1.jar;C:\Users\sagar.bisen\.m2\repository\com\fasterxml\woodstox\woodstox-core\5.2.1\woodstox-core-5.2.1.jar;C:\Users\sagar.bisen\.m2\repository\org\codehaus\woodstox\stax2-api\4.2\stax2-api-4.2.jar;C:\Users\sagar.bisen\.m2\repository\jakarta\xml\bind\jakarta.xml.bind-api\2.3.2\jakarta.xml.bind-api-2.3.2.jar;C:\Users\sagar.bisen\.m2\repository\jakarta\activation\jakarta.activation-api\1.2.1\jakarta.activation-api-1.2.1.jar;C:\Users\sagar.bisen\.m2\repository\org\apache\xmlgraphics\batik-all\1.13\batik-all-1.13.jar;C:\Users\sagar.bisen\.m2\repository\org\apache\xmlgraphics\batik-anim\1.13\batik-anim-1.13.jar;C:\Users\sagar.bisen\.m2\repository\org\apache\xmlgraphics\batik-shared-resources\1.13\batik-shared-resources-1.13.jar;C:\Users\sagar.bisen\.m2\repository\xml-apis\xml-apis-ext\1.3.04\xml-apis-ext-1.3.04.jar;C:\Users\sagar.bisen\.m2\repository\org\apache\xmlgraphics\batik-awt-util\1.13\batik-awt-util-1.13.jar;C:\Users\sagar.bisen\.m2\repository\org\apache\xmlgraphics\xmlgraphics-commons\2.4\xmlgraphics-commons-2.4.jar;C:\Users\sagar.bisen\.m2\repository\org\apache\xmlgraphics\batik-bridge\1.13\batik-bridge-1.13.jar;C:\Users\sagar.bisen\.m2\repository\org\apache\xmlgraphics\batik-codec\1.13\batik-codec-1.13.jar;C:\Users\sagar.bisen\.m2\repository\org\apache\xmlgraphics\batik-constants\1.13\batik-constants-1.13.jar;C:\Users\sagar.bisen\.m2\repository\org\apache\xmlgraphics\batik-css\1.13\batik-css-1.13.jar;C:\Users\sagar.bisen\.m2\repository\org\apache\xmlgraphics\batik-dom\1.13\batik-dom-1.13.jar;C:\Users\sagar.bisen\.m2\repository\xalan\xalan\2.7.2\xalan-2.7.2.jar;C:\Users\sagar.bisen\.m2\repository\xalan\serializer\2.7.2\serializer-2.7.2.jar;C:\Users\sagar.bisen\.m2\repository\xml-apis\xml-apis\1.4.01\xml-apis-1.4.01.jar;C:\Users\sagar.bisen\.m2\repository\org\apache\xmlgraphics\batik-ext\1.13\batik-ext-1.13.jar;C:\Users\sagar.bisen\.m2\repository\org\apache\xmlgraphics\batik-extension\1.13\batik-extension-1.13.jar;C:\Users\sagar.bisen\.m2\repository\org\apache\xmlgraphics\batik-gui-util\1.13\batik-gui-util-1.13.jar;C:\Users\sagar.bisen\.m2\repository\org\apache\xmlgraphics\batik-gvt\1.13\batik-gvt-1.13.jar;C:\Users\sagar.bisen\.m2\repository\org\apache\xmlgraphics\batik-i18n\1.13\batik-i18n-1.13.jar;C:\Users\sagar.bisen\.m2\repository\org\apache\xmlgraphics\batik-parser\1.13\batik-parser-1.13.jar;C:\Users\sagar.bisen\.m2\repository\org\apache\xmlgraphics\batik-rasterizer-ext\1.13\batik-rasterizer-ext-1.13.jar;C:\Users\sagar.bisen\.m2\repository\org\apache\xmlgraphics\batik-rasterizer\1.13\batik-rasterizer-1.13.jar;C:\Users\sagar.bisen\.m2\repository\org\apache\xmlgraphics\batik-script\1.13\batik-script-1.13.jar;C:\Users\sagar.bisen\.m2\repository\org\apache\xmlgraphics\batik-slideshow\1.13\batik-slideshow-1.13.jar;C:\Users\sagar.bisen\.m2\repository\org\apache\xmlgraphics\batik-squiggle-ext\1.13\batik-squiggle-ext-1.13.jar;C:\Users\sagar.bisen\.m2\repository\org\apache\xmlgraphics\batik-squiggle\1.13\batik-squiggle-1.13.jar;C:\Users\sagar.bisen\.m2\repository\org\apache\xmlgraphics\batik-svg-dom\1.13\batik-svg-dom-1.13.jar;C:\Users\sagar.bisen\.m2\repository\org\apache\xmlgraphics\batik-svgbrowser\1.13\batik-svgbrowser-1.13.jar;C:\Users\sagar.bisen\.m2\repository\org\apache\xmlgraphics\batik-svggen\1.13\batik-svggen-1.13.jar;C:\Users\sagar.bisen\.m2\repository\org\apache\xmlgraphics\batik-svgpp\1.13\batik-svgpp-1.13.jar;C:\Users\sagar.bisen\.m2\repository\org\apache\xmlgraphics\batik-svgrasterizer\1.13\batik-svgrasterizer-1.13.jar;C:\Users\sagar.bisen\.m2\repository\org\apache\xmlgraphics\batik-swing\1.13\batik-swing-1.13.jar;C:\Users\sagar.bisen\.m2\repository\org\apache\xmlgraphics\batik-transcoder\1.13\batik-transcoder-1.13.jar;C:\Users\sagar.bisen\.m2\repository\org\apache\xmlgraphics\batik-util\1.13\batik-util-1.13.jar;C:\Users\sagar.bisen\.m2\repository\org\apache\xmlgraphics\batik-ttf2svg\1.13\batik-ttf2svg-1.13.jar;C:\Users\sagar.bisen\.m2\repository\org\apache\xmlgraphics\batik-xml\1.13\batik-xml-1.13.jar;C:\Users\sagar.bisen\.m2\repository\de\rototor\pdfbox\graphics2d\0.30\graphics2d-0.30.jar;C:\Users\sagar.bisen\.m2\repository\org\apache\poi\poi-ooxml-full\5.0.0\poi-ooxml-full-5.0.0.jar;C:\Users\sagar.bisen\.m2\repository\org\apache\xmlbeans\xmlbeans\4.0.0\xmlbeans-4.0.0.jar;C:\Users\sagar.bisen\.m2\repository\org\apache\poi\poi-ooxml-schemas\4.1.2\poi-ooxml-schemas-4.1.2.jar;C:\Users\sagar.bisen\.m2\repository\org\apache\poi\poi-scratchpad\5.0.0\poi-scratchpad-5.0.0.jar;C:\Users\sagar.bisen\.m2\repository\com\fasterxml\jackson\core\jackson-annotations\2.14.1\jackson-annotations-2.14.1.jar;C:\Users\sagar.bisen\.m2\repository\com\fasterxml\jackson\core\jackson-core\2.14.1\jackson-core-2.14.1.jar;C:\Users\sagar.bisen\.m2\repository\com\google\code\gson\gson\2.10\gson-2.10.jar;C:\Users\sagar.bisen\.m2\repository\io\rest-assured\rest-assured\5.3.0\rest-assured-5.3.0.jar;C:\Users\sagar.bisen\.m2\repository\org\apache\groovy\groovy\4.0.6\groovy-4.0.6.jar;C:\Users\sagar.bisen\.m2\repository\org\apache\groovy\groovy-xml\4.0.6\groovy-xml-4.0.6.jar;C:\Users\sagar.bisen\.m2\repository\org\apache\httpcomponents\httpclient\4.5.13\httpclient-4.5.13.jar;C:\Users\sagar.bisen\.m2\repository\org\apache\httpcomponents\httpcore\4.4.13\httpcore-4.4.13.jar;C:\Users\sagar.bisen\.m2\repository\org\apache\httpcomponents\httpmime\4.5.13\httpmime-4.5.13.jar;C:\Users\sagar.bisen\.m2\repository\org\hamcrest\hamcrest\2.1\hamcrest-2.1.jar;C:\Users\sagar.bisen\.m2\repository\org\ccil\cowan\tagsoup\tagsoup\1.2.1\tagsoup-1.2.1.jar;C:\Users\sagar.bisen\.m2\repository\io\rest-assured\json-path\5.3.0\json-path-5.3.0.jar;C:\Users\sagar.bisen\.m2\repository\org\apache\groovy\groovy-json\4.0.6\groovy-json-4.0.6.jar;C:\Users\sagar.bisen\.m2\repository\io\rest-assured\rest-assured-common\5.3.0\rest-assured-common-5.3.0.jar;C:\Users\sagar.bisen\.m2\repository\io\rest-assured\xml-path\5.3.0\xml-path-5.3.0.jar;C:\Users\sagar.bisen\.m2\repository\com\jayway\jsonpath\json-path\2.7.0\json-path-2.7.0.jar;C:\Users\sagar.bisen\.m2\repository\net\minidev\json-smart\2.4.7\json-smart-2.4.7.jar;C:\Users\sagar.bisen\.m2\repository\net\minidev\accessors-smart\2.4.7\accessors-smart-2.4.7.jar;C:\Users\sagar.bisen\.m2\repository\org\ow2\asm\asm\9.1\asm-9.1.jar;C:\Users\sagar.bisen\.m2\repository\com\googlecode\json-simple\json-simple\1.1.1\json-simple-1.1.1.jar;C:\Users\sagar.bisen\.m2\repository\org\apache\pdfbox\pdfbox\2.0.29\pdfbox-2.0.29.jar;C:\Users\sagar.bisen\.m2\repository\org\apache\pdfbox\fontbox\2.0.29\fontbox-2.0.29.jar;C:\Users\sagar.bisen\.m2\repository\commons-logging\commons-logging\1.2\commons-logging-1.2.jar;C:\Users\sagar.bisen\.m2\repository\org\slf4j\slf4j-api\1.7.36\slf4j-api-1.7.36.jar;C:\Users\sagar.bisen\.m2\repository\ch\qos\logback\logback-classic\1.2.11\logback-classic-1.2.11.jar;C:\Users\sagar.bisen\.m2\repository\ch\qos\logback\logback-core\1.2.11\logback-core-1.2.11.jar;"/>
    <property name="sun.cpu.endian" value="little"/>
    <property name="user.home" value="C:\Users\sagar.bisen"/>
    <property name="user.language" value="en"/>
    <property name="java.specification.vendor" value="Oracle Corporation"/>
    <property name="java.version.date" value="2024-01-16"/>
    <property name="java.home" value="C:\Program Files\Java\jdk-17"/>
    <property name="file.separator" value="\"/>
    <property name="basedir" value="D:\AI-CopilotDemo\aicopilotdemo"/>
    <property name="java.vm.compressedOopsMode" value="Zero based"/>
    <property name="line.separator" value="&#10;"/>
    <property name="java.vm.specification.vendor" value="Oracle Corporation"/>
    <property name="java.specification.name" value="Java Platform API Specification"/>
    <property name="surefire.real.class.path" value="C:\Users\SAGAR~1.BIS\AppData\Local\Temp\surefire15490688094014038252\surefirebooter16938602577929346180.jar"/>
    <property name="user.script" value=""/>
    <property name="sun.management.compiler" value="HotSpot 64-Bit Tiered Compilers"/>
    <property name="java.runtime.version" value="17.0.10+11-LTS-240"/>
    <property name="user.name" value="sagar.bisen"/>
    <property name="path.separator" value=";"/>
    <property name="os.version" value="10.0"/>
    <property name="java.runtime.name" value="Java(TM) SE Runtime Environment"/>
    <property name="file.encoding" value="Cp1252"/>
    <property name="java.vm.name" value="Java HotSpot(TM) 64-Bit Server VM"/>
    <property name="localRepository" value="C:\Users\sagar.bisen\.m2\repository"/>
    <property name="java.vendor.url.bug" value="https://bugreport.java.com/bugreport/"/>
    <property name="java.io.tmpdir" value="C:\Users\SAGAR~1.BIS\AppData\Local\Temp\"/>
    <property name="java.version" value="17.0.10"/>
    <property name="user.dir" value="D:\AI-CopilotDemo\aicopilotdemo"/>
    <property name="os.arch" value="amd64"/>
    <property name="java.vm.specification.name" value="Java Virtual Machine Specification"/>
    <property name="sun.os.patch.level" value=""/>
    <property name="native.encoding" value="Cp1252"/>
    <property name="java.library.path" value="C:\Program Files\Java\jdk-17\bin;C:\Windows\Sun\Java\bin;C:\Windows\system32;C:\Windows;C:\Program Files\Common Files\Oracle\Java\javapath;C:\Windows\system32;C:\Windows;C:\Windows\System32\Wbem;C:\Windows\System32\WindowsPowerShell\v1.0\;C:\Windows\System32\OpenSSH\;C:\Program Files\WindowsPowerShell\Scripts;C:\Program Files (x86)\Microsoft SQL Server\150\DTS\Binn\;C:\Program Files\Azure Data Studio\bin;C:\Program Files\Java\jdk-17.0.3.1\bin;C:\MilanaWebAutomation\apache-maven-3.9.5-bin\apache-maven-3.9.5\bin;C:\Program Files (x86)\Groovy\bin;C:\Program Files\nodejs\;C:\Program Files\Git\cmd;C:\Users\sagar.bisen\AppData\Local\Microsoft\WindowsApps;C:\Program Files\Azure Data Studio\bin;C:\Program Files\Java\jdk-17.0.3.1\bin;C:\Users\sagar.bisen\AppData\Roaming\npm;;."/>
    <property name="java.vm.info" value="mixed mode, sharing"/>
    <property name="java.vendor" value="Oracle Corporation"/>
    <property name="java.vm.version" value="17.0.10+11-LTS-240"/>
    <property name="sun.io.unicode.encoding" value="UnicodeLittle"/>
    <property name="java.class.version" value="61.0"/>
  </properties>
  <testcase name="Login with valid credentials" classname="Login functionality" time="16.285">
    <error message="Cannot invoke &quot;org.openqa.selenium.WebDriver.findElement(org.openqa.selenium.By)&quot; because &quot;this.driver&quot; is null" type="java.lang.NullPointerException">java.lang.NullPointerException: Cannot invoke "org.openqa.selenium.WebDriver.findElement(org.openqa.selenium.By)" because "this.driver" is null
</error>
    <system-out><![CDATA[14:15:17.878 [main] DEBUG org.apache.fontbox.ttf.GlyphSubstitutionTable - Type 4 GSUB lookup table is not supported and will be ignored
14:15:17.879 [main] DEBUG org.apache.fontbox.ttf.GlyphSubstitutionTable - Type 4 GSUB lookup table is not supported and will be ignored
14:15:17.879 [main] DEBUG org.apache.fontbox.ttf.GlyphSubstitutionTable - Type 6 GSUB lookup table is not supported and will be ignored
14:15:17.879 [main] DEBUG org.apache.fontbox.ttf.GlyphSubstitutionTable - Type 4 GSUB lookup table is not supported and will be ignored
14:15:17.879 [main] DEBUG org.apache.fontbox.ttf.GlyphSubstitutionTable - Type 4 GSUB lookup table is not supported and will be ignored
14:15:17.921 [main] DEBUG org.apache.fontbox.ttf.GlyphSubstitutionTable - Type 4 GSUB lookup table is not supported and will be ignored
14:15:17.921 [main] DEBUG org.apache.fontbox.ttf.GlyphSubstitutionTable - Type 4 GSUB lookup table is not supported and will be ignored
14:15:17.921 [main] DEBUG org.apache.fontbox.ttf.GlyphSubstitutionTable - Type 6 GSUB lookup table is not supported and will be ignored
14:15:17.921 [main] DEBUG org.apache.fontbox.ttf.GlyphSubstitutionTable - Type 4 GSUB lookup table is not supported and will be ignored
14:15:17.921 [main] DEBUG org.apache.fontbox.ttf.GlyphSubstitutionTable - Type 4 GSUB lookup table is not supported and will be ignored
14:15:17.937 [main] DEBUG org.apache.fontbox.ttf.GlyphSubstitutionTable - Type 4 GSUB lookup table is not supported and will be ignored
14:15:17.937 [main] DEBUG org.apache.fontbox.ttf.GlyphSubstitutionTable - Type 4 GSUB lookup table is not supported and will be ignored
14:15:17.938 [main] DEBUG org.apache.fontbox.ttf.GlyphSubstitutionTable - Type 6 GSUB lookup table is not supported and will be ignored
14:15:17.938 [main] DEBUG org.apache.fontbox.ttf.GlyphSubstitutionTable - Type 4 GSUB lookup table is not supported and will be ignored
14:15:17.938 [main] DEBUG org.apache.fontbox.ttf.GlyphSubstitutionTable - Type 4 GSUB lookup table is not supported and will be ignored
14:15:17.946 [main] DEBUG org.apache.fontbox.ttf.GlyphSubstitutionTable - Type 4 GSUB lookup table is not supported and will be ignored
14:15:17.946 [main] DEBUG org.apache.fontbox.ttf.GlyphSubstitutionTable - Type 4 GSUB lookup table is not supported and will be ignored
14:15:17.946 [main] DEBUG org.apache.fontbox.ttf.GlyphSubstitutionTable - Type 6 GSUB lookup table is not supported and will be ignored
14:15:17.946 [main] DEBUG org.apache.fontbox.ttf.GlyphSubstitutionTable - Type 4 GSUB lookup table is not supported and will be ignored
14:15:17.946 [main] DEBUG org.apache.fontbox.ttf.GlyphSubstitutionTable - Type 4 GSUB lookup table is not supported and will be ignored
Jul 23, 2024 2:15:17 PM tech.grasshopper.pdf.PDFCucumberReport collectReportConfiguration
INFO: PDF report configuration YAML file not found. Using default settings.
14:15:18.176 [main] DEBUG org.apache.fontbox.ttf.GlyphSubstitutionTable - Type 4 GSUB lookup table is not supported and will be ignored
14:15:18.176 [main] DEBUG org.apache.fontbox.ttf.GlyphSubstitutionTable - Type 4 GSUB lookup table is not supported and will be ignored
14:15:18.176 [main] DEBUG org.apache.fontbox.ttf.GlyphSubstitutionTable - Type 6 GSUB lookup table is not supported and will be ignored
14:15:18.176 [main] DEBUG org.apache.fontbox.ttf.GlyphSubstitutionTable - Type 4 GSUB lookup table is not supported and will be ignored
14:15:18.176 [main] DEBUG org.apache.fontbox.ttf.GlyphSubstitutionTable - Type 4 GSUB lookup table is not supported and will be ignored
14:15:18.261 [main] DEBUG org.apache.fontbox.util.autodetect.FontFileFinder - checkFontfile check C:\Windows\FONTS\8514fix.fon
14:15:18.261 [main] DEBUG org.apache.fontbox.util.autodetect.FontFileFinder - checkFontfile check C:\Windows\FONTS\8514fixe.fon
14:15:18.261 [main] DEBUG org.apache.fontbox.util.autodetect.FontFileFinder - checkFontfile check C:\Windows\FONTS\8514fixg.fon
14:15:18.261 [main] DEBUG org.apache.fontbox.util.autodetect.FontFileFinder - checkFontfile check C:\Windows\FONTS\8514fixr.fon
14:15:18.262 [main] DEBUG org.apache.fontbox.util.autodetect.FontFileFinder - checkFontfile check C:\Windows\FONTS\8514fixt.fon
14:15:18.262 [main] DEBUG org.apache.fontbox.util.autodetect.FontFileFinder - checkFontfile check C:\Windows\FONTS\8514oem.fon
14:15:18.262 [main] DEBUG org.apache.fontbox.util.autodetect.FontFileFinder - checkFontfile check C:\Windows\FONTS\8514oeme.fon
14:15:18.262 [main] DEBUG org.apache.fontbox.util.autodetect.FontFileFinder - checkFontfile check C:\Windows\FONTS\8514oemg.fon
14:15:18.262 [main] DEBUG org.apache.fontbox.util.autodetect.FontFileFinder - checkFontfile check C:\Windows\FONTS\8514oemr.fon
14:15:18.262 [main] DEBUG org.apache.fontbox.util.autodetect.FontFileFinder - checkFontfile check C:\Windows\FONTS\8514oemt.fon
14:15:18.262 [main] DEBUG org.apache.fontbox.util.autodetect.FontFileFinder - checkFontfile check C:\Windows\FONTS\8514sys.fon
14:15:18.262 [main] DEBUG org.apache.fontbox.util.autodetect.FontFileFinder - checkFontfile check C:\Windows\FONTS\8514syse.fon
14:15:18.262 [main] DEBUG org.apache.fontbox.util.autodetect.FontFileFinder - checkFontfile check C:\Windows\FONTS\8514sysg.fon
14:15:18.262 [main] DEBUG org.apache.fontbox.util.autodetect.FontFileFinder - checkFontfile check C:\Windows\FONTS\8514sysr.fon
14:15:18.262 [main] DEBUG org.apache.fontbox.util.autodetect.FontFileFinder - checkFontfile check C:\Windows\FONTS\8514syst.fon
14:15:18.262 [main] DEBUG org.apache.fontbox.util.autodetect.FontFileFinder - checkFontfile check C:\Windows\FONTS\85775.fon
14:15:18.263 [main] DEBUG org.apache.fontbox.util.autodetect.FontFileFinder - checkFontfile check C:\Windows\FONTS\85855.fon
14:15:18.263 [main] DEBUG org.apache.fontbox.util.autodetect.FontFileFinder - checkFontfile check C:\Windows\FONTS\85f1255.fon
14:15:18.263 [main] DEBUG org.apache.fontbox.util.autodetect.FontFileFinder - checkFontfile check C:\Windows\FONTS\85f1256.fon
14:15:18.263 [main] DEBUG org.apache.fontbox.util.autodetect.FontFileFinder - checkFontfile check C:\Windows\FONTS\85f1257.fon
14:15:18.263 [main] DEBUG org.apache.fontbox.util.autodetect.FontFileFinder - checkFontfile check C:\Windows\FONTS\85f874.fon
14:15:18.263 [main] DEBUG org.apache.fontbox.util.autodetect.FontFileFinder - checkFontfile check C:\Windows\FONTS\85s1255.fon
14:15:18.263 [main] DEBUG org.apache.fontbox.util.autodetect.FontFileFinder - checkFontfile check C:\Windows\FONTS\85s1256.fon
14:15:18.263 [main] DEBUG org.apache.fontbox.util.autodetect.FontFileFinder - checkFontfile check C:\Windows\FONTS\85s1257.fon
14:15:18.263 [main] DEBUG org.apache.fontbox.util.autodetect.FontFileFinder - checkFontfile check C:\Windows\FONTS\85s874.fon
14:15:18.263 [main] DEBUG org.apache.fontbox.util.autodetect.FontFileFinder - checkFontfile check C:\Windows\FONTS\AGENCYB.TTF
14:15:18.263 [main] DEBUG org.apache.fontbox.util.autodetect.FontFileFinder - checkFontfile found C:\Windows\FONTS\AGENCYB.TTF
14:15:18.263 [main] DEBUG org.apache.fontbox.util.autodetect.FontFileFinder - checkFontfile check C:\Windows\FONTS\AGENCYR.TTF
14:15:18.263 [main] DEBUG org.apache.fontbox.util.autodetect.FontFileFinder - checkFontfile found C:\Windows\FONTS\AGENCYR.TTF
14:15:18.263 [main] DEBUG org.apache.fontbox.util.autodetect.FontFileFinder - checkFontfile check C:\Windows\FONTS\ALGER.TTF
14:15:18.263 [main] DEBUG org.apache.fontbox.util.autodetect.FontFileFinder - checkFontfile found C:\Windows\FONTS\ALGER.TTF
14:15:18.264 [main] DEBUG org.apache.fontbox.util.autodetect.FontFileFinder - checkFontfile check C:\Windows\FONTS\ANTQUAB.TTF
14:15:18.264 [main] DEBUG org.apache.fontbox.util.autodetect.FontFileFinder - checkFontfile found C:\Windows\FONTS\ANTQUAB.TTF
14:15:18.264 [main] DEBUG org.apache.fontbox.util.autodetect.FontFileFinder - checkFontfile check C:\Windows\FONTS\ANTQUABI.TTF
14:15:18.264 [main] DEBUG org.apache.fontbox.util.autodetect.FontFileFinder - checkFontfile found C:\Windows\FONTS\ANTQUABI.TTF
14:15:18.264 [main] DEBUG org.apache.fontbox.util.autodetect.FontFileFinder - checkFontfile check C:\Windows\FONTS\ANTQUAI.TTF
14:15:18.264 [main] DEBUG org.apache.fontbox.util.autodetect.FontFileFinder - checkFontfile found C:\Windows\FONTS\ANTQUAI.TTF
14:15:18.264 [main] DEBUG org.apache.fontbox.util.autodetect.FontFileFinder - checkFontfile check C:\Windows\FONTS\app775.fon
14:15:18.264 [main] DEBUG org.apache.fontbox.util.autodetect.FontFileFinder - checkFontfile check C:\Windows\FONTS\app850.fon
14:15:18.264 [main] DEBUG org.apache.fontbox.util.autodetect.FontFileFinder - checkFontfile check C:\Windows\FONTS\app852.fon
14:15:18.264 [main] DEBUG org.apache.fontbox.util.autodetect.FontFileFinder - checkFontfile check C:\Windows\FONTS\app855.fon
14:15:18.264 [main] DEBUG org.apache.fontbox.util.autodetect.FontFileFinder - checkFontfile check C:\Windows\FONTS\app857.fon
14:15:18.264 [main] DEBUG org.apache.fontbox.util.autodetect.FontFileFinder - checkFontfile check C:\Windows\FONTS\app866.fon
14:15:18.265 [main] DEBUG org.apache.fontbox.util.autodetect.FontFileFinder - checkFontfile check C:\Windows\FONTS\app932.fon
14:15:18.265 [main] DEBUG org.apache.fontbox.util.autodetect.FontFileFinder - checkFontfile check C:\Windows\FONTS\app936.fon
14:15:18.265 [main] DEBUG org.apache.fontbox.util.autodetect.FontFileFinder - checkFontfile check C:\Windows\FONTS\app949.fon
14:15:18.265 [main] DEBUG org.apache.fontbox.util.autodetect.FontFileFinder - checkFontfile check C:\Windows\FONTS\app950.fon
14:15:18.265 [main] DEBUG org.apache.fontbox.util.autodetect.FontFileFinder - checkFontfile check C:\Windows\FONTS\arial.ttf
14:15:18.265 [main] DEBUG org.apache.fontbox.util.autodetect.FontFileFinder - checkFontfile found C:\Windows\FONTS\arial.ttf
14:15:18.265 [main] DEBUG org.apache.fontbox.util.autodetect.FontFileFinder - checkFontfile check C:\Windows\FONTS\arialbd.ttf
14:15:18.265 [main] DEBUG org.apache.fontbox.util.autodetect.FontFileFinder - checkFontfile found C:\Windows\FONTS\arialbd.ttf
14:15:18.265 [main] DEBUG org.apache.fontbox.util.autodetect.FontFileFinder - checkFontfile check C:\Windows\FONTS\arialbi.ttf
14:15:18.265 [main] DEBUG org.apache.fontbox.util.autodetect.FontFileFinder - checkFontfile found C:\Windows\FONTS\arialbi.ttf
14:15:18.265 [main] DEBUG org.apache.fontbox.util.autodetect.FontFileFinder - checkFontfile check C:\Windows\FONTS\ariali.ttf
14:15:18.265 [main] DEBUG org.apache.fontbox.util.autodetect.FontFileFinder - checkFontfile found C:\Windows\FONTS\ariali.ttf
14:15:18.265 [main] DEBUG org.apache.fontbox.util.autodetect.FontFileFinder - checkFontfile check C:\Windows\FONTS\ARIALN.TTF
14:15:18.265 [main] DEBUG org.apache.fontbox.util.autodetect.FontFileFinder - checkFontfile found C:\Windows\FONTS\ARIALN.TTF
14:15:18.266 [main] DEBUG org.apache.fontbox.util.autodetect.FontFileFinder - checkFontfile check C:\Windows\FONTS\ARIALNB.TTF
14:15:18.266 [main] DEBUG org.apache.fontbox.util.autodetect.FontFileFinder - checkFontfile found C:\Windows\FONTS\ARIALNB.TTF
14:15:18.266 [main] DEBUG org.apache.fontbox.util.autodetect.FontFileFinder - checkFontfile check C:\Windows\FONTS\ARIALNBI.TTF
14:15:18.266 [main] DEBUG org.apache.fontbox.util.autodetect.FontFileFinder - checkFontfile found C:\Windows\FONTS\ARIALNBI.TTF
14:15:18.266 [main] DEBUG org.apache.fontbox.util.autodetect.FontFileFinder - checkFontfile check C:\Windows\FONTS\ARIALNI.TTF
14:15:18.266 [main] DEBUG org.apache.fontbox.util.autodetect.FontFileFinder - checkFontfile found C:\Windows\FONTS\ARIALNI.TTF
14:15:18.267 [main] DEBUG org.apache.fontbox.util.autodetect.FontFileFinder - checkFontfile check C:\Windows\FONTS\ariblk.ttf
14:15:18.267 [main] DEBUG org.apache.fontbox.util.autodetect.FontFileFinder - checkFontfile found C:\Windows\FONTS\ariblk.ttf
14:15:18.267 [main] DEBUG org.apache.fontbox.util.autodetect.FontFileFinder - checkFontfile check C:\Windows\FONTS\ARLRDBD.TTF
14:15:18.267 [main] DEBUG org.apache.fontbox.util.autodetect.FontFileFinder - checkFontfile found C:\Windows\FONTS\ARLRDBD.TTF
14:15:18.267 [main] DEBUG org.apache.fontbox.util.autodetect.FontFileFinder - checkFontfile check C:\Windows\FONTS\bahnschrift.ttf
14:15:18.267 [main] DEBUG org.apache.fontbox.util.autodetect.FontFileFinder - checkFontfile found C:\Windows\FONTS\bahnschrift.ttf
14:15:18.268 [main] DEBUG org.apache.fontbox.util.autodetect.FontFileFinder - checkFontfile check C:\Windows\FONTS\BASKVILL.TTF
14:15:18.268 [main] DEBUG org.apache.fontbox.util.autodetect.FontFileFinder - checkFontfile found C:\Windows\FONTS\BASKVILL.TTF
14:15:18.268 [main] DEBUG org.apache.fontbox.util.autodetect.FontFileFinder - checkFontfile check C:\Windows\FONTS\BAUHS93.TTF
14:15:18.268 [main] DEBUG org.apache.fontbox.util.autodetect.FontFileFinder - checkFontfile found C:\Windows\FONTS\BAUHS93.TTF
14:15:18.269 [main] DEBUG org.apache.fontbox.util.autodetect.FontFileFinder - checkFontfile check C:\Windows\FONTS\BELL.TTF
14:15:18.269 [main] DEBUG org.apache.fontbox.util.autodetect.FontFileFinder - checkFontfile found C:\Windows\FONTS\BELL.TTF
14:15:18.269 [main] DEBUG org.apache.fontbox.util.autodetect.FontFileFinder - checkFontfile check C:\Windows\FONTS\BELLB.TTF
14:15:18.269 [main] DEBUG org.apache.fontbox.util.autodetect.FontFileFinder - checkFontfile found C:\Windows\FONTS\BELLB.TTF
14:15:18.269 [main] DEBUG org.apache.fontbox.util.autodetect.FontFileFinder - checkFontfile check C:\Windows\FONTS\BELLI.TTF
14:15:18.269 [main] DEBUG org.apache.fontbox.util.autodetect.FontFileFinder - checkFontfile found C:\Windows\FONTS\BELLI.TTF
14:15:18.269 [main] DEBUG org.apache.fontbox.util.autodetect.FontFileFinder - checkFontfile check C:\Windows\FONTS\BERNHC.TTF
14:15:18.269 [main] DEBUG org.apache.fontbox.util.autodetect.FontFileFinder - checkFontfile found C:\Windows\FONTS\BERNHC.TTF
14:15:18.269 [main] DEBUG org.apache.fontbox.util.autodetect.FontFileFinder - checkFontfile check C:\Windows\FONTS\BKANT.TTF
14:15:18.269 [main] DEBUG org.apache.fontbox.util.autodetect.FontFileFinder - checkFontfile found C:\Windows\FONTS\BKANT.TTF
14:15:18.269 [main] DEBUG org.apache.fontbox.util.autodetect.FontFileFinder - checkFontfile check C:\Windows\FONTS\BOD_B.TTF
14:15:18.269 [main] DEBUG org.apache.fontbox.util.autodetect.FontFileFinder - checkFontfile found C:\Windows\FONTS\BOD_B.TTF
14:15:18.270 [main] DEBUG org.apache.fontbox.util.autodetect.FontFileFinder - checkFontfile check C:\Windows\FONTS\BOD_BI.TTF
14:15:18.270 [main] DEBUG org.apache.fontbox.util.autodetect.FontFileFinder - checkFontfile found C:\Windows\FONTS\BOD_BI.TTF
14:15:18.270 [main] DEBUG org.apache.fontbox.util.autodetect.FontFileFinder - checkFontfile check C:\Windows\FONTS\BOD_BLAI.TTF
14:15:18.270 [main] DEBUG org.apache.fontbox.util.autodetect.FontFileFinder - checkFontfile found C:\Windows\FONTS\BOD_BLAI.TTF
14:15:18.270 [main] DEBUG org.apache.fontbox.util.autodetect.FontFileFinder - checkFontfile check C:\Windows\FONTS\BOD_BLAR.TTF
14:15:18.270 [main] DEBUG org.apache.fontbox.util.autodetect.FontFileFinder - checkFontfile found C:\Windows\FONTS\BOD_BLAR.TTF
14:15:18.270 [main] DEBUG org.apache.fontbox.util.autodetect.FontFileFinder - checkFontfile check C:\Windows\FONTS\BOD_CB.TTF
14:15:18.270 [main] DEBUG org.apache.fontbox.util.autodetect.FontFileFinder - checkFontfile found C:\Windows\FONTS\BOD_CB.TTF
14:15:18.270 [main] DEBUG org.apache.fontbox.util.autodetect.FontFileFinder - checkFontfile check C:\Windows\FONTS\BOD_CBI.TTF
14:15:18.270 [main] DEBUG org.apache.fontbox.util.autodetect.FontFileFinder - checkFontfile found C:\Windows\FONTS\BOD_CBI.TTF
14:15:18.270 [main] DEBUG org.apache.fontbox.util.autodetect.FontFileFinder - checkFontfile check C:\Windows\FONTS\BOD_CI.TTF
14:15:18.270 [main] DEBUG org.apache.fontbox.util.autodetect.FontFileFinder - checkFontfile found C:\Windows\FONTS\BOD_CI.TTF
14:15:18.270 [main] DEBUG org.apache.fontbox.util.autodetect.FontFileFinder - checkFontfile check C:\Windows\FONTS\BOD_CR.TTF
14:15:18.271 [main] DEBUG org.apache.fontbox.util.autodetect.FontFileFinder - checkFontfile found C:\Windows\FONTS\BOD_CR.TTF
14:15:18.271 [main] DEBUG org.apache.fontbox.util.autodetect.FontFileFinder - checkFontfile check C:\Windows\FONTS\BOD_I.TTF
14:15:18.271 [main] DEBUG org.apache.fontbox.util.autodetect.FontFileFinder - checkFontfile found C:\Windows\FONTS\BOD_I.TTF
14:15:18.271 [main] DEBUG org.apache.fontbox.util.autodetect.FontFileFinder - checkFontfile check C:\Windows\FONTS\BOD_PSTC.TTF
14:15:18.271 [main] DEBUG org.apache.fontbox.util.autodetect.FontFileFinder - checkFontfile found C:\Windows\FONTS\BOD_PSTC.TTF
14:15:18.271 [main] DEBUG org.apache.fontbox.util.autodetect.FontFileFinder - checkFontfile check C:\Windows\FONTS\BOD_R.TTF
14:15:18.271 [main] DEBUG org.apache.fontbox.util.autodetect.FontFileFinder - checkFontfile found C:\Windows\FONTS\BOD_R.TTF
14:15:18.271 [main] DEBUG org.apache.fontbox.util.autodetect.FontFileFinder - checkFontfile check C:\Windows\FONTS\BOOKOS.TTF
14:15:18.271 [main] DEBUG org.apache.fontbox.util.autodetect.FontFileFinder - checkFontfile found C:\Windows\FONTS\BOOKOS.TTF
14:15:18.271 [main] DEBUG org.apache.fontbox.util.autodetect.FontFileFinder - checkFontfile check C:\Windows\FONTS\BOOKOSB.TTF
14:15:18.271 [main] DEBUG org.apache.fontbox.util.autodetect.FontFileFinder - checkFontfile found C:\Windows\FONTS\BOOKOSB.TTF
14:15:18.271 [main] DEBUG org.apache.fontbox.util.autodetect.FontFileFinder - checkFontfile check C:\Windows\FONTS\BOOKOSBI.TTF
14:15:18.271 [main] DEBUG org.apache.fontbox.util.autodetect.FontFileFinder - checkFontfile found C:\Windows\FONTS\BOOKOSBI.TTF
14:15:18.271 [main] DEBUG org.apache.fontbox.util.autodetect.FontFileFinder - checkFontfile check C:\Windows\FONTS\BOOKOSI.TTF
14:15:18.271 [main] DEBUG org.apache.fontbox.util.autodetect.FontFileFinder - checkFontfile found C:\Windows\FONTS\BOOKOSI.TTF
14:15:18.272 [main] DEBUG org.apache.fontbox.util.autodetect.FontFileFinder - checkFontfile check C:\Windows\FONTS\BRADHITC.TTF
14:15:18.272 [main] DEBUG org.apache.fontbox.util.autodetect.FontFileFinder - checkFontfile found C:\Windows\FONTS\BRADHITC.TTF
14:15:18.272 [main] DEBUG org.apache.fontbox.util.autodetect.FontFileFinder - checkFontfile check C:\Windows\FONTS\BRITANIC.TTF
14:15:18.272 [main] DEBUG org.apache.fontbox.util.autodetect.FontFileFinder - checkFontfile found C:\Windows\FONTS\BRITANIC.TTF
14:15:18.272 [main] DEBUG org.apache.fontbox.util.autodetect.FontFileFinder - checkFontfile check C:\Windows\FONTS\BRLNSB.TTF
14:15:18.272 [main] DEBUG org.apache.fontbox.util.autodetect.FontFileFinder - checkFontfile found C:\Windows\FONTS\BRLNSB.TTF
14:15:18.272 [main] DEBUG org.apache.fontbox.util.autodetect.FontFileFinder - checkFontfile check C:\Windows\FONTS\BRLNSDB.TTF
14:15:18.272 [main] DEBUG org.apache.fontbox.util.autodetect.FontFileFinder - checkFontfile found C:\Windows\FONTS\BRLNSDB.TTF
14:15:18.272 [main] DEBUG org.apache.fontbox.util.autodetect.FontFileFinder - checkFontfile check C:\Windows\FONTS\BRLNSR.TTF
14:15:18.272 [main] DEBUG org.apache.fontbox.util.autodetect.FontFileFinder - checkFontfile found C:\Windows\FONTS\BRLNSR.TTF
14:15:18.273 [main] DEBUG org.apache.fontbox.util.autodetect.FontFileFinder - checkFontfile check C:\Windows\FONTS\BROADW.TTF
14:15:18.273 [main] DEBUG org.apache.fontbox.util.autodetect.FontFileFinder - checkFontfile found C:\Windows\FONTS\BROADW.TTF
14:15:18.273 [main] DEBUG org.apache.fontbox.util.autodetect.FontFileFinder - checkFontfile check C:\Windows\FONTS\BRUSHSCI.TTF
14:15:18.273 [main] DEBUG org.apache.fontbox.util.autodetect.FontFileFinder - checkFontfile found C:\Windows\FONTS\BRUSHSCI.TTF
14:15:18.273 [main] DEBUG org.apache.fontbox.util.autodetect.FontFileFinder - checkFontfile check C:\Windows\FONTS\BSSYM7.TTF
14:15:18.273 [main] DEBUG org.apache.fontbox.util.autodetect.FontFileFinder - checkFontfile found C:\Windows\FONTS\BSSYM7.TTF
14:15:18.273 [main] DEBUG org.apache.fontbox.util.autodetect.FontFileFinder - checkFontfile check C:\Windows\FONTS\c8514fix.fon
14:15:18.273 [main] DEBUG org.apache.fontbox.util.autodetect.FontFileFinder - checkFontfile check C:\Windows\FONTS\c8514oem.fon
14:15:18.273 [main] DEBUG org.apache.fontbox.util.autodetect.FontFileFinder - checkFontfile check C:\Windows\FONTS\c8514sys.fon
14:15:18.273 [main] DEBUG org.apache.fontbox.util.autodetect.FontFileFinder - checkFontfile check C:\Windows\FONTS\calibri.ttf
14:15:18.273 [main] DEBUG org.apache.fontbox.util.autodetect.FontFileFinder - checkFontfile found C:\Windows\FONTS\calibri.ttf
14:15:18.273 [main] DEBUG org.apache.fontbox.util.autodetect.FontFileFinder - checkFontfile check C:\Windows\FONTS\calibrib.ttf
14:15:18.273 [main] DEBUG org.apache.fontbox.util.autodetect.FontFileFinder - checkFontfile found C:\Windows\FONTS\calibrib.ttf
14:15:18.274 [main] DEBUG org.apache.fontbox.util.autodetect.FontFileFinder - checkFontfile check C:\Windows\FONTS\calibrii.ttf
14:15:18.274 [main] DEBUG org.apache.fontbox.util.autodetect.FontFileFinder - checkFontfile found C:\Windows\FONTS\calibrii.ttf
14:15:18.274 [main] DEBUG org.apache.fontbox.util.autodetect.FontFileFinder - checkFontfile check C:\Windows\FONTS\calibril.ttf
14:15:18.274 [main] DEBUG org.apache.fontbox.util.autodetect.FontFileFinder - checkFontfile found C:\Windows\FONTS\calibril.ttf
14:15:18.274 [main] DEBUG org.apache.fontbox.util.autodetect.FontFileFinder - checkFontfile check C:\Windows\FONTS\calibrili.ttf
14:15:18.274 [main] DEBUG org.apache.fontbox.util.autodetect.FontFileFinder - checkFontfile found C:\Windows\FONTS\calibrili.ttf
14:15:18.274 [main] DEBUG org.apache.fontbox.util.autodetect.FontFileFinder - checkFontfile check C:\Windows\FONTS\calibriz.ttf
14:15:18.274 [main] DEBUG org.apache.fontbox.util.autodetect.FontFileFinder - checkFontfile found C:\Windows\FONTS\calibriz.ttf
14:15:18.275 [main] DEBUG org.apache.fontbox.util.autodetect.FontFileFinder - checkFontfile check C:\Windows\FONTS\CALIFB.TTF
14:15:18.275 [main] DEBUG org.apache.fontbox.util.autodetect.FontFileFinder - checkFontfile found C:\Windows\FONTS\CALIFB.TTF
14:15:18.275 [main] DEBUG org.apache.fontbox.util.autodetect.FontFileFinder - checkFontfile check C:\Windows\FONTS\CALIFI.TTF
14:15:18.275 [main] DEBUG org.apache.fontbox.util.autodetect.FontFileFinder - checkFontfile found C:\Windows\FONTS\CALIFI.TTF
14:15:18.275 [main] DEBUG org.apache.fontbox.util.autodetect.FontFileFinder - checkFontfile check C:\Windows\FONTS\CALIFR.TTF
14:15:18.275 [main] DEBUG org.apache.fontbox.util.autodetect.FontFileFinder - checkFontfile found C:\Windows\FONTS\CALIFR.TTF
14:15:18.275 [main] DEBUG org.apache.fontbox.util.autodetect.FontFileFinder - checkFontfile check C:\Windows\FONTS\CALIST.TTF
14:15:18.276 [main] DEBUG org.apache.fontbox.util.autodetect.FontFileFinder - checkFontfile found C:\Windows\FONTS\CALIST.TTF
14:15:18.276 [main] DEBUG org.apache.fontbox.util.autodetect.FontFileFinder - checkFontfile check C:\Windows\FONTS\CALISTB.TTF
14:15:18.276 [main] DEBUG org.apache.fontbox.util.autodetect.FontFileFinder - checkFontfile found C:\Windows\FONTS\CALISTB.TTF
14:15:18.276 [main] DEBUG org.apache.fontbox.util.autodetect.FontFileFinder - checkFontfile check C:\Windows\FONTS\CALISTBI.TTF
14:15:18.276 [main] DEBUG org.apache.fontbox.util.autodetect.FontFileFinder - checkFontfile found C:\Windows\FONTS\CALISTBI.TTF
14:15:18.276 [main] DEBUG org.apache.fontbox.util.autodetect.FontFileFinder - checkFontfile check C:\Windows\FONTS\CALISTI.TTF
14:15:18.276 [main] DEBUG org.apache.fontbox.util.autodetect.FontFileFinder - checkFontfile found C:\Windows\FONTS\CALISTI.TTF
14:15:18.276 [main] DEBUG org.apache.fontbox.util.autodetect.FontFileFinder - checkFontfile check C:\Windows\FONTS\cambria.ttc
14:15:18.276 [main] DEBUG org.apache.fontbox.util.autodetect.FontFileFinder - checkFontfile found C:\Windows\FONTS\cambria.ttc
14:15:18.276 [main] DEBUG org.apache.fontbox.util.autodetect.FontFileFinder - checkFontfile check C:\Windows\FONTS\cambriab.ttf
14:15:18.276 [main] DEBUG org.apache.fontbox.util.autodetect.FontFileFinder - checkFontfile found C:\Windows\FONTS\cambriab.ttf
14:15:18.277 [main] DEBUG org.apache.fontbox.util.autodetect.FontFileFinder - checkFontfile check C:\Windows\FONTS\cambriai.ttf
14:15:18.277 [main] DEBUG org.apache.fontbox.util.autodetect.FontFileFinder - checkFontfile found C:\Windows\FONTS\cambriai.ttf
14:15:18.277 [main] DEBUG org.apache.fontbox.util.autodetect.FontFileFinder - checkFontfile check C:\Windows\FONTS\cambriaz.ttf
14:15:18.277 [main] DEBUG org.apache.fontbox.util.autodetect.FontFileFinder - checkFontfile found C:\Windows\FONTS\cambriaz.ttf
14:15:18.277 [main] DEBUG org.apache.fontbox.util.autodetect.FontFileFinder - checkFontfile check C:\Windows\FONTS\Candara.ttf
14:15:18.277 [main] DEBUG org.apache.fontbox.util.autodetect.FontFileFinder - checkFontfile found C:\Windows\FONTS\Candara.ttf
14:15:18.277 [main] DEBUG org.apache.fontbox.util.autodetect.FontFileFinder - checkFontfile check C:\Windows\FONTS\Candarab.ttf
14:15:18.277 [main] DEBUG org.apache.fontbox.util.autodetect.FontFileFinder - checkFontfile found C:\Windows\FONTS\Candarab.ttf
14:15:18.277 [main] DEBUG org.apache.fontbox.util.autodetect.FontFileFinder - checkFontfile check C:\Windows\FONTS\Candarai.ttf
14:15:18.277 [main] DEBUG org.apache.fontbox.util.autodetect.FontFileFinder - checkFontfile found C:\Windows\FONTS\Candarai.ttf
14:15:18.278 [main] DEBUG org.apache.fontbox.util.autodetect.FontFileFinder - checkFontfile check C:\Windows\FONTS\Candaral.ttf
14:15:18.278 [main] DEBUG org.apache.fontbox.util.autodetect.FontFileFinder - checkFontfile found C:\Windows\FONTS\Candaral.ttf
14:15:18.278 [main] DEBUG org.apache.fontbox.util.autodetect.FontFileFinder - checkFontfile check C:\Windows\FONTS\Candarali.ttf
14:15:18.278 [main] DEBUG org.apache.fontbox.util.autodetect.FontFileFinder - checkFontfile found C:\Windows\FONTS\Candarali.ttf
14:15:18.278 [main] DEBUG org.apache.fontbox.util.autodetect.FontFileFinder - checkFontfile check C:\Windows\FONTS\Candaraz.ttf
14:15:18.278 [main] DEBUG org.apache.fontbox.util.autodetect.FontFileFinder - checkFontfile found C:\Windows\FONTS\Candaraz.ttf
14:15:18.278 [main] DEBUG org.apache.fontbox.util.autodetect.FontFileFinder - checkFontfile check C:\Windows\FONTS\CASTELAR.TTF
14:15:18.278 [main] DEBUG org.apache.fontbox.util.autodetect.FontFileFinder - checkFontfile found C:\Windows\FONTS\CASTELAR.TTF
14:15:18.279 [main] DEBUG org.apache.fontbox.util.autodetect.FontFileFinder - checkFontfile check C:\Windows\FONTS\CENSCBK.TTF
14:15:18.279 [main] DEBUG org.apache.fontbox.util.autodetect.FontFileFinder - checkFontfile found C:\Windows\FONTS\CENSCBK.TTF
14:15:18.279 [main] DEBUG org.apache.fontbox.util.autodetect.FontFileFinder - checkFontfile check C:\Windows\FONTS\CENTAUR.TTF
14:15:18.279 [main] DEBUG org.apache.fontbox.util.autodetect.FontFileFinder - checkFontfile found C:\Windows\FONTS\CENTAUR.TTF
14:15:18.279 [main] DEBUG org.apache.fontbox.util.autodetect.FontFileFinder - checkFontfile check C:\Windows\FONTS\CENTURY.TTF
14:15:18.279 [main] DEBUG org.apache.fontbox.util.autodetect.FontFileFinder - checkFontfile found C:\Windows\FONTS\CENTURY.TTF
14:15:18.279 [main] DEBUG org.apache.fontbox.util.autodetect.FontFileFinder - checkFontfile check C:\Windows\FONTS\cga40737.fon
14:15:18.279 [main] DEBUG org.apache.fontbox.util.autodetect.FontFileFinder - checkFontfile check C:\Windows\FONTS\cga40850.fon
14:15:18.280 [main] DEBUG org.apache.fontbox.util.autodetect.FontFileFinder - checkFontfile check C:\Windows\FONTS\cga40852.fon
14:15:18.280 [main] DEBUG org.apache.fontbox.util.autodetect.FontFileFinder - checkFontfile check C:\Windows\FONTS\cga40857.fon
14:15:18.280 [main] DEBUG org.apache.fontbox.util.autodetect.FontFileFinder - checkFontfile check C:\Windows\FONTS\cga40866.fon
14:15:18.280 [main] DEBUG org.apache.fontbox.util.autodetect.FontFileFinder - checkFontfile check C:\Windows\FONTS\cga40869.fon
14:15:18.280 [main] DEBUG org.apache.fontbox.util.autodetect.FontFileFinder - checkFontfile check C:\Windows\FONTS\cga40woa.fon
14:15:18.280 [main] DEBUG org.apache.fontbox.util.autodetect.FontFileFinder - checkFontfile check C:\Windows\FONTS\cga80737.fon
14:15:18.280 [main] DEBUG org.apache.fontbox.util.autodetect.FontFileFinder - checkFontfile check C:\Windows\FONTS\cga80850.fon
14:15:18.280 [main] DEBUG org.apache.fontbox.util.autodetect.FontFileFinder - checkFontfile check C:\Windows\FONTS\cga80852.fon
14:15:18.280 [main] DEBUG org.apache.fontbox.util.autodetect.FontFileFinder - checkFontfile check C:\Windows\FONTS\cga80857.fon
14:15:18.280 [main] DEBUG org.apache.fontbox.util.autodetect.FontFileFinder - checkFontfile check C:\Windows\FONTS\cga80866.fon
14:15:18.280 [main] DEBUG org.apache.fontbox.util.autodetect.FontFileFinder - checkFontfile check C:\Windows\FONTS\cga80869.fon
14:15:18.280 [main] DEBUG org.apache.fontbox.util.autodetect.FontFileFinder - checkFontfile check C:\Windows\FONTS\cga80woa.fon
14:15:18.280 [main] DEBUG org.apache.fontbox.util.autodetect.FontFileFinder - checkFontfile check C:\Windows\FONTS\CHILLER.TTF
14:15:18.280 [main] DEBUG org.apache.fontbox.util.autodetect.FontFileFinder - checkFontfile found C:\Windows\FONTS\CHILLER.TTF
14:15:18.280 [main] DEBUG org.apache.fontbox.util.autodetect.FontFileFinder - checkFontfile check C:\Windows\FONTS\COLONNA.TTF
14:15:18.280 [main] DEBUG org.apache.fontbox.util.autodetect.FontFileFinder - checkFontfile found C:\Windows\FONTS\COLONNA.TTF
14:15:18.281 [main] DEBUG org.apache.fontbox.util.autodetect.FontFileFinder - checkFontfile check C:\Windows\FONTS\comic.ttf
14:15:18.281 [main] DEBUG org.apache.fontbox.util.autodetect.FontFileFinder - checkFontfile found C:\Windows\FONTS\comic.ttf
14:15:18.281 [main] DEBUG org.apache.fontbox.util.autodetect.FontFileFinder - checkFontfile check C:\Windows\FONTS\comicbd.ttf
14:15:18.281 [main] DEBUG org.apache.fontbox.util.autodetect.FontFileFinder - checkFontfile found C:\Windows\FONTS\comicbd.ttf
14:15:18.281 [main] DEBUG org.apache.fontbox.util.autodetect.FontFileFinder - checkFontfile check C:\Windows\FONTS\comici.ttf
14:15:18.281 [main] DEBUG org.apache.fontbox.util.autodetect.FontFileFinder - checkFontfile found C:\Windows\FONTS\comici.ttf
14:15:18.281 [main] DEBUG org.apache.fontbox.util.autodetect.FontFileFinder - checkFontfile check C:\Windows\FONTS\comicz.ttf
14:15:18.281 [main] DEBUG org.apache.fontbox.util.autodetect.FontFileFinder - checkFontfile found C:\Windows\FONTS\comicz.ttf
14:15:18.281 [main] DEBUG org.apache.fontbox.util.autodetect.FontFileFinder - checkFontfile check C:\Windows\FONTS\consola.ttf
14:15:18.281 [main] DEBUG org.apache.fontbox.util.autodetect.FontFileFinder - checkFontfile found C:\Windows\FONTS\consola.ttf
14:15:18.281 [main] DEBUG org.apache.fontbox.util.autodetect.FontFileFinder - checkFontfile check C:\Windows\FONTS\consolab.ttf
14:15:18.282 [main] DEBUG org.apache.fontbox.util.autodetect.FontFileFinder - checkFontfile found C:\Windows\FONTS\consolab.ttf
14:15:18.282 [main] DEBUG org.apache.fontbox.util.autodetect.FontFileFinder - checkFontfile check C:\Windows\FONTS\consolai.ttf
14:15:18.282 [main] DEBUG org.apache.fontbox.util.autodetect.FontFileFinder - checkFontfile found C:\Windows\FONTS\consolai.ttf
14:15:18.282 [main] DEBUG org.apache.fontbox.util.autodetect.FontFileFinder - checkFontfile check C:\Windows\FONTS\consolaz.ttf
14:15:18.282 [main] DEBUG org.apache.fontbox.util.autodetect.FontFileFinder - checkFontfile found C:\Windows\FONTS\consolaz.ttf
14:15:18.282 [main] DEBUG org.apache.fontbox.util.autodetect.FontFileFinder - checkFontfile check C:\Windows\FONTS\constan.ttf
14:15:18.282 [main] DEBUG org.apache.fontbox.util.autodetect.FontFileFinder - checkFontfile found C:\Windows\FONTS\constan.ttf
14:15:18.282 [main] DEBUG org.apache.fontbox.util.autodetect.FontFileFinder - checkFontfile check C:\Windows\FONTS\constanb.ttf
14:15:18.282 [main] DEBUG org.apache.fontbox.util.autodetect.FontFileFinder - checkFontfile found C:\Windows\FONTS\constanb.ttf
14:15:18.283 [main] DEBUG org.apache.fontbox.util.autodetect.FontFileFinder - checkFontfile check C:\Windows\FONTS\constani.ttf
14:15:18.283 [main] DEBUG org.apache.fontbox.util.autodetect.FontFileFinder - checkFontfile found C:\Windows\FONTS\constani.ttf
14:15:18.283 [main] DEBUG org.apache.fontbox.util.autodetect.FontFileFinder - checkFontfile check C:\Windows\FONTS\constanz.ttf
14:15:18.283 [main] DEBUG org.apache.fontbox.util.autodetect.FontFileFinder - checkFontfile found C:\Windows\FONTS\constanz.ttf
14:15:18.283 [main] DEBUG org.apache.fontbox.util.autodetect.FontFileFinder - checkFontfile check C:\Windows\FONTS\COOPBL.TTF
14:15:18.283 [main] DEBUG org.apache.fontbox.util.autodetect.FontFileFinder - checkFontfile found C:\Windows\FONTS\COOPBL.TTF
14:15:18.284 [main] DEBUG org.apache.fontbox.util.autodetect.FontFileFinder - checkFontfile check C:\Windows\FONTS\COPRGTB.TTF
14:15:18.284 [main] DEBUG org.apache.fontbox.util.autodetect.FontFileFinder - checkFontfile found C:\Windows\FONTS\COPRGTB.TTF
14:15:18.284 [main] DEBUG org.apache.fontbox.util.autodetect.FontFileFinder - checkFontfile check C:\Windows\FONTS\COPRGTL.TTF
14:15:18.284 [main] DEBUG org.apache.fontbox.util.autodetect.FontFileFinder - checkFontfile found C:\Windows\FONTS\COPRGTL.TTF
14:15:18.284 [main] DEBUG org.apache.fontbox.util.autodetect.FontFileFinder - checkFontfile check C:\Windows\FONTS\corbel.ttf
14:15:18.284 [main] DEBUG org.apache.fontbox.util.autodetect.FontFileFinder - checkFontfile found C:\Windows\FONTS\corbel.ttf
14:15:18.284 [main] DEBUG org.apache.fontbox.util.autodetect.FontFileFinder - checkFontfile check C:\Windows\FONTS\corbelb.ttf
14:15:18.284 [main] DEBUG org.apache.fontbox.util.autodetect.FontFileFinder - checkFontfile found C:\Windows\FONTS\corbelb.ttf
14:15:18.284 [main] DEBUG org.apache.fontbox.util.autodetect.FontFileFinder - checkFontfile check C:\Windows\FONTS\corbeli.ttf
14:15:18.284 [main] DEBUG org.apache.fontbox.util.autodetect.FontFileFinder - checkFontfile found C:\Windows\FONTS\corbeli.ttf
14:15:18.284 [main] DEBUG org.apache.fontbox.util.autodetect.FontFileFinder - checkFontfile check C:\Windows\FONTS\corbell.ttf
14:15:18.284 [main] DEBUG org.apache.fontbox.util.autodetect.FontFileFinder - checkFontfile found C:\Windows\FONTS\corbell.ttf
14:15:18.284 [main] DEBUG org.apache.fontbox.util.autodetect.FontFileFinder - checkFontfile check C:\Windows\FONTS\corbelli.ttf
14:15:18.285 [main] DEBUG org.apache.fontbox.util.autodetect.FontFileFinder - checkFontfile found C:\Windows\FONTS\corbelli.ttf
14:15:18.285 [main] DEBUG org.apache.fontbox.util.autodetect.FontFileFinder - checkFontfile check C:\Windows\FONTS\corbelz.ttf
14:15:18.285 [main] DEBUG org.apache.fontbox.util.autodetect.FontFileFinder - checkFontfile found C:\Windows\FONTS\corbelz.ttf
14:15:18.285 [main] DEBUG org.apache.fontbox.util.autodetect.FontFileFinder - checkFontfile check C:\Windows\FONTS\coue1255.fon
14:15:18.285 [main] DEBUG org.apache.fontbox.util.autodetect.FontFileFinder - checkFontfile check C:\Windows\FONTS\coue1256.fon
14:15:18.285 [main] DEBUG org.apache.fontbox.util.autodetect.FontFileFinder - checkFontfile check C:\Windows\FONTS\coue1257.fon
14:15:18.285 [main] DEBUG org.apache.fontbox.util.autodetect.FontFileFinder - checkFontfile check C:\Windows\FONTS\couf1255.fon
14:15:18.285 [main] DEBUG org.apache.fontbox.util.autodetect.FontFileFinder - checkFontfile check C:\Windows\FONTS\couf1256.fon
14:15:18.285 [main] DEBUG org.apache.fontbox.util.autodetect.FontFileFinder - checkFontfile check C:\Windows\FONTS\couf1257.fon
14:15:18.285 [main] DEBUG org.apache.fontbox.util.autodetect.FontFileFinder - checkFontfile check C:\Windows\FONTS\cour.ttf
14:15:18.285 [main] DEBUG org.apache.fontbox.util.autodetect.FontFileFinder - checkFontfile found C:\Windows\FONTS\cour.ttf
14:15:18.285 [main] DEBUG org.apache.fontbox.util.autodetect.FontFileFinder - checkFontfile check C:\Windows\FONTS\courbd.ttf
14:15:18.285 [main] DEBUG org.apache.fontbox.util.autodetect.FontFileFinder - checkFontfile found C:\Windows\FONTS\courbd.ttf
14:15:18.286 [main] DEBUG org.apache.fontbox.util.autodetect.FontFileFinder - checkFontfile check C:\Windows\FONTS\courbi.ttf
14:15:18.286 [main] DEBUG org.apache.fontbox.util.autodetect.FontFileFinder - checkFontfile found C:\Windows\FONTS\courbi.ttf
14:15:18.286 [main] DEBUG org.apache.fontbox.util.autodetect.FontFileFinder - checkFontfile check C:\Windows\FONTS\coure.fon
14:15:18.286 [main] DEBUG org.apache.fontbox.util.autodetect.FontFileFinder - checkFontfile check C:\Windows\FONTS\couree.fon
14:15:18.286 [main] DEBUG org.apache.fontbox.util.autodetect.FontFileFinder - checkFontfile check C:\Windows\FONTS\coureg.fon
14:15:18.286 [main] DEBUG org.apache.fontbox.util.autodetect.FontFileFinder - checkFontfile check C:\Windows\FONTS\courer.fon
14:15:18.286 [main] DEBUG org.apache.fontbox.util.autodetect.FontFileFinder - checkFontfile check C:\Windows\FONTS\couret.fon
14:15:18.286 [main] DEBUG org.apache.fontbox.util.autodetect.FontFileFinder - checkFontfile check C:\Windows\FONTS\courf.fon
14:15:18.286 [main] DEBUG org.apache.fontbox.util.autodetect.FontFileFinder - checkFontfile check C:\Windows\FONTS\courfe.fon
14:15:18.286 [main] DEBUG org.apache.fontbox.util.autodetect.FontFileFinder - checkFontfile check C:\Windows\FONTS\courfg.fon
14:15:18.286 [main] DEBUG org.apache.fontbox.util.autodetect.FontFileFinder - checkFontfile check C:\Windows\FONTS\courfr.fon
14:15:18.287 [main] DEBUG org.apache.fontbox.util.autodetect.FontFileFinder - checkFontfile check C:\Windows\FONTS\courft.fon
14:15:18.287 [main] DEBUG org.apache.fontbox.util.autodetect.FontFileFinder - checkFontfile check C:\Windows\FONTS\couri.ttf
14:15:18.287 [main] DEBUG org.apache.fontbox.util.autodetect.FontFileFinder - checkFontfile found C:\Windows\FONTS\couri.ttf
14:15:18.287 [main] DEBUG org.apache.fontbox.util.autodetect.FontFileFinder - checkFontfile check C:\Windows\FONTS\CURLZ___.TTF
14:15:18.287 [main] DEBUG org.apache.fontbox.util.autodetect.FontFileFinder - checkFontfile found C:\Windows\FONTS\CURLZ___.TTF
14:15:18.287 [main] DEBUG org.apache.fontbox.util.autodetect.FontFileFinder - checkFontfile check C:\Windows\FONTS\cvgafix.fon
14:15:18.287 [main] DEBUG org.apache.fontbox.util.autodetect.FontFileFinder - checkFontfile check C:\Windows\FONTS\cvgasys.fon
14:15:18.287 [main] DEBUG org.apache.fontbox.util.autodetect.FontFileFinder - checkFontfile check C:\Windows\FONTS\desktop.ini
14:15:18.287 [main] DEBUG org.apache.fontbox.util.autodetect.FontFileFinder - checkFontfile check C:\Windows\FONTS\dos737.fon
14:15:18.287 [main] DEBUG org.apache.fontbox.util.autodetect.FontFileFinder - checkFontfile check C:\Windows\FONTS\dos869.fon
14:15:18.287 [main] DEBUG org.apache.fontbox.util.autodetect.FontFileFinder - checkFontfile check C:\Windows\FONTS\dosapp.fon
14:15:18.287 [main] DEBUG org.apache.fontbox.util.autodetect.FontFileFinder - checkFontfile check C:\Windows\FONTS\DUBAI-BOLD.TTF
14:15:18.287 [main] DEBUG org.apache.fontbox.util.autodetect.FontFileFinder - checkFontfile found C:\Windows\FONTS\DUBAI-BOLD.TTF
14:15:18.287 [main] DEBUG org.apache.fontbox.util.autodetect.FontFileFinder - checkFontfile check C:\Windows\FONTS\DUBAI-LIGHT.TTF
14:15:18.287 [main] DEBUG org.apache.fontbox.util.autodetect.FontFileFinder - checkFontfile found C:\Windows\FONTS\DUBAI-LIGHT.TTF
14:15:18.288 [main] DEBUG org.apache.fontbox.util.autodetect.FontFileFinder - checkFontfile check C:\Windows\FONTS\DUBAI-MEDIUM.TTF
14:15:18.288 [main] DEBUG org.apache.fontbox.util.autodetect.FontFileFinder - checkFontfile found C:\Windows\FONTS\DUBAI-MEDIUM.TTF
14:15:18.288 [main] DEBUG org.apache.fontbox.util.autodetect.FontFileFinder - checkFontfile check C:\Windows\FONTS\DUBAI-REGULAR.TTF
14:15:18.288 [main] DEBUG org.apache.fontbox.util.autodetect.FontFileFinder - checkFontfile found C:\Windows\FONTS\DUBAI-REGULAR.TTF
14:15:18.288 [main] DEBUG org.apache.fontbox.util.autodetect.FontFileFinder - checkFontfile check C:\Windows\FONTS\ebrima.ttf
14:15:18.288 [main] DEBUG org.apache.fontbox.util.autodetect.FontFileFinder - checkFontfile found C:\Windows\FONTS\ebrima.ttf
14:15:18.288 [main] DEBUG org.apache.fontbox.util.autodetect.FontFileFinder - checkFontfile check C:\Windows\FONTS\ebrimabd.ttf
14:15:18.288 [main] DEBUG org.apache.fontbox.util.autodetect.FontFileFinder - checkFontfile found C:\Windows\FONTS\ebrimabd.ttf
14:15:18.288 [main] DEBUG org.apache.fontbox.util.autodetect.FontFileFinder - checkFontfile check C:\Windows\FONTS\ega40737.fon
14:15:18.288 [main] DEBUG org.apache.fontbox.util.autodetect.FontFileFinder - checkFontfile check C:\Windows\FONTS\ega40850.fon
14:15:18.289 [main] DEBUG org.apache.fontbox.util.autodetect.FontFileFinder - checkFontfile check C:\Windows\FONTS\ega40852.fon
14:15:18.289 [main] DEBUG org.apache.fontbox.util.autodetect.FontFileFinder - checkFontfile check C:\Windows\FONTS\ega40857.fon
14:15:18.289 [main] DEBUG org.apache.fontbox.util.autodetect.FontFileFinder - checkFontfile check C:\Windows\FONTS\ega40866.fon
14:15:18.289 [main] DEBUG org.apache.fontbox.util.autodetect.FontFileFinder - checkFontfile check C:\Windows\FONTS\ega40869.fon
14:15:18.289 [main] DEBUG org.apache.fontbox.util.autodetect.FontFileFinder - checkFontfile check C:\Windows\FONTS\ega40woa.fon
14:15:18.289 [main] DEBUG org.apache.fontbox.util.autodetect.FontFileFinder - checkFontfile check C:\Windows\FONTS\ega80737.fon
14:15:18.289 [main] DEBUG org.apache.fontbox.util.autodetect.FontFileFinder - checkFontfile check C:\Windows\FONTS\ega80850.fon
14:15:18.289 [main] DEBUG org.apache.fontbox.util.autodetect.FontFileFinder - checkFontfile check C:\Windows\FONTS\ega80852.fon
14:15:18.289 [main] DEBUG org.apache.fontbox.util.autodetect.FontFileFinder - checkFontfile check C:\Windows\FONTS\ega80857.fon
14:15:18.289 [main] DEBUG org.apache.fontbox.util.autodetect.FontFileFinder - checkFontfile check C:\Windows\FONTS\ega80866.fon
14:15:18.289 [main] DEBUG org.apache.fontbox.util.autodetect.FontFileFinder - checkFontfile check C:\Windows\FONTS\ega80869.fon
14:15:18.289 [main] DEBUG org.apache.fontbox.util.autodetect.FontFileFinder - checkFontfile check C:\Windows\FONTS\ega80woa.fon
14:15:18.289 [main] DEBUG org.apache.fontbox.util.autodetect.FontFileFinder - checkFontfile check C:\Windows\FONTS\ELEPHNT.TTF
14:15:18.289 [main] DEBUG org.apache.fontbox.util.autodetect.FontFileFinder - checkFontfile found C:\Windows\FONTS\ELEPHNT.TTF
14:15:18.290 [main] DEBUG org.apache.fontbox.util.autodetect.FontFileFinder - checkFontfile check C:\Windows\FONTS\ELEPHNTI.TTF
14:15:18.290 [main] DEBUG org.apache.fontbox.util.autodetect.FontFileFinder - checkFontfile found C:\Windows\FONTS\ELEPHNTI.TTF
14:15:18.290 [main] DEBUG org.apache.fontbox.util.autodetect.FontFileFinder - checkFontfile check C:\Windows\FONTS\ENGR.TTF
14:15:18.290 [main] DEBUG org.apache.fontbox.util.autodetect.FontFileFinder - checkFontfile found C:\Windows\FONTS\ENGR.TTF
14:15:18.290 [main] DEBUG org.apache.fontbox.util.autodetect.FontFileFinder - checkFontfile check C:\Windows\FONTS\ERASBD.TTF
14:15:18.290 [main] DEBUG org.apache.fontbox.util.autodetect.FontFileFinder - checkFontfile found C:\Windows\FONTS\ERASBD.TTF
14:15:18.291 [main] DEBUG org.apache.fontbox.util.autodetect.FontFileFinder - checkFontfile check C:\Windows\FONTS\ERASDEMI.TTF
14:15:18.291 [main] DEBUG org.apache.fontbox.util.autodetect.FontFileFinder - checkFontfile found C:\Windows\FONTS\ERASDEMI.TTF
14:15:18.291 [main] DEBUG org.apache.fontbox.util.autodetect.FontFileFinder - checkFontfile check C:\Windows\FONTS\ERASLGHT.TTF
14:15:18.291 [main] DEBUG org.apache.fontbox.util.autodetect.FontFileFinder - checkFontfile found C:\Windows\FONTS\ERASLGHT.TTF
14:15:18.291 [main] DEBUG org.apache.fontbox.util.autodetect.FontFileFinder - checkFontfile check C:\Windows\FONTS\ERASMD.TTF
14:15:18.291 [main] DEBUG org.apache.fontbox.util.autodetect.FontFileFinder - checkFontfile found C:\Windows\FONTS\ERASMD.TTF
14:15:18.291 [main] DEBUG org.apache.fontbox.util.autodetect.FontFileFinder - checkFontfile check C:\Windows\FONTS\FELIXTI.TTF
14:15:18.291 [main] DEBUG org.apache.fontbox.util.autodetect.FontFileFinder - checkFontfile found C:\Windows\FONTS\FELIXTI.TTF
14:15:18.291 [main] DEBUG org.apache.fontbox.util.autodetect.FontFileFinder - checkFontfile check C:\Windows\FONTS\fms_metadata.xml
14:15:18.291 [main] DEBUG org.apache.fontbox.util.autodetect.FontFileFinder - checkFontfile check C:\Windows\FONTS\FORTE.TTF
14:15:18.291 [main] DEBUG org.apache.fontbox.util.autodetect.FontFileFinder - checkFontfile found C:\Windows\FONTS\FORTE.TTF
14:15:18.291 [main] DEBUG org.apache.fontbox.util.autodetect.FontFileFinder - checkFontfile check C:\Windows\FONTS\FRABK.TTF
14:15:18.291 [main] DEBUG org.apache.fontbox.util.autodetect.FontFileFinder - checkFontfile found C:\Windows\FONTS\FRABK.TTF
14:15:18.291 [main] DEBUG org.apache.fontbox.util.autodetect.FontFileFinder - checkFontfile check C:\Windows\FONTS\FRABKIT.TTF
14:15:18.291 [main] DEBUG org.apache.fontbox.util.autodetect.FontFileFinder - checkFontfile found C:\Windows\FONTS\FRABKIT.TTF
14:15:18.292 [main] DEBUG org.apache.fontbox.util.autodetect.FontFileFinder - checkFontfile check C:\Windows\FONTS\FRADM.TTF
14:15:18.292 [main] DEBUG org.apache.fontbox.util.autodetect.FontFileFinder - checkFontfile found C:\Windows\FONTS\FRADM.TTF
14:15:18.292 [main] DEBUG org.apache.fontbox.util.autodetect.FontFileFinder - checkFontfile check C:\Windows\FONTS\FRADMCN.TTF
14:15:18.292 [main] DEBUG org.apache.fontbox.util.autodetect.FontFileFinder - checkFontfile found C:\Windows\FONTS\FRADMCN.TTF
14:15:18.292 [main] DEBUG org.apache.fontbox.util.autodetect.FontFileFinder - checkFontfile check C:\Windows\FONTS\FRADMIT.TTF
14:15:18.292 [main] DEBUG org.apache.fontbox.util.autodetect.FontFileFinder - checkFontfile found C:\Windows\FONTS\FRADMIT.TTF
14:15:18.293 [main] DEBUG org.apache.fontbox.util.autodetect.FontFileFinder - checkFontfile check C:\Windows\FONTS\FRAHV.TTF
14:15:18.293 [main] DEBUG org.apache.fontbox.util.autodetect.FontFileFinder - checkFontfile found C:\Windows\FONTS\FRAHV.TTF
14:15:18.293 [main] DEBUG org.apache.fontbox.util.autodetect.FontFileFinder - checkFontfile check C:\Windows\FONTS\FRAHVIT.TTF
14:15:18.293 [main] DEBUG org.apache.fontbox.util.autodetect.FontFileFinder - checkFontfile found C:\Windows\FONTS\FRAHVIT.TTF
14:15:18.293 [main] DEBUG org.apache.fontbox.util.autodetect.FontFileFinder - checkFontfile check C:\Windows\FONTS\framd.ttf
14:15:18.293 [main] DEBUG org.apache.fontbox.util.autodetect.FontFileFinder - checkFontfile found C:\Windows\FONTS\framd.ttf
14:15:18.293 [main] DEBUG org.apache.fontbox.util.autodetect.FontFileFinder - checkFontfile check C:\Windows\FONTS\FRAMDCN.TTF
14:15:18.293 [main] DEBUG org.apache.fontbox.util.autodetect.FontFileFinder - checkFontfile found C:\Windows\FONTS\FRAMDCN.TTF
14:15:18.293 [main] DEBUG org.apache.fontbox.util.autodetect.FontFileFinder - checkFontfile check C:\Windows\FONTS\framdit.ttf
14:15:18.293 [main] DEBUG org.apache.fontbox.util.autodetect.FontFileFinder - checkFontfile found C:\Windows\FONTS\framdit.ttf
14:15:18.293 [main] DEBUG org.apache.fontbox.util.autodetect.FontFileFinder - checkFontfile check C:\Windows\FONTS\FREESCPT.TTF
14:15:18.293 [main] DEBUG org.apache.fontbox.util.autodetect.FontFileFinder - checkFontfile found C:\Windows\FONTS\FREESCPT.TTF
14:15:18.293 [main] DEBUG org.apache.fontbox.util.autodetect.FontFileFinder - checkFontfile check C:\Windows\FONTS\FRSCRIPT.TTF
14:15:18.293 [main] DEBUG org.apache.fontbox.util.autodetect.FontFileFinder - checkFontfile found C:\Windows\FONTS\FRSCRIPT.TTF
14:15:18.293 [main] DEBUG org.apache.fontbox.util.autodetect.FontFileFinder - checkFontfile check C:\Windows\FONTS\FTLTLT.TTF
14:15:18.293 [main] DEBUG org.apache.fontbox.util.autodetect.FontFileFinder - checkFontfile found C:\Windows\FONTS\FTLTLT.TTF
14:15:18.293 [main] DEBUG org.apache.fontbox.util.autodetect.FontFileFinder - checkFontfile check C:\Windows\FONTS\Gabriola.ttf
14:15:18.293 [main] DEBUG org.apache.fontbox.util.autodetect.FontFileFinder - checkFontfile found C:\Windows\FONTS\Gabriola.ttf
14:15:18.293 [main] DEBUG org.apache.fontbox.util.autodetect.FontFileFinder - checkFontfile check C:\Windows\FONTS\gadugi.ttf
14:15:18.293 [main] DEBUG org.apache.fontbox.util.autodetect.FontFileFinder - checkFontfile found C:\Windows\FONTS\gadugi.ttf
14:15:18.293 [main] DEBUG org.apache.fontbox.util.autodetect.FontFileFinder - checkFontfile check C:\Windows\FONTS\gadugib.ttf
14:15:18.293 [main] DEBUG org.apache.fontbox.util.autodetect.FontFileFinder - checkFontfile found C:\Windows\FONTS\gadugib.ttf
14:15:18.293 [main] DEBUG org.apache.fontbox.util.autodetect.FontFileFinder - checkFontfile check C:\Windows\FONTS\GARA.TTF
14:15:18.293 [main] DEBUG org.apache.fontbox.util.autodetect.FontFileFinder - checkFontfile found C:\Windows\FONTS\GARA.TTF
14:15:18.293 [main] DEBUG org.apache.fontbox.util.autodetect.FontFileFinder - checkFontfile check C:\Windows\FONTS\GARABD.TTF
14:15:18.293 [main] DEBUG org.apache.fontbox.util.autodetect.FontFileFinder - checkFontfile found C:\Windows\FONTS\GARABD.TTF
14:15:18.293 [main] DEBUG org.apache.fontbox.util.autodetect.FontFileFinder - checkFontfile check C:\Windows\FONTS\GARAIT.TTF
14:15:18.293 [main] DEBUG org.apache.fontbox.util.autodetect.FontFileFinder - checkFontfile found C:\Windows\FONTS\GARAIT.TTF
14:15:18.296 [main] DEBUG org.apache.fontbox.util.autodetect.FontFileFinder - checkFontfile check C:\Windows\FONTS\georgia.ttf
14:15:18.296 [main] DEBUG org.apache.fontbox.util.autodetect.FontFileFinder - checkFontfile found C:\Windows\FONTS\georgia.ttf
14:15:18.296 [main] DEBUG org.apache.fontbox.util.autodetect.FontFileFinder - checkFontfile check C:\Windows\FONTS\georgiab.ttf
14:15:18.296 [main] DEBUG org.apache.fontbox.util.autodetect.FontFileFinder - checkFontfile found C:\Windows\FONTS\georgiab.ttf
14:15:18.296 [main] DEBUG org.apache.fontbox.util.autodetect.FontFileFinder - checkFontfile check C:\Windows\FONTS\georgiai.ttf
14:15:18.296 [main] DEBUG org.apache.fontbox.util.autodetect.FontFileFinder - checkFontfile found C:\Windows\FONTS\georgiai.ttf
14:15:18.297 [main] DEBUG org.apache.fontbox.util.autodetect.FontFileFinder - checkFontfile check C:\Windows\FONTS\georgiaz.ttf
14:15:18.297 [main] DEBUG org.apache.fontbox.util.autodetect.FontFileFinder - checkFontfile found C:\Windows\FONTS\georgiaz.ttf
14:15:18.297 [main] DEBUG org.apache.fontbox.util.autodetect.FontFileFinder - checkFontfile check C:\Windows\FONTS\GIGI.TTF
14:15:18.297 [main] DEBUG org.apache.fontbox.util.autodetect.FontFileFinder - checkFontfile found C:\Windows\FONTS\GIGI.TTF
14:15:18.297 [main] DEBUG org.apache.fontbox.util.autodetect.FontFileFinder - checkFontfile check C:\Windows\FONTS\GILBI___.TTF
14:15:18.297 [main] DEBUG org.apache.fontbox.util.autodetect.FontFileFinder - checkFontfile found C:\Windows\FONTS\GILBI___.TTF
14:15:18.297 [main] DEBUG org.apache.fontbox.util.autodetect.FontFileFinder - checkFontfile check C:\Windows\FONTS\GILB____.TTF
14:15:18.297 [main] DEBUG org.apache.fontbox.util.autodetect.FontFileFinder - checkFontfile found C:\Windows\FONTS\GILB____.TTF
14:15:18.297 [main] DEBUG org.apache.fontbox.util.autodetect.FontFileFinder - checkFontfile check C:\Windows\FONTS\GILC____.TTF
14:15:18.297 [main] DEBUG org.apache.fontbox.util.autodetect.FontFileFinder - checkFontfile found C:\Windows\FONTS\GILC____.TTF
14:15:18.298 [main] DEBUG org.apache.fontbox.util.autodetect.FontFileFinder - checkFontfile check C:\Windows\FONTS\GILI____.TTF
14:15:18.298 [main] DEBUG org.apache.fontbox.util.autodetect.FontFileFinder - checkFontfile found C:\Windows\FONTS\GILI____.TTF
14:15:18.298 [main] DEBUG org.apache.fontbox.util.autodetect.FontFileFinder - checkFontfile check C:\Windows\FONTS\GILLUBCD.TTF
14:15:18.298 [main] DEBUG org.apache.fontbox.util.autodetect.FontFileFinder - checkFontfile found C:\Windows\FONTS\GILLUBCD.TTF
14:15:18.298 [main] DEBUG org.apache.fontbox.util.autodetect.FontFileFinder - checkFontfile check C:\Windows\FONTS\GILSANUB.TTF
14:15:18.298 [main] DEBUG org.apache.fontbox.util.autodetect.FontFileFinder - checkFontfile found C:\Windows\FONTS\GILSANUB.TTF
14:15:18.298 [main] DEBUG org.apache.fontbox.util.autodetect.FontFileFinder - checkFontfile check C:\Windows\FONTS\GIL_____.TTF
14:15:18.298 [main] DEBUG org.apache.fontbox.util.autodetect.FontFileFinder - checkFontfile found C:\Windows\FONTS\GIL_____.TTF
14:15:18.298 [main] DEBUG org.apache.fontbox.util.autodetect.FontFileFinder - checkFontfile check C:\Windows\FONTS\GLECB.TTF
14:15:18.298 [main] DEBUG org.apache.fontbox.util.autodetect.FontFileFinder - checkFontfile found C:\Windows\FONTS\GLECB.TTF
14:15:18.298 [main] DEBUG org.apache.fontbox.util.autodetect.FontFileFinder - checkFontfile check C:\Windows\FONTS\GLSNECB.TTF
14:15:18.298 [main] DEBUG org.apache.fontbox.util.autodetect.FontFileFinder - checkFontfile found C:\Windows\FONTS\GLSNECB.TTF
14:15:18.298 [main] DEBUG org.apache.fontbox.util.autodetect.FontFileFinder - checkFontfile check C:\Windows\FONTS\GOTHIC.TTF
14:15:18.298 [main] DEBUG org.apache.fontbox.util.autodetect.FontFileFinder - checkFontfile found C:\Windows\FONTS\GOTHIC.TTF
14:15:18.298 [main] DEBUG org.apache.fontbox.util.autodetect.FontFileFinder - checkFontfile check C:\Windows\FONTS\GOTHICB.TTF
14:15:18.298 [main] DEBUG org.apache.fontbox.util.autodetect.FontFileFinder - checkFontfile found C:\Windows\FONTS\GOTHICB.TTF
14:15:18.299 [main] DEBUG org.apache.fontbox.util.autodetect.FontFileFinder - checkFontfile check C:\Windows\FONTS\GOTHICBI.TTF
14:15:18.299 [main] DEBUG org.apache.fontbox.util.autodetect.FontFileFinder - checkFontfile found C:\Windows\FONTS\GOTHICBI.TTF
14:15:18.299 [main] DEBUG org.apache.fontbox.util.autodetect.FontFileFinder - checkFontfile check C:\Windows\FONTS\GOTHICI.TTF
14:15:18.299 [main] DEBUG org.apache.fontbox.util.autodetect.FontFileFinder - checkFontfile found C:\Windows\FONTS\GOTHICI.TTF
14:15:18.299 [main] DEBUG org.apache.fontbox.util.autodetect.FontFileFinder - checkFontfile check C:\Windows\FONTS\GOUDOS.TTF
14:15:18.300 [main] DEBUG org.apache.fontbox.util.autodetect.FontFileFinder - checkFontfile found C:\Windows\FONTS\GOUDOS.TTF
14:15:18.300 [main] DEBUG org.apache.fontbox.util.autodetect.FontFileFinder - checkFontfile check C:\Windows\FONTS\GOUDOSB.TTF
14:15:18.300 [main] DEBUG org.apache.fontbox.util.autodetect.FontFileFinder - checkFontfile found C:\Windows\FONTS\GOUDOSB.TTF
14:15:18.300 [main] DEBUG org.apache.fontbox.util.autodetect.FontFileFinder - checkFontfile check C:\Windows\FONTS\GOUDOSI.TTF
14:15:18.300 [main] DEBUG org.apache.fontbox.util.autodetect.FontFileFinder - checkFontfile found C:\Windows\FONTS\GOUDOSI.TTF
14:15:18.300 [main] DEBUG org.apache.fontbox.util.autodetect.FontFileFinder - checkFontfile check C:\Windows\FONTS\GOUDYSTO.TTF
14:15:18.300 [main] DEBUG org.apache.fontbox.util.autodetect.FontFileFinder - checkFontfile found C:\Windows\FONTS\GOUDYSTO.TTF
14:15:18.301 [main] DEBUG org.apache.fontbox.util.autodetect.FontFileFinder - checkFontfile check C:\Windows\FONTS\h8514fix.fon
14:15:18.301 [main] DEBUG org.apache.fontbox.util.autodetect.FontFileFinder - checkFontfile check C:\Windows\FONTS\h8514oem.fon
14:15:18.301 [main] DEBUG org.apache.fontbox.util.autodetect.FontFileFinder - checkFontfile check C:\Windows\FONTS\h8514sys.fon
14:15:18.301 [main] DEBUG org.apache.fontbox.util.autodetect.FontFileFinder - checkFontfile check C:\Windows\FONTS\HARLOWSI.TTF
14:15:18.301 [main] DEBUG org.apache.fontbox.util.autodetect.FontFileFinder - checkFontfile found C:\Windows\FONTS\HARLOWSI.TTF
14:15:18.301 [main] DEBUG org.apache.fontbox.util.autodetect.FontFileFinder - checkFontfile check C:\Windows\FONTS\HARNGTON.TTF
14:15:18.301 [main] DEBUG org.apache.fontbox.util.autodetect.FontFileFinder - checkFontfile found C:\Windows\FONTS\HARNGTON.TTF
14:15:18.301 [main] DEBUG org.apache.fontbox.util.autodetect.FontFileFinder - checkFontfile check C:\Windows\FONTS\HATTEN.TTF
14:15:18.301 [main] DEBUG org.apache.fontbox.util.autodetect.FontFileFinder - checkFontfile found C:\Windows\FONTS\HATTEN.TTF
14:15:18.302 [main] DEBUG org.apache.fontbox.util.autodetect.FontFileFinder - checkFontfile check C:\Windows\FONTS\himalaya.ttf
14:15:18.302 [main] DEBUG org.apache.fontbox.util.autodetect.FontFileFinder - checkFontfile found C:\Windows\FONTS\himalaya.ttf
14:15:18.302 [main] DEBUG org.apache.fontbox.util.autodetect.FontFileFinder - checkFontfile check C:\Windows\FONTS\holomdl2.ttf
14:15:18.302 [main] DEBUG org.apache.fontbox.util.autodetect.FontFileFinder - checkFontfile found C:\Windows\FONTS\holomdl2.ttf
14:15:18.303 [main] DEBUG org.apache.fontbox.util.autodetect.FontFileFinder - checkFontfile check C:\Windows\FONTS\HTOWERT.TTF
14:15:18.303 [main] DEBUG org.apache.fontbox.util.autodetect.FontFileFinder - checkFontfile found C:\Windows\FONTS\HTOWERT.TTF
14:15:18.303 [main] DEBUG org.apache.fontbox.util.autodetect.FontFileFinder - checkFontfile check C:\Windows\FONTS\HTOWERTI.TTF
14:15:18.303 [main] DEBUG org.apache.fontbox.util.autodetect.FontFileFinder - checkFontfile found C:\Windows\FONTS\HTOWERTI.TTF
14:15:18.303 [main] DEBUG org.apache.fontbox.util.autodetect.FontFileFinder - checkFontfile check C:\Windows\FONTS\hvgafix.fon
14:15:18.304 [main] DEBUG org.apache.fontbox.util.autodetect.FontFileFinder - checkFontfile check C:\Windows\FONTS\hvgasys.fon
14:15:18.304 [main] DEBUG org.apache.fontbox.util.autodetect.FontFileFinder - checkFontfile check C:\Windows\FONTS\impact.ttf
14:15:18.304 [main] DEBUG org.apache.fontbox.util.autodetect.FontFileFinder - checkFontfile found C:\Windows\FONTS\impact.ttf
14:15:18.304 [main] DEBUG org.apache.fontbox.util.autodetect.FontFileFinder - checkFontfile check C:\Windows\FONTS\IMPRISHA.TTF
14:15:18.304 [main] DEBUG org.apache.fontbox.util.autodetect.FontFileFinder - checkFontfile found C:\Windows\FONTS\IMPRISHA.TTF
14:15:18.305 [main] DEBUG org.apache.fontbox.util.autodetect.FontFileFinder - checkFontfile check C:\Windows\FONTS\INFROMAN.TTF
14:15:18.305 [main] DEBUG org.apache.fontbox.util.autodetect.FontFileFinder - checkFontfile found C:\Windows\FONTS\INFROMAN.TTF
14:15:18.305 [main] DEBUG org.apache.fontbox.util.autodetect.FontFileFinder - checkFontfile check C:\Windows\FONTS\Inkfree.ttf
14:15:18.305 [main] DEBUG org.apache.fontbox.util.autodetect.FontFileFinder - checkFontfile found C:\Windows\FONTS\Inkfree.ttf
14:15:18.305 [main] DEBUG org.apache.fontbox.util.autodetect.FontFileFinder - checkFontfile check C:\Windows\FONTS\ITCBLKAD.TTF
14:15:18.305 [main] DEBUG org.apache.fontbox.util.autodetect.FontFileFinder - checkFontfile found C:\Windows\FONTS\ITCBLKAD.TTF
14:15:18.305 [main] DEBUG org.apache.fontbox.util.autodetect.FontFileFinder - checkFontfile check C:\Windows\FONTS\ITCEDSCR.TTF
14:15:18.305 [main] DEBUG org.apache.fontbox.util.autodetect.FontFileFinder - checkFontfile found C:\Windows\FONTS\ITCEDSCR.TTF
14:15:18.306 [main] DEBUG org.apache.fontbox.util.autodetect.FontFileFinder - checkFontfile check C:\Windows\FONTS\ITCKRIST.TTF
14:15:18.306 [main] DEBUG org.apache.fontbox.util.autodetect.FontFileFinder - checkFontfile found C:\Windows\FONTS\ITCKRIST.TTF
14:15:18.306 [main] DEBUG org.apache.fontbox.util.autodetect.FontFileFinder - checkFontfile check C:\Windows\FONTS\j8514fix.fon
14:15:18.306 [main] DEBUG org.apache.fontbox.util.autodetect.FontFileFinder - checkFontfile check C:\Windows\FONTS\j8514oem.fon
14:15:18.306 [main] DEBUG org.apache.fontbox.util.autodetect.FontFileFinder - checkFontfile check C:\Windows\FONTS\j8514sys.fon
14:15:18.306 [main] DEBUG org.apache.fontbox.util.autodetect.FontFileFinder - checkFontfile check C:\Windows\FONTS\javatext.ttf
14:15:18.306 [main] DEBUG org.apache.fontbox.util.autodetect.FontFileFinder - checkFontfile found C:\Windows\FONTS\javatext.ttf
14:15:18.307 [main] DEBUG org.apache.fontbox.util.autodetect.FontFileFinder - checkFontfile check C:\Windows\FONTS\JOKERMAN.TTF
14:15:18.307 [main] DEBUG org.apache.fontbox.util.autodetect.FontFileFinder - checkFontfile found C:\Windows\FONTS\JOKERMAN.TTF
14:15:18.307 [main] DEBUG org.apache.fontbox.util.autodetect.FontFileFinder - checkFontfile check C:\Windows\FONTS\jsmalle.fon
14:15:18.307 [main] DEBUG org.apache.fontbox.util.autodetect.FontFileFinder - checkFontfile check C:\Windows\FONTS\jsmallf.fon
14:15:18.307 [main] DEBUG org.apache.fontbox.util.autodetect.FontFileFinder - checkFontfile check C:\Windows\FONTS\JUICE___.TTF
14:15:18.307 [main] DEBUG org.apache.fontbox.util.autodetect.FontFileFinder - checkFontfile found C:\Windows\FONTS\JUICE___.TTF
14:15:18.307 [main] DEBUG org.apache.fontbox.util.autodetect.FontFileFinder - checkFontfile check C:\Windows\FONTS\jvgafix.fon
14:15:18.307 [main] DEBUG org.apache.fontbox.util.autodetect.FontFileFinder - checkFontfile check C:\Windows\FONTS\jvgasys.fon
14:15:18.308 [main] DEBUG org.apache.fontbox.util.autodetect.FontFileFinder - checkFontfile check C:\Windows\FONTS\KUNSTLER.TTF
14:15:18.308 [main] DEBUG org.apache.fontbox.util.autodetect.FontFileFinder - checkFontfile found C:\Windows\FONTS\KUNSTLER.TTF
14:15:18.308 [main] DEBUG org.apache.fontbox.util.autodetect.FontFileFinder - checkFontfile check C:\Windows\FONTS\LATINWD.TTF
14:15:18.308 [main] DEBUG org.apache.fontbox.util.autodetect.FontFileFinder - checkFontfile found C:\Windows\FONTS\LATINWD.TTF
14:15:18.308 [main] DEBUG org.apache.fontbox.util.autodetect.FontFileFinder - checkFontfile check C:\Windows\FONTS\LBRITE.TTF
14:15:18.308 [main] DEBUG org.apache.fontbox.util.autodetect.FontFileFinder - checkFontfile found C:\Windows\FONTS\LBRITE.TTF
14:15:18.308 [main] DEBUG org.apache.fontbox.util.autodetect.FontFileFinder - checkFontfile check C:\Windows\FONTS\LBRITED.TTF
14:15:18.308 [main] DEBUG org.apache.fontbox.util.autodetect.FontFileFinder - checkFontfile found C:\Windows\FONTS\LBRITED.TTF
14:15:18.309 [main] DEBUG org.apache.fontbox.util.autodetect.FontFileFinder - checkFontfile check C:\Windows\FONTS\LBRITEDI.TTF
14:15:18.309 [main] DEBUG org.apache.fontbox.util.autodetect.FontFileFinder - checkFontfile found C:\Windows\FONTS\LBRITEDI.TTF
14:15:18.309 [main] DEBUG org.apache.fontbox.util.autodetect.FontFileFinder - checkFontfile check C:\Windows\FONTS\LBRITEI.TTF
14:15:18.309 [main] DEBUG org.apache.fontbox.util.autodetect.FontFileFinder - checkFontfile found C:\Windows\FONTS\LBRITEI.TTF
14:15:18.309 [main] DEBUG org.apache.fontbox.util.autodetect.FontFileFinder - checkFontfile check C:\Windows\FONTS\LCALLIG.TTF
14:15:18.309 [main] DEBUG org.apache.fontbox.util.autodetect.FontFileFinder - checkFontfile found C:\Windows\FONTS\LCALLIG.TTF
14:15:18.309 [main] DEBUG org.apache.fontbox.util.autodetect.FontFileFinder - checkFontfile check C:\Windows\FONTS\LeelaUIb.ttf
14:15:18.309 [main] DEBUG org.apache.fontbox.util.autodetect.FontFileFinder - checkFontfile found C:\Windows\FONTS\LeelaUIb.ttf
14:15:18.309 [main] DEBUG org.apache.fontbox.util.autodetect.FontFileFinder - checkFontfile check C:\Windows\FONTS\LEELAWAD.TTF
14:15:18.309 [main] DEBUG org.apache.fontbox.util.autodetect.FontFileFinder - checkFontfile found C:\Windows\FONTS\LEELAWAD.TTF
14:15:18.309 [main] DEBUG org.apache.fontbox.util.autodetect.FontFileFinder - checkFontfile check C:\Windows\FONTS\LEELAWDB.TTF
14:15:18.309 [main] DEBUG org.apache.fontbox.util.autodetect.FontFileFinder - checkFontfile found C:\Windows\FONTS\LEELAWDB.TTF
14:15:18.309 [main] DEBUG org.apache.fontbox.util.autodetect.FontFileFinder - checkFontfile check C:\Windows\FONTS\LeelawUI.ttf
14:15:18.310 [main] DEBUG org.apache.fontbox.util.autodetect.FontFileFinder - checkFontfile found C:\Windows\FONTS\LeelawUI.ttf
14:15:18.310 [main] DEBUG org.apache.fontbox.util.autodetect.FontFileFinder - checkFontfile check C:\Windows\FONTS\LeelUIsl.ttf
14:15:18.310 [main] DEBUG org.apache.fontbox.util.autodetect.FontFileFinder - checkFontfile found C:\Windows\FONTS\LeelUIsl.ttf
14:15:18.310 [main] DEBUG org.apache.fontbox.util.autodetect.FontFileFinder - checkFontfile check C:\Windows\FONTS\LFAX.TTF
14:15:18.310 [main] DEBUG org.apache.fontbox.util.autodetect.FontFileFinder - checkFontfile found C:\Windows\FONTS\LFAX.TTF
14:15:18.310 [main] DEBUG org.apache.fontbox.util.autodetect.FontFileFinder - checkFontfile check C:\Windows\FONTS\LFAXD.TTF
14:15:18.310 [main] DEBUG org.apache.fontbox.util.autodetect.FontFileFinder - checkFontfile found C:\Windows\FONTS\LFAXD.TTF
14:15:18.310 [main] DEBUG org.apache.fontbox.util.autodetect.FontFileFinder - checkFontfile check C:\Windows\FONTS\LFAXDI.TTF
14:15:18.310 [main] DEBUG org.apache.fontbox.util.autodetect.FontFileFinder - checkFontfile found C:\Windows\FONTS\LFAXDI.TTF
14:15:18.311 [main] DEBUG org.apache.fontbox.util.autodetect.FontFileFinder - checkFontfile check C:\Windows\FONTS\LFAXI.TTF
14:15:18.311 [main] DEBUG org.apache.fontbox.util.autodetect.FontFileFinder - checkFontfile found C:\Windows\FONTS\LFAXI.TTF
14:15:18.311 [main] DEBUG org.apache.fontbox.util.autodetect.FontFileFinder - checkFontfile check C:\Windows\FONTS\LHANDW.TTF
14:15:18.311 [main] DEBUG org.apache.fontbox.util.autodetect.FontFileFinder - checkFontfile found C:\Windows\FONTS\LHANDW.TTF
14:15:18.311 [main] DEBUG org.apache.fontbox.util.autodetect.FontFileFinder - checkFontfile check C:\Windows\FONTS\LSANS.TTF
14:15:18.311 [main] DEBUG org.apache.fontbox.util.autodetect.FontFileFinder - checkFontfile found C:\Windows\FONTS\LSANS.TTF
14:15:18.311 [main] DEBUG org.apache.fontbox.util.autodetect.FontFileFinder - checkFontfile check C:\Windows\FONTS\LSANSD.TTF
14:15:18.311 [main] DEBUG org.apache.fontbox.util.autodetect.FontFileFinder - checkFontfile found C:\Windows\FONTS\LSANSD.TTF
14:15:18.311 [main] DEBUG org.apache.fontbox.util.autodetect.FontFileFinder - checkFontfile check C:\Windows\FONTS\LSANSDI.TTF
14:15:18.311 [main] DEBUG org.apache.fontbox.util.autodetect.FontFileFinder - checkFontfile found C:\Windows\FONTS\LSANSDI.TTF
14:15:18.311 [main] DEBUG org.apache.fontbox.util.autodetect.FontFileFinder - checkFontfile check C:\Windows\FONTS\LSANSI.TTF
14:15:18.311 [main] DEBUG org.apache.fontbox.util.autodetect.FontFileFinder - checkFontfile found C:\Windows\FONTS\LSANSI.TTF
14:15:18.312 [main] DEBUG org.apache.fontbox.util.autodetect.FontFileFinder - checkFontfile check C:\Windows\FONTS\LTYPE.TTF
14:15:18.312 [main] DEBUG org.apache.fontbox.util.autodetect.FontFileFinder - checkFontfile found C:\Windows\FONTS\LTYPE.TTF
14:15:18.312 [main] DEBUG org.apache.fontbox.util.autodetect.FontFileFinder - checkFontfile check C:\Windows\FONTS\LTYPEB.TTF
14:15:18.312 [main] DEBUG org.apache.fontbox.util.autodetect.FontFileFinder - checkFontfile found C:\Windows\FONTS\LTYPEB.TTF
14:15:18.312 [main] DEBUG org.apache.fontbox.util.autodetect.FontFileFinder - checkFontfile check C:\Windows\FONTS\LTYPEBO.TTF
14:15:18.312 [main] DEBUG org.apache.fontbox.util.autodetect.FontFileFinder - checkFontfile found C:\Windows\FONTS\LTYPEBO.TTF
14:15:18.312 [main] DEBUG org.apache.fontbox.util.autodetect.FontFileFinder - checkFontfile check C:\Windows\FONTS\LTYPEO.TTF
14:15:18.312 [main] DEBUG org.apache.fontbox.util.autodetect.FontFileFinder - checkFontfile found C:\Windows\FONTS\LTYPEO.TTF
14:15:18.312 [main] DEBUG org.apache.fontbox.util.autodetect.FontFileFinder - checkFontfile check C:\Windows\FONTS\lucon.ttf
14:15:18.313 [main] DEBUG org.apache.fontbox.util.autodetect.FontFileFinder - checkFontfile found C:\Windows\FONTS\lucon.ttf
14:15:18.313 [main] DEBUG org.apache.fontbox.util.autodetect.FontFileFinder - checkFontfile check C:\Windows\FONTS\l_10646.ttf
14:15:18.313 [main] DEBUG org.apache.fontbox.util.autodetect.FontFileFinder - checkFontfile found C:\Windows\FONTS\l_10646.ttf
14:15:18.313 [main] DEBUG org.apache.fontbox.util.autodetect.FontFileFinder - checkFontfile check C:\Windows\FONTS\MAGNETOB.TTF
14:15:18.313 [main] DEBUG org.apache.fontbox.util.autodetect.FontFileFinder - checkFontfile found C:\Windows\FONTS\MAGNETOB.TTF
14:15:18.313 [main] DEBUG org.apache.fontbox.util.autodetect.FontFileFinder - checkFontfile check C:\Windows\FONTS\MAIAN.TTF
14:15:18.313 [main] DEBUG org.apache.fontbox.util.autodetect.FontFileFinder - checkFontfile found C:\Windows\FONTS\MAIAN.TTF
14:15:18.313 [main] DEBUG org.apache.fontbox.util.autodetect.FontFileFinder - checkFontfile check C:\Windows\FONTS\malgun.ttf
14:15:18.313 [main] DEBUG org.apache.fontbox.util.autodetect.FontFileFinder - checkFontfile found C:\Windows\FONTS\malgun.ttf
14:15:18.313 [main] DEBUG org.apache.fontbox.util.autodetect.FontFileFinder - checkFontfile check C:\Windows\FONTS\malgunbd.ttf
14:15:18.313 [main] DEBUG org.apache.fontbox.util.autodetect.FontFileFinder - checkFontfile found C:\Windows\FONTS\malgunbd.ttf
14:15:18.313 [main] DEBUG org.apache.fontbox.util.autodetect.FontFileFinder - checkFontfile check C:\Windows\FONTS\malgunsl.ttf
14:15:18.313 [main] DEBUG org.apache.fontbox.util.autodetect.FontFileFinder - checkFontfile found C:\Windows\FONTS\malgunsl.ttf
14:15:18.314 [main] DEBUG org.apache.fontbox.util.autodetect.FontFileFinder - checkFontfile check C:\Windows\FONTS\marlett.ttf
14:15:18.314 [main] DEBUG org.apache.fontbox.util.autodetect.FontFileFinder - checkFontfile found C:\Windows\FONTS\marlett.ttf
14:15:18.314 [main] DEBUG org.apache.fontbox.util.autodetect.FontFileFinder - checkFontfile check C:\Windows\FONTS\MATURASC.TTF
14:15:18.314 [main] DEBUG org.apache.fontbox.util.autodetect.FontFileFinder - checkFontfile found C:\Windows\FONTS\MATURASC.TTF
14:15:18.314 [main] DEBUG org.apache.fontbox.util.autodetect.FontFileFinder - checkFontfile check C:\Windows\FONTS\micross.ttf
14:15:18.314 [main] DEBUG org.apache.fontbox.util.autodetect.FontFileFinder - checkFontfile found C:\Windows\FONTS\micross.ttf
14:15:18.314 [main] DEBUG org.apache.fontbox.util.autodetect.FontFileFinder - checkFontfile check C:\Windows\FONTS\mingliub.ttc
14:15:18.314 [main] DEBUG org.apache.fontbox.util.autodetect.FontFileFinder - checkFontfile found C:\Windows\FONTS\mingliub.ttc
14:15:18.314 [main] DEBUG org.apache.fontbox.util.autodetect.FontFileFinder - checkFontfile check C:\Windows\FONTS\MISTRAL.TTF
14:15:18.314 [main] DEBUG org.apache.fontbox.util.autodetect.FontFileFinder - checkFontfile found C:\Windows\FONTS\MISTRAL.TTF
14:15:18.314 [main] DEBUG org.apache.fontbox.util.autodetect.FontFileFinder - checkFontfile check C:\Windows\FONTS\mmrtext.ttf
14:15:18.314 [main] DEBUG org.apache.fontbox.util.autodetect.FontFileFinder - checkFontfile found C:\Windows\FONTS\mmrtext.ttf
14:15:18.315 [main] DEBUG org.apache.fontbox.util.autodetect.FontFileFinder - checkFontfile check C:\Windows\FONTS\mmrtextb.ttf
14:15:18.315 [main] DEBUG org.apache.fontbox.util.autodetect.FontFileFinder - checkFontfile found C:\Windows\FONTS\mmrtextb.ttf
14:15:18.315 [main] DEBUG org.apache.fontbox.util.autodetect.FontFileFinder - checkFontfile check C:\Windows\FONTS\MOD20.TTF
14:15:18.315 [main] DEBUG org.apache.fontbox.util.autodetect.FontFileFinder - checkFontfile found C:\Windows\FONTS\MOD20.TTF
14:15:18.315 [main] DEBUG org.apache.fontbox.util.autodetect.FontFileFinder - checkFontfile check C:\Windows\FONTS\modern.fon
14:15:18.315 [main] DEBUG org.apache.fontbox.util.autodetect.FontFileFinder - checkFontfile check C:\Windows\FONTS\monbaiti.ttf
14:15:18.315 [main] DEBUG org.apache.fontbox.util.autodetect.FontFileFinder - checkFontfile found C:\Windows\FONTS\monbaiti.ttf
14:15:18.316 [main] DEBUG org.apache.fontbox.util.autodetect.FontFileFinder - checkFontfile check C:\Windows\FONTS\msgothic.ttc
14:15:18.316 [main] DEBUG org.apache.fontbox.util.autodetect.FontFileFinder - checkFontfile found C:\Windows\FONTS\msgothic.ttc
14:15:18.316 [main] DEBUG org.apache.fontbox.util.autodetect.FontFileFinder - checkFontfile check C:\Windows\FONTS\msjh.ttc
14:15:18.316 [main] DEBUG org.apache.fontbox.util.autodetect.FontFileFinder - checkFontfile found C:\Windows\FONTS\msjh.ttc
14:15:18.316 [main] DEBUG org.apache.fontbox.util.autodetect.FontFileFinder - checkFontfile check C:\Windows\FONTS\msjhbd.ttc
14:15:18.316 [main] DEBUG org.apache.fontbox.util.autodetect.FontFileFinder - checkFontfile found C:\Windows\FONTS\msjhbd.ttc
14:15:18.316 [main] DEBUG org.apache.fontbox.util.autodetect.FontFileFinder - checkFontfile check C:\Windows\FONTS\msjhl.ttc
14:15:18.316 [main] DEBUG org.apache.fontbox.util.autodetect.FontFileFinder - checkFontfile found C:\Windows\FONTS\msjhl.ttc
14:15:18.316 [main] DEBUG org.apache.fontbox.util.autodetect.FontFileFinder - checkFontfile check C:\Windows\FONTS\MSUIGHUB.TTF
14:15:18.316 [main] DEBUG org.apache.fontbox.util.autodetect.FontFileFinder - checkFontfile found C:\Windows\FONTS\MSUIGHUB.TTF
14:15:18.317 [main] DEBUG org.apache.fontbox.util.autodetect.FontFileFinder - checkFontfile check C:\Windows\FONTS\MSUIGHUR.TTF
14:15:18.317 [main] DEBUG org.apache.fontbox.util.autodetect.FontFileFinder - checkFontfile found C:\Windows\FONTS\MSUIGHUR.TTF
14:15:18.317 [main] DEBUG org.apache.fontbox.util.autodetect.FontFileFinder - checkFontfile check C:\Windows\FONTS\msyh.ttc
14:15:18.317 [main] DEBUG org.apache.fontbox.util.autodetect.FontFileFinder - checkFontfile found C:\Windows\FONTS\msyh.ttc
14:15:18.317 [main] DEBUG org.apache.fontbox.util.autodetect.FontFileFinder - checkFontfile check C:\Windows\FONTS\msyhbd.ttc
14:15:18.317 [main] DEBUG org.apache.fontbox.util.autodetect.FontFileFinder - checkFontfile found C:\Windows\FONTS\msyhbd.ttc
14:15:18.317 [main] DEBUG org.apache.fontbox.util.autodetect.FontFileFinder - checkFontfile check C:\Windows\FONTS\msyhl.ttc
14:15:18.317 [main] DEBUG org.apache.fontbox.util.autodetect.FontFileFinder - checkFontfile found C:\Windows\FONTS\msyhl.ttc
14:15:18.317 [main] DEBUG org.apache.fontbox.util.autodetect.FontFileFinder - checkFontfile check C:\Windows\FONTS\msyi.ttf
14:15:18.317 [main] DEBUG org.apache.fontbox.util.autodetect.FontFileFinder - checkFontfile found C:\Windows\FONTS\msyi.ttf
14:15:18.318 [main] DEBUG org.apache.fontbox.util.autodetect.FontFileFinder - checkFontfile check C:\Windows\FONTS\MTCORSVA.TTF
14:15:18.318 [main] DEBUG org.apache.fontbox.util.autodetect.FontFileFinder - checkFontfile found C:\Windows\FONTS\MTCORSVA.TTF
14:15:18.318 [main] DEBUG org.apache.fontbox.util.autodetect.FontFileFinder - checkFontfile check C:\Windows\FONTS\MTEXTRA.TTF
14:15:18.318 [main] DEBUG org.apache.fontbox.util.autodetect.FontFileFinder - checkFontfile found C:\Windows\FONTS\MTEXTRA.TTF
14:15:18.318 [main] DEBUG org.apache.fontbox.util.autodetect.FontFileFinder - checkFontfile check C:\Windows\FONTS\mvboli.ttf
14:15:18.318 [main] DEBUG org.apache.fontbox.util.autodetect.FontFileFinder - checkFontfile found C:\Windows\FONTS\mvboli.ttf
14:15:18.318 [main] DEBUG org.apache.fontbox.util.autodetect.FontFileFinder - checkFontfile check C:\Windows\FONTS\NIAGENG.TTF
14:15:18.318 [main] DEBUG org.apache.fontbox.util.autodetect.FontFileFinder - checkFontfile found C:\Windows\FONTS\NIAGENG.TTF
14:15:18.318 [main] DEBUG org.apache.fontbox.util.autodetect.FontFileFinder - checkFontfile check C:\Windows\FONTS\NIAGSOL.TTF
14:15:18.318 [main] DEBUG org.apache.fontbox.util.autodetect.FontFileFinder - checkFontfile found C:\Windows\FONTS\NIAGSOL.TTF
14:15:18.318 [main] DEBUG org.apache.fontbox.util.autodetect.FontFileFinder - checkFontfile check C:\Windows\FONTS\Nirmala.ttf
14:15:18.318 [main] DEBUG org.apache.fontbox.util.autodetect.FontFileFinder - checkFontfile found C:\Windows\FONTS\Nirmala.ttf
14:15:18.319 [main] DEBUG org.apache.fontbox.util.autodetect.FontFileFinder - checkFontfile check C:\Windows\FONTS\NirmalaB.ttf
14:15:18.319 [main] DEBUG org.apache.fontbox.util.autodetect.FontFileFinder - checkFontfile found C:\Windows\FONTS\NirmalaB.ttf
14:15:18.319 [main] DEBUG org.apache.fontbox.util.autodetect.FontFileFinder - checkFontfile check C:\Windows\FONTS\NirmalaS.ttf
14:15:18.319 [main] DEBUG org.apache.fontbox.util.autodetect.FontFileFinder - checkFontfile found C:\Windows\FONTS\NirmalaS.ttf
14:15:18.319 [main] DEBUG org.apache.fontbox.util.autodetect.FontFileFinder - checkFontfile check C:\Windows\FONTS\ntailu.ttf
14:15:18.320 [main] DEBUG org.apache.fontbox.util.autodetect.FontFileFinder - checkFontfile found C:\Windows\FONTS\ntailu.ttf
14:15:18.320 [main] DEBUG org.apache.fontbox.util.autodetect.FontFileFinder - checkFontfile check C:\Windows\FONTS\ntailub.ttf
14:15:18.320 [main] DEBUG org.apache.fontbox.util.autodetect.FontFileFinder - checkFontfile found C:\Windows\FONTS\ntailub.ttf
14:15:18.320 [main] DEBUG org.apache.fontbox.util.autodetect.FontFileFinder - checkFontfile check C:\Windows\FONTS\OCRAEXT.TTF
14:15:18.320 [main] DEBUG org.apache.fontbox.util.autodetect.FontFileFinder - checkFontfile found C:\Windows\FONTS\OCRAEXT.TTF
14:15:18.321 [main] DEBUG org.apache.fontbox.util.autodetect.FontFileFinder - checkFontfile check C:\Windows\FONTS\OLDENGL.TTF
14:15:18.321 [main] DEBUG org.apache.fontbox.util.autodetect.FontFileFinder - checkFontfile found C:\Windows\FONTS\OLDENGL.TTF
14:15:18.321 [main] DEBUG org.apache.fontbox.util.autodetect.FontFileFinder - checkFontfile check C:\Windows\FONTS\ONYX.TTF
14:15:18.321 [main] DEBUG org.apache.fontbox.util.autodetect.FontFileFinder - checkFontfile found C:\Windows\FONTS\ONYX.TTF
14:15:18.321 [main] DEBUG org.apache.fontbox.util.autodetect.FontFileFinder - checkFontfile check C:\Windows\FONTS\OUTLOOK.TTF
14:15:18.321 [main] DEBUG org.apache.fontbox.util.autodetect.FontFileFinder - checkFontfile found C:\Windows\FONTS\OUTLOOK.TTF
14:15:18.321 [main] DEBUG org.apache.fontbox.util.autodetect.FontFileFinder - checkFontfile check C:\Windows\FONTS\pala.ttf
14:15:18.321 [main] DEBUG org.apache.fontbox.util.autodetect.FontFileFinder - checkFontfile found C:\Windows\FONTS\pala.ttf
14:15:18.321 [main] DEBUG org.apache.fontbox.util.autodetect.FontFileFinder - checkFontfile check C:\Windows\FONTS\palab.ttf
14:15:18.321 [main] DEBUG org.apache.fontbox.util.autodetect.FontFileFinder - checkFontfile found C:\Windows\FONTS\palab.ttf
14:15:18.322 [main] DEBUG org.apache.fontbox.util.autodetect.FontFileFinder - checkFontfile check C:\Windows\FONTS\palabi.ttf
14:15:18.322 [main] DEBUG org.apache.fontbox.util.autodetect.FontFileFinder - checkFontfile found C:\Windows\FONTS\palabi.ttf
14:15:18.322 [main] DEBUG org.apache.fontbox.util.autodetect.FontFileFinder - checkFontfile check C:\Windows\FONTS\palai.ttf
14:15:18.322 [main] DEBUG org.apache.fontbox.util.autodetect.FontFileFinder - checkFontfile found C:\Windows\FONTS\palai.ttf
14:15:18.322 [main] DEBUG org.apache.fontbox.util.autodetect.FontFileFinder - checkFontfile check C:\Windows\FONTS\PALSCRI.TTF
14:15:18.322 [main] DEBUG org.apache.fontbox.util.autodetect.FontFileFinder - checkFontfile found C:\Windows\FONTS\PALSCRI.TTF
14:15:18.322 [main] DEBUG org.apache.fontbox.util.autodetect.FontFileFinder - checkFontfile check C:\Windows\FONTS\PAPYRUS.TTF
14:15:18.322 [main] DEBUG org.apache.fontbox.util.autodetect.FontFileFinder - checkFontfile found C:\Windows\FONTS\PAPYRUS.TTF
14:15:18.322 [main] DEBUG org.apache.fontbox.util.autodetect.FontFileFinder - checkFontfile check C:\Windows\FONTS\PARCHM.TTF
14:15:18.322 [main] DEBUG org.apache.fontbox.util.autodetect.FontFileFinder - checkFontfile found C:\Windows\FONTS\PARCHM.TTF
14:15:18.322 [main] DEBUG org.apache.fontbox.util.autodetect.FontFileFinder - checkFontfile check C:\Windows\FONTS\PERBI___.TTF
14:15:18.322 [main] DEBUG org.apache.fontbox.util.autodetect.FontFileFinder - checkFontfile found C:\Windows\FONTS\PERBI___.TTF
14:15:18.323 [main] DEBUG org.apache.fontbox.util.autodetect.FontFileFinder - checkFontfile check C:\Windows\FONTS\PERB____.TTF
14:15:18.323 [main] DEBUG org.apache.fontbox.util.autodetect.FontFileFinder - checkFontfile found C:\Windows\FONTS\PERB____.TTF
14:15:18.323 [main] DEBUG org.apache.fontbox.util.autodetect.FontFileFinder - checkFontfile check C:\Windows\FONTS\PERI____.TTF
14:15:18.323 [main] DEBUG org.apache.fontbox.util.autodetect.FontFileFinder - checkFontfile found C:\Windows\FONTS\PERI____.TTF
14:15:18.323 [main] DEBUG org.apache.fontbox.util.autodetect.FontFileFinder - checkFontfile check C:\Windows\FONTS\PERTIBD.TTF
14:15:18.323 [main] DEBUG org.apache.fontbox.util.autodetect.FontFileFinder - checkFontfile found C:\Windows\FONTS\PERTIBD.TTF
14:15:18.323 [main] DEBUG org.apache.fontbox.util.autodetect.FontFileFinder - checkFontfile check C:\Windows\FONTS\PERTILI.TTF
14:15:18.324 [main] DEBUG org.apache.fontbox.util.autodetect.FontFileFinder - checkFontfile found C:\Windows\FONTS\PERTILI.TTF
14:15:18.324 [main] DEBUG org.apache.fontbox.util.autodetect.FontFileFinder - checkFontfile check C:\Windows\FONTS\PER_____.TTF
14:15:18.324 [main] DEBUG org.apache.fontbox.util.autodetect.FontFileFinder - checkFontfile found C:\Windows\FONTS\PER_____.TTF
14:15:18.324 [main] DEBUG org.apache.fontbox.util.autodetect.FontFileFinder - checkFontfile check C:\Windows\FONTS\phagspa.ttf
14:15:18.324 [main] DEBUG org.apache.fontbox.util.autodetect.FontFileFinder - checkFontfile found C:\Windows\FONTS\phagspa.ttf
14:15:18.324 [main] DEBUG org.apache.fontbox.util.autodetect.FontFileFinder - checkFontfile check C:\Windows\FONTS\phagspab.ttf
14:15:18.324 [main] DEBUG org.apache.fontbox.util.autodetect.FontFileFinder - checkFontfile found C:\Windows\FONTS\phagspab.ttf
14:15:18.324 [main] DEBUG org.apache.fontbox.util.autodetect.FontFileFinder - checkFontfile check C:\Windows\FONTS\PLAYBILL.TTF
14:15:18.324 [main] DEBUG org.apache.fontbox.util.autodetect.FontFileFinder - checkFontfile found C:\Windows\FONTS\PLAYBILL.TTF
14:15:18.324 [main] DEBUG org.apache.fontbox.util.autodetect.FontFileFinder - checkFontfile check C:\Windows\FONTS\POORICH.TTF
14:15:18.324 [main] DEBUG org.apache.fontbox.util.autodetect.FontFileFinder - checkFontfile found C:\Windows\FONTS\POORICH.TTF
14:15:18.324 [main] DEBUG org.apache.fontbox.util.autodetect.FontFileFinder - checkFontfile check C:\Windows\FONTS\PRISTINA.TTF
14:15:18.324 [main] DEBUG org.apache.fontbox.util.autodetect.FontFileFinder - checkFontfile found C:\Windows\FONTS\PRISTINA.TTF
14:15:18.324 [main] DEBUG org.apache.fontbox.util.autodetect.FontFileFinder - checkFontfile check C:\Windows\FONTS\RAGE.TTF
14:15:18.324 [main] DEBUG org.apache.fontbox.util.autodetect.FontFileFinder - checkFontfile found C:\Windows\FONTS\RAGE.TTF
14:15:18.324 [main] DEBUG org.apache.fontbox.util.autodetect.FontFileFinder - checkFontfile check C:\Windows\FONTS\RAVIE.TTF
14:15:18.324 [main] DEBUG org.apache.fontbox.util.autodetect.FontFileFinder - checkFontfile found C:\Windows\FONTS\RAVIE.TTF
14:15:18.324 [main] DEBUG org.apache.fontbox.util.autodetect.FontFileFinder - checkFontfile check C:\Windows\FONTS\REFSAN.TTF
14:15:18.324 [main] DEBUG org.apache.fontbox.util.autodetect.FontFileFinder - checkFontfile found C:\Windows\FONTS\REFSAN.TTF
14:15:18.325 [main] DEBUG org.apache.fontbox.util.autodetect.FontFileFinder - checkFontfile check C:\Windows\FONTS\REFSPCL.TTF
14:15:18.325 [main] DEBUG org.apache.fontbox.util.autodetect.FontFileFinder - checkFontfile found C:\Windows\FONTS\REFSPCL.TTF
14:15:18.325 [main] DEBUG org.apache.fontbox.util.autodetect.FontFileFinder - checkFontfile check C:\Windows\FONTS\ROCCB___.TTF
14:15:18.325 [main] DEBUG org.apache.fontbox.util.autodetect.FontFileFinder - checkFontfile found C:\Windows\FONTS\ROCCB___.TTF
14:15:18.325 [main] DEBUG org.apache.fontbox.util.autodetect.FontFileFinder - checkFontfile check C:\Windows\FONTS\ROCC____.TTF
14:15:18.325 [main] DEBUG org.apache.fontbox.util.autodetect.FontFileFinder - checkFontfile found C:\Windows\FONTS\ROCC____.TTF
14:15:18.325 [main] DEBUG org.apache.fontbox.util.autodetect.FontFileFinder - checkFontfile check C:\Windows\FONTS\ROCK.TTF
14:15:18.325 [main] DEBUG org.apache.fontbox.util.autodetect.FontFileFinder - checkFontfile found C:\Windows\FONTS\ROCK.TTF
14:15:18.325 [main] DEBUG org.apache.fontbox.util.autodetect.FontFileFinder - checkFontfile check C:\Windows\FONTS\ROCKB.TTF
14:15:18.325 [main] DEBUG org.apache.fontbox.util.autodetect.FontFileFinder - checkFontfile found C:\Windows\FONTS\ROCKB.TTF
14:15:18.325 [main] DEBUG org.apache.fontbox.util.autodetect.FontFileFinder - checkFontfile check C:\Windows\FONTS\ROCKBI.TTF
14:15:18.325 [main] DEBUG org.apache.fontbox.util.autodetect.FontFileFinder - checkFontfile found C:\Windows\FONTS\ROCKBI.TTF
14:15:18.326 [main] DEBUG org.apache.fontbox.util.autodetect.FontFileFinder - checkFontfile check C:\Windows\FONTS\ROCKEB.TTF
14:15:18.326 [main] DEBUG org.apache.fontbox.util.autodetect.FontFileFinder - checkFontfile found C:\Windows\FONTS\ROCKEB.TTF
14:15:18.326 [main] DEBUG org.apache.fontbox.util.autodetect.FontFileFinder - checkFontfile check C:\Windows\FONTS\ROCKI.TTF
14:15:18.326 [main] DEBUG org.apache.fontbox.util.autodetect.FontFileFinder - checkFontfile found C:\Windows\FONTS\ROCKI.TTF
14:15:18.326 [main] DEBUG org.apache.fontbox.util.autodetect.FontFileFinder - checkFontfile check C:\Windows\FONTS\roman.fon
14:15:18.326 [main] DEBUG org.apache.fontbox.util.autodetect.FontFileFinder - checkFontfile check C:\Windows\FONTS\s8514fix.fon
14:15:18.327 [main] DEBUG org.apache.fontbox.util.autodetect.FontFileFinder - checkFontfile check C:\Windows\FONTS\s8514oem.fon
14:15:18.327 [main] DEBUG org.apache.fontbox.util.autodetect.FontFileFinder - checkFontfile check C:\Windows\FONTS\s8514sys.fon
14:15:18.327 [main] DEBUG org.apache.fontbox.util.autodetect.FontFileFinder - checkFontfile check C:\Windows\FONTS\SCHLBKB.TTF
14:15:18.327 [main] DEBUG org.apache.fontbox.util.autodetect.FontFileFinder - checkFontfile found C:\Windows\FONTS\SCHLBKB.TTF
14:15:18.327 [main] DEBUG org.apache.fontbox.util.autodetect.FontFileFinder - checkFontfile check C:\Windows\FONTS\SCHLBKBI.TTF
14:15:18.327 [main] DEBUG org.apache.fontbox.util.autodetect.FontFileFinder - checkFontfile found C:\Windows\FONTS\SCHLBKBI.TTF
14:15:18.327 [main] DEBUG org.apache.fontbox.util.autodetect.FontFileFinder - checkFontfile check C:\Windows\FONTS\SCHLBKI.TTF
14:15:18.327 [main] DEBUG org.apache.fontbox.util.autodetect.FontFileFinder - checkFontfile found C:\Windows\FONTS\SCHLBKI.TTF
14:15:18.328 [main] DEBUG org.apache.fontbox.util.autodetect.FontFileFinder - checkFontfile check C:\Windows\FONTS\script.fon
14:15:18.328 [main] DEBUG org.apache.fontbox.util.autodetect.FontFileFinder - checkFontfile check C:\Windows\FONTS\SCRIPTBL.TTF
14:15:18.328 [main] DEBUG org.apache.fontbox.util.autodetect.FontFileFinder - checkFontfile found C:\Windows\FONTS\SCRIPTBL.TTF
14:15:18.328 [main] DEBUG org.apache.fontbox.util.autodetect.FontFileFinder - checkFontfile check C:\Windows\FONTS\segmdl2.ttf
14:15:18.328 [main] DEBUG org.apache.fontbox.util.autodetect.FontFileFinder - checkFontfile found C:\Windows\FONTS\segmdl2.ttf
14:15:18.329 [main] DEBUG org.apache.fontbox.util.autodetect.FontFileFinder - checkFontfile check C:\Windows\FONTS\segoepr.ttf
14:15:18.329 [main] DEBUG org.apache.fontbox.util.autodetect.FontFileFinder - checkFontfile found C:\Windows\FONTS\segoepr.ttf
14:15:18.329 [main] DEBUG org.apache.fontbox.util.autodetect.FontFileFinder - checkFontfile check C:\Windows\FONTS\segoeprb.ttf
14:15:18.329 [main] DEBUG org.apache.fontbox.util.autodetect.FontFileFinder - checkFontfile found C:\Windows\FONTS\segoeprb.ttf
14:15:18.329 [main] DEBUG org.apache.fontbox.util.autodetect.FontFileFinder - checkFontfile check C:\Windows\FONTS\segoesc.ttf
14:15:18.329 [main] DEBUG org.apache.fontbox.util.autodetect.FontFileFinder - checkFontfile found C:\Windows\FONTS\segoesc.ttf
14:15:18.330 [main] DEBUG org.apache.fontbox.util.autodetect.FontFileFinder - checkFontfile check C:\Windows\FONTS\segoescb.ttf
14:15:18.330 [main] DEBUG org.apache.fontbox.util.autodetect.FontFileFinder - checkFontfile found C:\Windows\FONTS\segoescb.ttf
14:15:18.330 [main] DEBUG org.apache.fontbox.util.autodetect.FontFileFinder - checkFontfile check C:\Windows\FONTS\segoeui.ttf
14:15:18.330 [main] DEBUG org.apache.fontbox.util.autodetect.FontFileFinder - checkFontfile found C:\Windows\FONTS\segoeui.ttf
14:15:18.330 [main] DEBUG org.apache.fontbox.util.autodetect.FontFileFinder - checkFontfile check C:\Windows\FONTS\segoeuib.ttf
14:15:18.330 [main] DEBUG org.apache.fontbox.util.autodetect.FontFileFinder - checkFontfile found C:\Windows\FONTS\segoeuib.ttf
14:15:18.330 [main] DEBUG org.apache.fontbox.util.autodetect.FontFileFinder - checkFontfile check C:\Windows\FONTS\segoeuii.ttf
14:15:18.330 [main] DEBUG org.apache.fontbox.util.autodetect.FontFileFinder - checkFontfile found C:\Windows\FONTS\segoeuii.ttf
14:15:18.330 [main] DEBUG org.apache.fontbox.util.autodetect.FontFileFinder - checkFontfile check C:\Windows\FONTS\segoeuil.ttf
14:15:18.330 [main] DEBUG org.apache.fontbox.util.autodetect.FontFileFinder - checkFontfile found C:\Windows\FONTS\segoeuil.ttf
14:15:18.331 [main] DEBUG org.apache.fontbox.util.autodetect.FontFileFinder - checkFontfile check C:\Windows\FONTS\segoeuisl.ttf
14:15:18.331 [main] DEBUG org.apache.fontbox.util.autodetect.FontFileFinder - checkFontfile found C:\Windows\FONTS\segoeuisl.ttf
14:15:18.331 [main] DEBUG org.apache.fontbox.util.autodetect.FontFileFinder - checkFontfile check C:\Windows\FONTS\segoeuiz.ttf
14:15:18.331 [main] DEBUG org.apache.fontbox.util.autodetect.FontFileFinder - checkFontfile found C:\Windows\FONTS\segoeuiz.ttf
14:15:18.331 [main] DEBUG org.apache.fontbox.util.autodetect.FontFileFinder - checkFontfile check C:\Windows\FONTS\seguibl.ttf
14:15:18.331 [main] DEBUG org.apache.fontbox.util.autodetect.FontFileFinder - checkFontfile found C:\Windows\FONTS\seguibl.ttf
14:15:18.331 [main] DEBUG org.apache.fontbox.util.autodetect.FontFileFinder - checkFontfile check C:\Windows\FONTS\seguibli.ttf
14:15:18.331 [main] DEBUG org.apache.fontbox.util.autodetect.FontFileFinder - checkFontfile found C:\Windows\FONTS\seguibli.ttf
14:15:18.331 [main] DEBUG org.apache.fontbox.util.autodetect.FontFileFinder - checkFontfile check C:\Windows\FONTS\seguiemj.ttf
14:15:18.332 [main] DEBUG org.apache.fontbox.util.autodetect.FontFileFinder - checkFontfile found C:\Windows\FONTS\seguiemj.ttf
14:15:18.332 [main] DEBUG org.apache.fontbox.util.autodetect.FontFileFinder - checkFontfile check C:\Windows\FONTS\seguihis.ttf
14:15:18.332 [main] DEBUG org.apache.fontbox.util.autodetect.FontFileFinder - checkFontfile found C:\Windows\FONTS\seguihis.ttf
14:15:18.332 [main] DEBUG org.apache.fontbox.util.autodetect.FontFileFinder - checkFontfile check C:\Windows\FONTS\seguili.ttf
14:15:18.332 [main] DEBUG org.apache.fontbox.util.autodetect.FontFileFinder - checkFontfile found C:\Windows\FONTS\seguili.ttf
14:15:18.332 [main] DEBUG org.apache.fontbox.util.autodetect.FontFileFinder - checkFontfile check C:\Windows\FONTS\seguisb.ttf
14:15:18.332 [main] DEBUG org.apache.fontbox.util.autodetect.FontFileFinder - checkFontfile found C:\Windows\FONTS\seguisb.ttf
14:15:18.332 [main] DEBUG org.apache.fontbox.util.autodetect.FontFileFinder - checkFontfile check C:\Windows\FONTS\seguisbi.ttf
14:15:18.332 [main] DEBUG org.apache.fontbox.util.autodetect.FontFileFinder - checkFontfile found C:\Windows\FONTS\seguisbi.ttf
14:15:18.333 [main] DEBUG org.apache.fontbox.util.autodetect.FontFileFinder - checkFontfile check C:\Windows\FONTS\seguisli.ttf
14:15:18.333 [main] DEBUG org.apache.fontbox.util.autodetect.FontFileFinder - checkFontfile found C:\Windows\FONTS\seguisli.ttf
14:15:18.333 [main] DEBUG org.apache.fontbox.util.autodetect.FontFileFinder - checkFontfile check C:\Windows\FONTS\seguisym.ttf
14:15:18.333 [main] DEBUG org.apache.fontbox.util.autodetect.FontFileFinder - checkFontfile found C:\Windows\FONTS\seguisym.ttf
14:15:18.333 [main] DEBUG org.apache.fontbox.util.autodetect.FontFileFinder - checkFontfile check C:\Windows\FONTS\sere1255.fon
14:15:18.333 [main] DEBUG org.apache.fontbox.util.autodetect.FontFileFinder - checkFontfile check C:\Windows\FONTS\sere1256.fon
14:15:18.333 [main] DEBUG org.apache.fontbox.util.autodetect.FontFileFinder - checkFontfile check C:\Windows\FONTS\sere1257.fon
14:15:18.333 [main] DEBUG org.apache.fontbox.util.autodetect.FontFileFinder - checkFontfile check C:\Windows\FONTS\serf1255.fon
14:15:18.333 [main] DEBUG org.apache.fontbox.util.autodetect.FontFileFinder - checkFontfile check C:\Windows\FONTS\serf1256.fon
14:15:18.334 [main] DEBUG org.apache.fontbox.util.autodetect.FontFileFinder - checkFontfile check C:\Windows\FONTS\serf1257.fon
14:15:18.334 [main] DEBUG org.apache.fontbox.util.autodetect.FontFileFinder - checkFontfile check C:\Windows\FONTS\serife.fon
14:15:18.334 [main] DEBUG org.apache.fontbox.util.autodetect.FontFileFinder - checkFontfile check C:\Windows\FONTS\serifee.fon
14:15:18.334 [main] DEBUG org.apache.fontbox.util.autodetect.FontFileFinder - checkFontfile check C:\Windows\FONTS\serifeg.fon
14:15:18.334 [main] DEBUG org.apache.fontbox.util.autodetect.FontFileFinder - checkFontfile check C:\Windows\FONTS\serifer.fon
14:15:18.334 [main] DEBUG org.apache.fontbox.util.autodetect.FontFileFinder - checkFontfile check C:\Windows\FONTS\serifet.fon
14:15:18.334 [main] DEBUG org.apache.fontbox.util.autodetect.FontFileFinder - checkFontfile check C:\Windows\FONTS\seriff.fon
14:15:18.334 [main] DEBUG org.apache.fontbox.util.autodetect.FontFileFinder - checkFontfile check C:\Windows\FONTS\seriffe.fon
14:15:18.334 [main] DEBUG org.apache.fontbox.util.autodetect.FontFileFinder - checkFontfile check C:\Windows\FONTS\seriffg.fon
14:15:18.334 [main] DEBUG org.apache.fontbox.util.autodetect.FontFileFinder - checkFontfile check C:\Windows\FONTS\seriffr.fon
14:15:18.334 [main] DEBUG org.apache.fontbox.util.autodetect.FontFileFinder - checkFontfile check C:\Windows\FONTS\serifft.fon
14:15:18.334 [main] DEBUG org.apache.fontbox.util.autodetect.FontFileFinder - checkFontfile check C:\Windows\FONTS\SHOWG.TTF
14:15:18.334 [main] DEBUG org.apache.fontbox.util.autodetect.FontFileFinder - checkFontfile found C:\Windows\FONTS\SHOWG.TTF
14:15:18.334 [main] DEBUG org.apache.fontbox.util.autodetect.FontFileFinder - checkFontfile check C:\Windows\FONTS\simsun.ttc
14:15:18.334 [main] DEBUG org.apache.fontbox.util.autodetect.FontFileFinder - checkFontfile found C:\Windows\FONTS\simsun.ttc
14:15:18.335 [main] DEBUG org.apache.fontbox.util.autodetect.FontFileFinder - checkFontfile check C:\Windows\FONTS\simsunb.ttf
14:15:18.335 [main] DEBUG org.apache.fontbox.util.autodetect.FontFileFinder - checkFontfile found C:\Windows\FONTS\simsunb.ttf
14:15:18.335 [main] DEBUG org.apache.fontbox.util.autodetect.FontFileFinder - checkFontfile check C:\Windows\FONTS\Sitka.ttc
14:15:18.335 [main] DEBUG org.apache.fontbox.util.autodetect.FontFileFinder - checkFontfile found C:\Windows\FONTS\Sitka.ttc
14:15:18.335 [main] DEBUG org.apache.fontbox.util.autodetect.FontFileFinder - checkFontfile check C:\Windows\FONTS\SitkaB.ttc
14:15:18.335 [main] DEBUG org.apache.fontbox.util.autodetect.FontFileFinder - checkFontfile found C:\Windows\FONTS\SitkaB.ttc
14:15:18.335 [main] DEBUG org.apache.fontbox.util.autodetect.FontFileFinder - checkFontfile check C:\Windows\FONTS\SitkaI.ttc
14:15:18.335 [main] DEBUG org.apache.fontbox.util.autodetect.FontFileFinder - checkFontfile found C:\Windows\FONTS\SitkaI.ttc
14:15:18.336 [main] DEBUG org.apache.fontbox.util.autodetect.FontFileFinder - checkFontfile check C:\Windows\FONTS\SitkaZ.ttc
14:15:18.336 [main] DEBUG org.apache.fontbox.util.autodetect.FontFileFinder - checkFontfile found C:\Windows\FONTS\SitkaZ.ttc
14:15:18.336 [main] DEBUG org.apache.fontbox.util.autodetect.FontFileFinder - checkFontfile check C:\Windows\FONTS\smae1255.fon
14:15:18.338 [main] DEBUG org.apache.fontbox.util.autodetect.FontFileFinder - checkFontfile check C:\Windows\FONTS\smae1256.fon
14:15:18.338 [main] DEBUG org.apache.fontbox.util.autodetect.FontFileFinder - checkFontfile check C:\Windows\FONTS\smae1257.fon
14:15:18.339 [main] DEBUG org.apache.fontbox.util.autodetect.FontFileFinder - checkFontfile check C:\Windows\FONTS\smaf1255.fon
14:15:18.339 [main] DEBUG org.apache.fontbox.util.autodetect.FontFileFinder - checkFontfile check C:\Windows\FONTS\smaf1256.fon
14:15:18.339 [main] DEBUG org.apache.fontbox.util.autodetect.FontFileFinder - checkFontfile check C:\Windows\FONTS\smaf1257.fon
14:15:18.339 [main] DEBUG org.apache.fontbox.util.autodetect.FontFileFinder - checkFontfile check C:\Windows\FONTS\smalle.fon
14:15:18.340 [main] DEBUG org.apache.fontbox.util.autodetect.FontFileFinder - checkFontfile check C:\Windows\FONTS\smallee.fon
14:15:18.340 [main] DEBUG org.apache.fontbox.util.autodetect.FontFileFinder - checkFontfile check C:\Windows\FONTS\smalleg.fon
14:15:18.340 [main] DEBUG org.apache.fontbox.util.autodetect.FontFileFinder - checkFontfile check C:\Windows\FONTS\smaller.fon
14:15:18.340 [main] DEBUG org.apache.fontbox.util.autodetect.FontFileFinder - checkFontfile check C:\Windows\FONTS\smallet.fon
14:15:18.340 [main] DEBUG org.apache.fontbox.util.autodetect.FontFileFinder - checkFontfile check C:\Windows\FONTS\smallf.fon
14:15:18.341 [main] DEBUG org.apache.fontbox.util.autodetect.FontFileFinder - checkFontfile check C:\Windows\FONTS\smallfe.fon
14:15:18.341 [main] DEBUG org.apache.fontbox.util.autodetect.FontFileFinder - checkFontfile check C:\Windows\FONTS\smallfg.fon
14:15:18.341 [main] DEBUG org.apache.fontbox.util.autodetect.FontFileFinder - checkFontfile check C:\Windows\FONTS\smallfr.fon
14:15:18.341 [main] DEBUG org.apache.fontbox.util.autodetect.FontFileFinder - checkFontfile check C:\Windows\FONTS\smallft.fon
14:15:18.341 [main] DEBUG org.apache.fontbox.util.autodetect.FontFileFinder - checkFontfile check C:\Windows\FONTS\SNAP____.TTF
14:15:18.341 [main] DEBUG org.apache.fontbox.util.autodetect.FontFileFinder - checkFontfile found C:\Windows\FONTS\SNAP____.TTF
14:15:18.342 [main] DEBUG org.apache.fontbox.util.autodetect.FontFileFinder - checkFontfile check C:\Windows\FONTS\ssee1255.fon
14:15:18.342 [main] DEBUG org.apache.fontbox.util.autodetect.FontFileFinder - checkFontfile check C:\Windows\FONTS\ssee1256.fon
14:15:18.342 [main] DEBUG org.apache.fontbox.util.autodetect.FontFileFinder - checkFontfile check C:\Windows\FONTS\ssee1257.fon
14:15:18.342 [main] DEBUG org.apache.fontbox.util.autodetect.FontFileFinder - checkFontfile check C:\Windows\FONTS\ssee874.fon
14:15:18.342 [main] DEBUG org.apache.fontbox.util.autodetect.FontFileFinder - checkFontfile check C:\Windows\FONTS\ssef1255.fon
14:15:18.342 [main] DEBUG org.apache.fontbox.util.autodetect.FontFileFinder - checkFontfile check C:\Windows\FONTS\ssef1256.fon
14:15:18.343 [main] DEBUG org.apache.fontbox.util.autodetect.FontFileFinder - checkFontfile check C:\Windows\FONTS\ssef1257.fon
14:15:18.343 [main] DEBUG org.apache.fontbox.util.autodetect.FontFileFinder - checkFontfile check C:\Windows\FONTS\ssef874.fon
14:15:18.343 [main] DEBUG org.apache.fontbox.util.autodetect.FontFileFinder - checkFontfile check C:\Windows\FONTS\sserife.fon
14:15:18.343 [main] DEBUG org.apache.fontbox.util.autodetect.FontFileFinder - checkFontfile check C:\Windows\FONTS\sserifee.fon
14:15:18.343 [main] DEBUG org.apache.fontbox.util.autodetect.FontFileFinder - checkFontfile check C:\Windows\FONTS\sserifeg.fon
14:15:18.344 [main] DEBUG org.apache.fontbox.util.autodetect.FontFileFinder - checkFontfile check C:\Windows\FONTS\sserifer.fon
14:15:18.345 [main] DEBUG org.apache.fontbox.util.autodetect.FontFileFinder - checkFontfile check C:\Windows\FONTS\sserifet.fon
14:15:18.346 [main] DEBUG org.apache.fontbox.util.autodetect.FontFileFinder - checkFontfile check C:\Windows\FONTS\sseriff.fon
14:15:18.346 [main] DEBUG org.apache.fontbox.util.autodetect.FontFileFinder - checkFontfile check C:\Windows\FONTS\sseriffe.fon
14:15:18.346 [main] DEBUG org.apache.fontbox.util.autodetect.FontFileFinder - checkFontfile check C:\Windows\FONTS\sseriffg.fon
14:15:18.346 [main] DEBUG org.apache.fontbox.util.autodetect.FontFileFinder - checkFontfile check C:\Windows\FONTS\sseriffr.fon
14:15:18.346 [main] DEBUG org.apache.fontbox.util.autodetect.FontFileFinder - checkFontfile check C:\Windows\FONTS\sserifft.fon
14:15:18.346 [main] DEBUG org.apache.fontbox.util.autodetect.FontFileFinder - checkFontfile check C:\Windows\FONTS\StaticCache.dat
14:15:18.346 [main] DEBUG org.apache.fontbox.util.autodetect.FontFileFinder - checkFontfile check C:\Windows\FONTS\STENCIL.TTF
14:15:18.346 [main] DEBUG org.apache.fontbox.util.autodetect.FontFileFinder - checkFontfile found C:\Windows\FONTS\STENCIL.TTF
14:15:18.347 [main] DEBUG org.apache.fontbox.util.autodetect.FontFileFinder - checkFontfile check C:\Windows\FONTS\svgafix.fon
14:15:18.347 [main] DEBUG org.apache.fontbox.util.autodetect.FontFileFinder - checkFontfile check C:\Windows\FONTS\svgasys.fon
14:15:18.347 [main] DEBUG org.apache.fontbox.util.autodetect.FontFileFinder - checkFontfile check C:\Windows\FONTS\sylfaen.ttf
14:15:18.347 [main] DEBUG org.apache.fontbox.util.autodetect.FontFileFinder - checkFontfile found C:\Windows\FONTS\sylfaen.ttf
14:15:18.348 [main] DEBUG org.apache.fontbox.util.autodetect.FontFileFinder - checkFontfile check C:\Windows\FONTS\symbol.ttf
14:15:18.348 [main] DEBUG org.apache.fontbox.util.autodetect.FontFileFinder - checkFontfile found C:\Windows\FONTS\symbol.ttf
14:15:18.348 [main] DEBUG org.apache.fontbox.util.autodetect.FontFileFinder - checkFontfile check C:\Windows\FONTS\tahoma.ttf
14:15:18.348 [main] DEBUG org.apache.fontbox.util.autodetect.FontFileFinder - checkFontfile found C:\Windows\FONTS\tahoma.ttf
14:15:18.348 [main] DEBUG org.apache.fontbox.util.autodetect.FontFileFinder - checkFontfile check C:\Windows\FONTS\tahomabd.ttf
14:15:18.348 [main] DEBUG org.apache.fontbox.util.autodetect.FontFileFinder - checkFontfile found C:\Windows\FONTS\tahomabd.ttf
14:15:18.348 [main] DEBUG org.apache.fontbox.util.autodetect.FontFileFinder - checkFontfile check C:\Windows\FONTS\taile.ttf
14:15:18.348 [main] DEBUG org.apache.fontbox.util.autodetect.FontFileFinder - checkFontfile found C:\Windows\FONTS\taile.ttf
14:15:18.349 [main] DEBUG org.apache.fontbox.util.autodetect.FontFileFinder - checkFontfile check C:\Windows\FONTS\taileb.ttf
14:15:18.349 [main] DEBUG org.apache.fontbox.util.autodetect.FontFileFinder - checkFontfile found C:\Windows\FONTS\taileb.ttf
14:15:18.349 [main] DEBUG org.apache.fontbox.util.autodetect.FontFileFinder - checkFontfile check C:\Windows\FONTS\TCBI____.TTF
14:15:18.349 [main] DEBUG org.apache.fontbox.util.autodetect.FontFileFinder - checkFontfile found C:\Windows\FONTS\TCBI____.TTF
14:15:18.349 [main] DEBUG org.apache.fontbox.util.autodetect.FontFileFinder - checkFontfile check C:\Windows\FONTS\TCB_____.TTF
14:15:18.349 [main] DEBUG org.apache.fontbox.util.autodetect.FontFileFinder - checkFontfile found C:\Windows\FONTS\TCB_____.TTF
14:15:18.349 [main] DEBUG org.apache.fontbox.util.autodetect.FontFileFinder - checkFontfile check C:\Windows\FONTS\TCCB____.TTF
14:15:18.349 [main] DEBUG org.apache.fontbox.util.autodetect.FontFileFinder - checkFontfile found C:\Windows\FONTS\TCCB____.TTF
14:15:18.349 [main] DEBUG org.apache.fontbox.util.autodetect.FontFileFinder - checkFontfile check C:\Windows\FONTS\TCCEB.TTF
14:15:18.349 [main] DEBUG org.apache.fontbox.util.autodetect.FontFileFinder - checkFontfile found C:\Windows\FONTS\TCCEB.TTF
14:15:18.349 [main] DEBUG org.apache.fontbox.util.autodetect.FontFileFinder - checkFontfile check C:\Windows\FONTS\TCCM____.TTF
14:15:18.349 [main] DEBUG org.apache.fontbox.util.autodetect.FontFileFinder - checkFontfile found C:\Windows\FONTS\TCCM____.TTF
14:15:18.349 [main] DEBUG org.apache.fontbox.util.autodetect.FontFileFinder - checkFontfile check C:\Windows\FONTS\TCMI____.TTF
14:15:18.349 [main] DEBUG org.apache.fontbox.util.autodetect.FontFileFinder - checkFontfile found C:\Windows\FONTS\TCMI____.TTF
14:15:18.349 [main] DEBUG org.apache.fontbox.util.autodetect.FontFileFinder - checkFontfile check C:\Windows\FONTS\TCM_____.TTF
14:15:18.349 [main] DEBUG org.apache.fontbox.util.autodetect.FontFileFinder - checkFontfile found C:\Windows\FONTS\TCM_____.TTF
14:15:18.350 [main] DEBUG org.apache.fontbox.util.autodetect.FontFileFinder - checkFontfile check C:\Windows\FONTS\TEMPSITC.TTF
14:15:18.350 [main] DEBUG org.apache.fontbox.util.autodetect.FontFileFinder - checkFontfile found C:\Windows\FONTS\TEMPSITC.TTF
14:15:18.350 [main] DEBUG org.apache.fontbox.util.autodetect.FontFileFinder - checkFontfile check C:\Windows\FONTS\times.ttf
14:15:18.350 [main] DEBUG org.apache.fontbox.util.autodetect.FontFileFinder - checkFontfile found C:\Windows\FONTS\times.ttf
14:15:18.350 [main] DEBUG org.apache.fontbox.util.autodetect.FontFileFinder - checkFontfile check C:\Windows\FONTS\timesbd.ttf
14:15:18.350 [main] DEBUG org.apache.fontbox.util.autodetect.FontFileFinder - checkFontfile found C:\Windows\FONTS\timesbd.ttf
14:15:18.350 [main] DEBUG org.apache.fontbox.util.autodetect.FontFileFinder - checkFontfile check C:\Windows\FONTS\timesbi.ttf
14:15:18.350 [main] DEBUG org.apache.fontbox.util.autodetect.FontFileFinder - checkFontfile found C:\Windows\FONTS\timesbi.ttf
14:15:18.351 [main] DEBUG org.apache.fontbox.util.autodetect.FontFileFinder - checkFontfile check C:\Windows\FONTS\timesi.ttf
14:15:18.351 [main] DEBUG org.apache.fontbox.util.autodetect.FontFileFinder - checkFontfile found C:\Windows\FONTS\timesi.ttf
14:15:18.351 [main] DEBUG org.apache.fontbox.util.autodetect.FontFileFinder - checkFontfile check C:\Windows\FONTS\trebuc.ttf
14:15:18.351 [main] DEBUG org.apache.fontbox.util.autodetect.FontFileFinder - checkFontfile found C:\Windows\FONTS\trebuc.ttf
14:15:18.351 [main] DEBUG org.apache.fontbox.util.autodetect.FontFileFinder - checkFontfile check C:\Windows\FONTS\trebucbd.ttf
14:15:18.351 [main] DEBUG org.apache.fontbox.util.autodetect.FontFileFinder - checkFontfile found C:\Windows\FONTS\trebucbd.ttf
14:15:18.351 [main] DEBUG org.apache.fontbox.util.autodetect.FontFileFinder - checkFontfile check C:\Windows\FONTS\trebucbi.ttf
14:15:18.351 [main] DEBUG org.apache.fontbox.util.autodetect.FontFileFinder - checkFontfile found C:\Windows\FONTS\trebucbi.ttf
14:15:18.351 [main] DEBUG org.apache.fontbox.util.autodetect.FontFileFinder - checkFontfile check C:\Windows\FONTS\trebucit.ttf
14:15:18.352 [main] DEBUG org.apache.fontbox.util.autodetect.FontFileFinder - checkFontfile found C:\Windows\FONTS\trebucit.ttf
14:15:18.352 [main] DEBUG org.apache.fontbox.util.autodetect.FontFileFinder - checkFontfile check C:\Windows\FONTS\verdana.ttf
14:15:18.354 [main] DEBUG org.apache.fontbox.util.autodetect.FontFileFinder - checkFontfile found C:\Windows\FONTS\verdana.ttf
14:15:18.354 [main] DEBUG org.apache.fontbox.util.autodetect.FontFileFinder - checkFontfile check C:\Windows\FONTS\verdanab.ttf
14:15:18.354 [main] DEBUG org.apache.fontbox.util.autodetect.FontFileFinder - checkFontfile found C:\Windows\FONTS\verdanab.ttf
14:15:18.354 [main] DEBUG org.apache.fontbox.util.autodetect.FontFileFinder - checkFontfile check C:\Windows\FONTS\verdanai.ttf
14:15:18.354 [main] DEBUG org.apache.fontbox.util.autodetect.FontFileFinder - checkFontfile found C:\Windows\FONTS\verdanai.ttf
14:15:18.354 [main] DEBUG org.apache.fontbox.util.autodetect.FontFileFinder - checkFontfile check C:\Windows\FONTS\verdanaz.ttf
14:15:18.354 [main] DEBUG org.apache.fontbox.util.autodetect.FontFileFinder - checkFontfile found C:\Windows\FONTS\verdanaz.ttf
14:15:18.355 [main] DEBUG org.apache.fontbox.util.autodetect.FontFileFinder - checkFontfile check C:\Windows\FONTS\vga737.fon
14:15:18.355 [main] DEBUG org.apache.fontbox.util.autodetect.FontFileFinder - checkFontfile check C:\Windows\FONTS\vga775.fon
14:15:18.355 [main] DEBUG org.apache.fontbox.util.autodetect.FontFileFinder - checkFontfile check C:\Windows\FONTS\vga850.fon
14:15:18.355 [main] DEBUG org.apache.fontbox.util.autodetect.FontFileFinder - checkFontfile check C:\Windows\FONTS\vga852.fon
14:15:18.355 [main] DEBUG org.apache.fontbox.util.autodetect.FontFileFinder - checkFontfile check C:\Windows\FONTS\vga855.fon
14:15:18.355 [main] DEBUG org.apache.fontbox.util.autodetect.FontFileFinder - checkFontfile check C:\Windows\FONTS\vga857.fon
14:15:18.355 [main] DEBUG org.apache.fontbox.util.autodetect.FontFileFinder - checkFontfile check C:\Windows\FONTS\vga860.fon
14:15:18.355 [main] DEBUG org.apache.fontbox.util.autodetect.FontFileFinder - checkFontfile check C:\Windows\FONTS\vga861.fon
14:15:18.355 [main] DEBUG org.apache.fontbox.util.autodetect.FontFileFinder - checkFontfile check C:\Windows\FONTS\vga863.fon
14:15:18.356 [main] DEBUG org.apache.fontbox.util.autodetect.FontFileFinder - checkFontfile check C:\Windows\FONTS\vga865.fon
14:15:18.356 [main] DEBUG org.apache.fontbox.util.autodetect.FontFileFinder - checkFontfile check C:\Windows\FONTS\vga866.fon
14:15:18.356 [main] DEBUG org.apache.fontbox.util.autodetect.FontFileFinder - checkFontfile check C:\Windows\FONTS\vga869.fon
14:15:18.356 [main] DEBUG org.apache.fontbox.util.autodetect.FontFileFinder - checkFontfile check C:\Windows\FONTS\vga932.fon
14:15:18.356 [main] DEBUG org.apache.fontbox.util.autodetect.FontFileFinder - checkFontfile check C:\Windows\FONTS\vga936.fon
14:15:18.356 [main] DEBUG org.apache.fontbox.util.autodetect.FontFileFinder - checkFontfile check C:\Windows\FONTS\vga949.fon
14:15:18.356 [main] DEBUG org.apache.fontbox.util.autodetect.FontFileFinder - checkFontfile check C:\Windows\FONTS\vga950.fon
14:15:18.356 [main] DEBUG org.apache.fontbox.util.autodetect.FontFileFinder - checkFontfile check C:\Windows\FONTS\vgaf1255.fon
14:15:18.356 [main] DEBUG org.apache.fontbox.util.autodetect.FontFileFinder - checkFontfile check C:\Windows\FONTS\vgaf1256.fon
14:15:18.356 [main] DEBUG org.apache.fontbox.util.autodetect.FontFileFinder - checkFontfile check C:\Windows\FONTS\vgaf1257.fon
14:15:18.356 [main] DEBUG org.apache.fontbox.util.autodetect.FontFileFinder - checkFontfile check C:\Windows\FONTS\vgaf874.fon
14:15:18.357 [main] DEBUG org.apache.fontbox.util.autodetect.FontFileFinder - checkFontfile check C:\Windows\FONTS\vgafix.fon
14:15:18.357 [main] DEBUG org.apache.fontbox.util.autodetect.FontFileFinder - checkFontfile check C:\Windows\FONTS\vgafixe.fon
14:15:18.357 [main] DEBUG org.apache.fontbox.util.autodetect.FontFileFinder - checkFontfile check C:\Windows\FONTS\vgafixg.fon
14:15:18.357 [main] DEBUG org.apache.fontbox.util.autodetect.FontFileFinder - checkFontfile check C:\Windows\FONTS\vgafixr.fon
14:15:18.357 [main] DEBUG org.apache.fontbox.util.autodetect.FontFileFinder - checkFontfile check C:\Windows\FONTS\vgafixt.fon
14:15:18.357 [main] DEBUG org.apache.fontbox.util.autodetect.FontFileFinder - checkFontfile check C:\Windows\FONTS\vgaoem.fon
14:15:18.358 [main] DEBUG org.apache.fontbox.util.autodetect.FontFileFinder - checkFontfile check C:\Windows\FONTS\vgas1255.fon
14:15:18.358 [main] DEBUG org.apache.fontbox.util.autodetect.FontFileFinder - checkFontfile check C:\Windows\FONTS\vgas1256.fon
14:15:18.358 [main] DEBUG org.apache.fontbox.util.autodetect.FontFileFinder - checkFontfile check C:\Windows\FONTS\vgas1257.fon
14:15:18.358 [main] DEBUG org.apache.fontbox.util.autodetect.FontFileFinder - checkFontfile check C:\Windows\FONTS\vgas874.fon
14:15:18.358 [main] DEBUG org.apache.fontbox.util.autodetect.FontFileFinder - checkFontfile check C:\Windows\FONTS\vgasys.fon
14:15:18.358 [main] DEBUG org.apache.fontbox.util.autodetect.FontFileFinder - checkFontfile check C:\Windows\FONTS\vgasyse.fon
14:15:18.358 [main] DEBUG org.apache.fontbox.util.autodetect.FontFileFinder - checkFontfile check C:\Windows\FONTS\vgasysg.fon
14:15:18.358 [main] DEBUG org.apache.fontbox.util.autodetect.FontFileFinder - checkFontfile check C:\Windows\FONTS\vgasysr.fon
14:15:18.358 [main] DEBUG org.apache.fontbox.util.autodetect.FontFileFinder - checkFontfile check C:\Windows\FONTS\vgasyst.fon
14:15:18.358 [main] DEBUG org.apache.fontbox.util.autodetect.FontFileFinder - checkFontfile check C:\Windows\FONTS\VINERITC.TTF
14:15:18.358 [main] DEBUG org.apache.fontbox.util.autodetect.FontFileFinder - checkFontfile found C:\Windows\FONTS\VINERITC.TTF
14:15:18.359 [main] DEBUG org.apache.fontbox.util.autodetect.FontFileFinder - checkFontfile check C:\Windows\FONTS\VIVALDII.TTF
14:15:18.359 [main] DEBUG org.apache.fontbox.util.autodetect.FontFileFinder - checkFontfile found C:\Windows\FONTS\VIVALDII.TTF
14:15:18.359 [main] DEBUG org.apache.fontbox.util.autodetect.FontFileFinder - checkFontfile check C:\Windows\FONTS\VLADIMIR.TTF
14:15:18.359 [main] DEBUG org.apache.fontbox.util.autodetect.FontFileFinder - checkFontfile found C:\Windows\FONTS\VLADIMIR.TTF
14:15:18.359 [main] DEBUG org.apache.fontbox.util.autodetect.FontFileFinder - checkFontfile check C:\Windows\FONTS\webdings.ttf
14:15:18.359 [main] DEBUG org.apache.fontbox.util.autodetect.FontFileFinder - checkFontfile found C:\Windows\FONTS\webdings.ttf
14:15:18.359 [main] DEBUG org.apache.fontbox.util.autodetect.FontFileFinder - checkFontfile check C:\Windows\FONTS\wingding.ttf
14:15:18.360 [main] DEBUG org.apache.fontbox.util.autodetect.FontFileFinder - checkFontfile found C:\Windows\FONTS\wingding.ttf
14:15:18.360 [main] DEBUG org.apache.fontbox.util.autodetect.FontFileFinder - checkFontfile check C:\Windows\FONTS\WINGDNG2.TTF
14:15:18.360 [main] DEBUG org.apache.fontbox.util.autodetect.FontFileFinder - checkFontfile found C:\Windows\FONTS\WINGDNG2.TTF
14:15:18.360 [main] DEBUG org.apache.fontbox.util.autodetect.FontFileFinder - checkFontfile check C:\Windows\FONTS\WINGDNG3.TTF
14:15:18.360 [main] DEBUG org.apache.fontbox.util.autodetect.FontFileFinder - checkFontfile found C:\Windows\FONTS\WINGDNG3.TTF
14:15:18.361 [main] DEBUG org.apache.fontbox.util.autodetect.FontFileFinder - checkFontfile check C:\Windows\FONTS\YuGothB.ttc
14:15:18.361 [main] DEBUG org.apache.fontbox.util.autodetect.FontFileFinder - checkFontfile found C:\Windows\FONTS\YuGothB.ttc
14:15:18.361 [main] DEBUG org.apache.fontbox.util.autodetect.FontFileFinder - checkFontfile check C:\Windows\FONTS\YuGothL.ttc
14:15:18.361 [main] DEBUG org.apache.fontbox.util.autodetect.FontFileFinder - checkFontfile found C:\Windows\FONTS\YuGothL.ttc
14:15:18.361 [main] DEBUG org.apache.fontbox.util.autodetect.FontFileFinder - checkFontfile check C:\Windows\FONTS\YuGothM.ttc
14:15:18.361 [main] DEBUG org.apache.fontbox.util.autodetect.FontFileFinder - checkFontfile found C:\Windows\FONTS\YuGothM.ttc
14:15:18.361 [main] DEBUG org.apache.fontbox.util.autodetect.FontFileFinder - checkFontfile check C:\Windows\FONTS\YuGothR.ttc
14:15:18.361 [main] DEBUG org.apache.fontbox.util.autodetect.FontFileFinder - checkFontfile found C:\Windows\FONTS\YuGothR.ttc
14:15:18.362 [main] DEBUG org.apache.fontbox.util.autodetect.FontFileFinder - checkFontfile check C:\Users\sagar.bisen\AppData\Local\Microsoft\Windows\Fonts\AlexBrush-Regular.ttf
14:15:18.362 [main] DEBUG org.apache.fontbox.util.autodetect.FontFileFinder - checkFontfile found C:\Users\sagar.bisen\AppData\Local\Microsoft\Windows\Fonts\AlexBrush-Regular.ttf
14:15:18.362 [main] DEBUG org.apache.fontbox.util.autodetect.FontFileFinder - checkFontfile check C:\Users\sagar.bisen\AppData\Local\Microsoft\Windows\Fonts\Baby.otf
14:15:18.362 [main] DEBUG org.apache.fontbox.util.autodetect.FontFileFinder - checkFontfile found C:\Users\sagar.bisen\AppData\Local\Microsoft\Windows\Fonts\Baby.otf
14:15:18.362 [main] DEBUG org.apache.fontbox.util.autodetect.FontFileFinder - checkFontfile check C:\Users\sagar.bisen\AppData\Local\Microsoft\Windows\Fonts\Birthday Candle.otf
14:15:18.362 [main] DEBUG org.apache.fontbox.util.autodetect.FontFileFinder - checkFontfile found C:\Users\sagar.bisen\AppData\Local\Microsoft\Windows\Fonts\Birthday Candle.otf
14:15:18.362 [main] DEBUG org.apache.fontbox.util.autodetect.FontFileFinder - checkFontfile check C:\Users\sagar.bisen\AppData\Local\Microsoft\Windows\Fonts\StylishCalligraphyDemo-XPZZ.ttf
14:15:18.362 [main] DEBUG org.apache.fontbox.util.autodetect.FontFileFinder - checkFontfile found C:\Users\sagar.bisen\AppData\Local\Microsoft\Windows\Fonts\StylishCalligraphyDemo-XPZZ.ttf
14:15:18.362 [main] DEBUG org.apache.fontbox.util.autodetect.FontFileFinder - checkFontfile check C:\Users\sagar.bisen\AppData\Local\Microsoft\Windows\Fonts\WeddingdayPersonalUseRegular-1Gvo0.ttf
14:15:18.362 [main] DEBUG org.apache.fontbox.util.autodetect.FontFileFinder - checkFontfile found C:\Users\sagar.bisen\AppData\Local\Microsoft\Windows\Fonts\WeddingdayPersonalUseRegular-1Gvo0.ttf
14:15:18.423 [main] DEBUG org.apache.pdfbox.pdmodel.font.FontMapperImpl - getFont('TTF','TimesNewRomanPSMT') returns TimesNewRomanPSMT (TTF, mac: 0x0, os/2: 0x105, cid: null) C:\Windows\FONTS\times.ttf
14:15:18.432 [main] DEBUG org.apache.pdfbox.pdmodel.font.FileSystemFontProvider - Loaded TimesNewRomanPSMT from C:\Windows\FONTS\times.ttf
14:15:18.439 [main] DEBUG org.apache.pdfbox.pdmodel.font.FontMapperImpl - getFont('TTF','TimesNewRomanPS-BoldMT') returns TimesNewRomanPS-BoldMT (TTF, mac: 0x1, os/2: 0x105, cid: null) C:\Windows\FONTS\timesbd.ttf
14:15:18.448 [main] DEBUG org.apache.pdfbox.pdmodel.font.FileSystemFontProvider - Loaded TimesNewRomanPS-BoldMT from C:\Windows\FONTS\timesbd.ttf
14:15:18.451 [main] DEBUG org.apache.pdfbox.pdmodel.font.FontMapperImpl - getFont('TTF','TimesNewRomanPS-ItalicMT') returns TimesNewRomanPS-ItalicMT (TTF, mac: 0x2, os/2: 0x105, cid: null) C:\Windows\FONTS\timesi.ttf
14:15:18.454 [main] DEBUG org.apache.pdfbox.pdmodel.font.FileSystemFontProvider - Loaded TimesNewRomanPS-ItalicMT from C:\Windows\FONTS\timesi.ttf
14:15:18.483 [main] DEBUG org.apache.pdfbox.pdmodel.font.FontMapperImpl - getFont('TTF','TimesNewRomanPS-BoldItalicMT') returns TimesNewRomanPS-BoldItalicMT (TTF, mac: 0x3, os/2: 0x105, cid: null) C:\Windows\FONTS\timesbi.ttf
14:15:18.485 [main] DEBUG org.apache.pdfbox.pdmodel.font.FileSystemFontProvider - Loaded TimesNewRomanPS-BoldItalicMT from C:\Windows\FONTS\timesbi.ttf
14:15:18.499 [main] DEBUG org.apache.pdfbox.pdmodel.font.FontMapperImpl - getFont('TTF','ArialMT') returns ArialMT (TTF, mac: 0x0, os/2: 0x805, cid: null) C:\Windows\FONTS\arial.ttf
14:15:18.501 [main] DEBUG org.apache.pdfbox.pdmodel.font.FileSystemFontProvider - Loaded ArialMT from C:\Windows\FONTS\arial.ttf
14:15:18.505 [main] DEBUG org.apache.pdfbox.pdmodel.font.FontMapperImpl - getFont('TTF','Arial-BoldMT') returns Arial-BoldMT (TTF, mac: 0x1, os/2: 0x805, cid: null) C:\Windows\FONTS\arialbd.ttf
14:15:18.509 [main] DEBUG org.apache.pdfbox.pdmodel.font.FileSystemFontProvider - Loaded Arial-BoldMT from C:\Windows\FONTS\arialbd.ttf
14:15:18.517 [main] DEBUG org.apache.pdfbox.pdmodel.font.FontMapperImpl - getFont('TTF','Arial-ItalicMT') returns Arial-ItalicMT (TTF, mac: 0x2, os/2: 0x805, cid: null) C:\Windows\FONTS\ariali.ttf
14:15:18.520 [main] DEBUG org.apache.pdfbox.pdmodel.font.FileSystemFontProvider - Loaded Arial-ItalicMT from C:\Windows\FONTS\ariali.ttf
14:15:18.524 [main] DEBUG org.apache.pdfbox.pdmodel.font.FontMapperImpl - getFont('TTF','Arial-BoldItalicMT') returns Arial-BoldItalicMT (TTF, mac: 0x3, os/2: 0x805, cid: null) C:\Windows\FONTS\arialbi.ttf
14:15:18.529 [main] DEBUG org.apache.pdfbox.pdmodel.font.FileSystemFontProvider - Loaded Arial-BoldItalicMT from C:\Windows\FONTS\arialbi.ttf
14:15:18.533 [main] DEBUG org.apache.pdfbox.pdmodel.font.FontMapperImpl - getFont('TTF','CourierNewPSMT') returns CourierNewPSMT (TTF, mac: 0x0, os/2: 0x505, cid: null) C:\Windows\FONTS\cour.ttf
14:15:18.535 [main] DEBUG org.apache.pdfbox.pdmodel.font.FileSystemFontProvider - Loaded CourierNewPSMT from C:\Windows\FONTS\cour.ttf
14:15:18.537 [main] DEBUG org.apache.pdfbox.pdmodel.font.FontMapperImpl - getFont('TTF','CourierNewPS-BoldMT') returns CourierNewPS-BoldMT (TTF, mac: 0x1, os/2: 0x505, cid: null) C:\Windows\FONTS\courbd.ttf
14:15:18.539 [main] DEBUG org.apache.pdfbox.pdmodel.font.FileSystemFontProvider - Loaded CourierNewPS-BoldMT from C:\Windows\FONTS\courbd.ttf
14:15:18.542 [main] DEBUG org.apache.pdfbox.pdmodel.font.FontMapperImpl - getFont('TTF','CourierNewPS-ItalicMT') returns CourierNewPS-ItalicMT (TTF, mac: 0x2, os/2: 0x505, cid: null) C:\Windows\FONTS\couri.ttf
14:15:18.545 [main] DEBUG org.apache.pdfbox.pdmodel.font.FileSystemFontProvider - Loaded CourierNewPS-ItalicMT from C:\Windows\FONTS\couri.ttf
14:15:18.548 [main] DEBUG org.apache.pdfbox.pdmodel.font.FontMapperImpl - getFont('TTF','CourierNewPS-BoldItalicMT') returns CourierNewPS-BoldItalicMT (TTF, mac: 0x3, os/2: 0x505, cid: null) C:\Windows\FONTS\courbi.ttf
14:15:18.551 [main] DEBUG org.apache.pdfbox.pdmodel.font.FileSystemFontProvider - Loaded CourierNewPS-BoldItalicMT from C:\Windows\FONTS\courbi.ttf
14:15:18.554 [main] DEBUG org.apache.pdfbox.pdmodel.font.FontMapperImpl - getFont('TTF','SymbolMT') returns SymbolMT (TTF, mac: 0x0, os/2: 0xc03, cid: null) C:\Windows\FONTS\symbol.ttf
14:15:18.556 [main] DEBUG org.apache.pdfbox.pdmodel.font.FileSystemFontProvider - Loaded SymbolMT from C:\Windows\FONTS\symbol.ttf
14:15:18.558 [main] DEBUG org.apache.pdfbox.pdmodel.font.FontMapperImpl - getFont('TTF','MS-Gothic') returns MS-Gothic (TTF, mac: 0x0, os/2: 0x801, cid: null) C:\Windows\FONTS\msgothic.ttc
14:15:18.562 [main] DEBUG org.apache.pdfbox.pdmodel.font.FileSystemFontProvider - Loaded MS-Gothic from C:\Windows\FONTS\msgothic.ttc
????????????????????????????????????????????????????????????????????????????
? View your Cucumber Report at:                                            ?
? https://reports.cucumber.io/reports/e65b5793-ef71-4cb6-8972-673eb9a3ef80 ?
?                                                                          ?
? This report will self-destruct in 24h.                                   ?
? Keep reports forever: https://reports.cucumber.io/profile                ?
????????????????????????????????????????????????????????????????????????????
@Login
Scenario: Login with valid credentials         # src/test/resources/features/login.feature:4
14:14:46.941 [pool-1-thread-1] DEBUG io.github.bonigarcia.wdm.WebDriverManager - Using WebDriverManager 5.9.1
14:14:47.368 [pool-1-thread-1] DEBUG io.github.bonigarcia.wdm.cache.ResolutionCache - Resolution chrome114.0.5735.91=126.0.6478.182 in cache (valid until 14:12:57 24/07/2024 IST)
14:14:47.368 [pool-1-thread-1] INFO io.github.bonigarcia.wdm.WebDriverManager - Using chromedriver 126.0.6478.182 (resolved driver for Chrome 114.0.5735.91)
14:14:47.389 [pool-1-thread-1] DEBUG io.github.bonigarcia.wdm.WebDriverManager - Driver chromedriver 126.0.6478.182 found in cache
14:14:47.389 [pool-1-thread-1] INFO io.github.bonigarcia.wdm.WebDriverManager - Exporting webdriver.chrome.driver as C:\Users\sagar.bisen\.cache\selenium\chromedriver\win64\126.0.6478.182\chromedriver.exe
User is on Login Page
  Given I am on the login page                 # stepdefinitions.loginsteps.iAmOnLoginPage()
  When I enter valid username and password     # stepdefinitions.loginsteps.iEnterValidUsernameAndPassword()
      java.lang.NullPointerException: Cannot invoke "org.openqa.selenium.WebDriver.findElement(org.openqa.selenium.By)" because "this.driver" is null
	at stepdefinitions.loginsteps.iEnterValidUsernameAndPassword(loginsteps.java:38)
	at âœ½.I enter valid username and password(file:///D:/AI-CopilotDemo/aicopilotdemo/src/test/resources/features/login.feature:6)

  And I click on the login button              # stepdefinitions.loginsteps.iClickOnLoginButton()
  Then I should be redirected to the home page # stepdefinitions.loginsteps.iShouldBeRedirectedToHomePage()
]]></system-out>
    <system-err><![CDATA[Jul 23, 2024 2:14:49 PM org.openqa.selenium.devtools.CdpVersionFinder findNearestMatch
WARNING: Unable to find CDP implementation matching 126
Jul 23, 2024 2:14:49 PM org.openqa.selenium.chromium.ChromiumDriver lambda$new$5
WARNING: Unable to find version of CDP to use for 126.0.6478.182. You may need to include a dependency on a specific version of the CDP using something similar to `org.seleniumhq.selenium:selenium-devtools-v86:4.14.0` where the version ("v86") matches the version of the chromium-based browser you're using and the version number of the artifact is the same as Selenium's.
]]></system-err>
  </testcase>
  <testcase name="Login with invalid credentials" classname="Login functionality" time="14.417">
    <error message="Cannot invoke &quot;org.openqa.selenium.WebDriver.findElement(org.openqa.selenium.By)&quot; because &quot;this.driver&quot; is null" type="java.lang.NullPointerException">java.lang.NullPointerException: Cannot invoke "org.openqa.selenium.WebDriver.findElement(org.openqa.selenium.By)" because "this.driver" is null
</error>
    <system-out><![CDATA[
@InvalidTest
Scenario: Login with invalid credentials     # src/test/resources/features/login.feature:11
14:15:02.888 [pool-1-thread-1] DEBUG io.github.bonigarcia.wdm.WebDriverManager - Using WebDriverManager 5.9.1
14:15:02.922 [pool-1-thread-1] DEBUG io.github.bonigarcia.wdm.cache.ResolutionCache - Resolution chrome114.0.5735.91=126.0.6478.182 in cache (valid until 14:12:57 24/07/2024 IST)
14:15:02.922 [pool-1-thread-1] INFO io.github.bonigarcia.wdm.WebDriverManager - Using chromedriver 126.0.6478.182 (resolved driver for Chrome 114.0.5735.91)
14:15:02.922 [pool-1-thread-1] DEBUG io.github.bonigarcia.wdm.WebDriverManager - Driver chromedriver 126.0.6478.182 found in cache
14:15:02.922 [pool-1-thread-1] INFO io.github.bonigarcia.wdm.WebDriverManager - Exporting webdriver.chrome.driver as C:\Users\sagar.bisen\.cache\selenium\chromedriver\win64\126.0.6478.182\chromedriver.exe
User is on Login Page
  Given I am on the login page               # stepdefinitions.loginsteps.iAmOnLoginPage()
  When I enter invalid username and password # stepdefinitions.loginsteps.iEnterInvalidUsernameAndPassword()
      java.lang.NullPointerException: Cannot invoke "org.openqa.selenium.WebDriver.findElement(org.openqa.selenium.By)" because "this.driver" is null
	at stepdefinitions.loginsteps.iEnterInvalidUsernameAndPassword(loginsteps.java:63)
	at âœ½.I enter invalid username and password(file:///D:/AI-CopilotDemo/aicopilotdemo/src/test/resources/features/login.feature:13)

  And I click on the login button            # stepdefinitions.loginsteps.iClickOnLoginButton()
  Then I should see an error message         # stepdefinitions.loginsteps.iShouldSeeAnErrorMessage()
]]></system-out>
    <system-err><![CDATA[Jul 23, 2024 2:15:04 PM org.openqa.selenium.devtools.CdpVersionFinder findNearestMatch
WARNING: Unable to find CDP implementation matching 126
Jul 23, 2024 2:15:04 PM org.openqa.selenium.chromium.ChromiumDriver lambda$new$5
WARNING: Unable to find version of CDP to use for 126.0.6478.182. You may need to include a dependency on a specific version of the CDP using something similar to `org.seleniumhq.selenium:selenium-devtools-v86:4.14.0` where the version ("v86") matches the version of the chromium-based browser you're using and the version number of the artifact is the same as Selenium's.
]]></system-err>
  </testcase>
</testsuite>